1:0:d=1998043000:PRES:mean sea level:anl:
2:247428:d=1998043000:HGT:1 mb:anl:
3:395137:d=1998043000:TMP:1 mb:anl:
4:444486:d=1998043000:RH:1 mb:anl:
7.1:836945:d=1998043000:UGRD:1 mb:anl:
7.2:836945:d=1998043000:VGRD:1 mb:anl:
10:1311779:d=1998043000:HGT:2 mb:anl:
11:1457138:d=1998043000:TMP:2 mb:anl:
12:1506162:d=1998043000:RH:2 mb:anl:
15.1:1775947:d=1998043000:UGRD:2 mb:anl:
15.2:1775947:d=1998043000:VGRD:2 mb:anl:
18:2248386:d=1998043000:HGT:3 mb:anl:
19:2392086:d=1998043000:TMP:3 mb:anl:
20:2434029:d=1998043000:RH:3 mb:anl:
23.1:2797438:d=1998043000:UGRD:3 mb:anl:
23.2:2797438:d=1998043000:VGRD:3 mb:anl:
26:3284510:d=1998043000:HGT:5 mb:anl:
27:3423210:d=1998043000:TMP:5 mb:anl:
28:3478762:d=1998043000:RH:5 mb:anl:
31.1:3844279:d=1998043000:UGRD:5 mb:anl:
31.2:3844279:d=1998043000:VGRD:5 mb:anl:
34:4346444:d=1998043000:HGT:7 mb:anl:
35:4485827:d=1998043000:TMP:7 mb:anl:
36:4536539:d=1998043000:RH:7 mb:anl:
39.1:4927562:d=1998043000:UGRD:7 mb:anl:
39.2:4927562:d=1998043000:VGRD:7 mb:anl:
42:5347462:d=1998043000:HGT:10 mb:anl:
43:5484943:d=1998043000:TMP:10 mb:anl:
44:5537712:d=1998043000:RH:10 mb:anl:
47.1:5906550:d=1998043000:UGRD:10 mb:anl:
47.2:5906550:d=1998043000:VGRD:10 mb:anl:
51:6353102:d=1998043000:HGT:20 mb:anl:
52:6518946:d=1998043000:TMP:20 mb:anl:
53:6572162:d=1998043000:RH:20 mb:anl:
56.1:6918710:d=1998043000:UGRD:20 mb:anl:
56.2:6918710:d=1998043000:VGRD:20 mb:anl:
60:7456945:d=1998043000:HGT:30 mb:anl:
61:7619306:d=1998043000:TMP:30 mb:anl:
62:7672272:d=1998043000:RH:30 mb:anl:
65.1:8010252:d=1998043000:UGRD:30 mb:anl:
65.2:8010252:d=1998043000:VGRD:30 mb:anl:
69:8661995:d=1998043000:HGT:50 mb:anl:
70:8823149:d=1998043000:TMP:50 mb:anl:
71:8878418:d=1998043000:RH:50 mb:anl:
74.1:9215526:d=1998043000:UGRD:50 mb:anl:
74.2:9215526:d=1998043000:VGRD:50 mb:anl:
78:9911998:d=1998043000:HGT:70 mb:anl:
79:10076909:d=1998043000:TMP:70 mb:anl:
80:10134965:d=1998043000:RH:70 mb:anl:
83.1:10404734:d=1998043000:UGRD:70 mb:anl:
83.2:10404734:d=1998043000:VGRD:70 mb:anl:
87:11114596:d=1998043000:HGT:100 mb:anl:
88:11282907:d=1998043000:TMP:100 mb:anl:
89:11342304:d=1998043000:RH:100 mb:anl:
92.1:11592878:d=1998043000:UGRD:100 mb:anl:
92.2:11592878:d=1998043000:VGRD:100 mb:anl:
96:12300240:d=1998043000:HGT:125 mb:anl:
97:12470056:d=1998043000:TMP:125 mb:anl:
98:12531562:d=1998043000:RH:125 mb:anl:
101.1:12921657:d=1998043000:UGRD:125 mb:anl:
101.2:12921657:d=1998043000:VGRD:125 mb:anl:
105:13668141:d=1998043000:HGT:150 mb:anl:
106:13839580:d=1998043000:TMP:150 mb:anl:
107:13900700:d=1998043000:RH:150 mb:anl:
110.1:14319005:d=1998043000:UGRD:150 mb:anl:
110.2:14319005:d=1998043000:VGRD:150 mb:anl:
114:15063389:d=1998043000:HGT:175 mb:anl:
115:15235952:d=1998043000:TMP:175 mb:anl:
116:15300910:d=1998043000:RH:175 mb:anl:
119.1:15807958:d=1998043000:UGRD:175 mb:anl:
119.2:15807958:d=1998043000:VGRD:175 mb:anl:
123:16514464:d=1998043000:HGT:200 mb:anl:
124:16687564:d=1998043000:TMP:200 mb:anl:
125:16752638:d=1998043000:RH:200 mb:anl:
128.1:17232132:d=1998043000:UGRD:200 mb:anl:
128.2:17232132:d=1998043000:VGRD:200 mb:anl:
132:17952369:d=1998043000:HGT:225 mb:anl:
133:18125217:d=1998043000:TMP:225 mb:anl:
134:18190227:d=1998043000:RH:225 mb:anl:
137.1:18708462:d=1998043000:UGRD:225 mb:anl:
137.2:18708462:d=1998043000:VGRD:225 mb:anl:
141:19360216:d=1998043000:HGT:250 mb:anl:
142:19532304:d=1998043000:TMP:250 mb:anl:
143:19597534:d=1998043000:RH:250 mb:anl:
146.1:20149071:d=1998043000:UGRD:250 mb:anl:
146.2:20149071:d=1998043000:VGRD:250 mb:anl:
150:20817501:d=1998043000:HGT:300 mb:anl:
151:20988957:d=1998043000:TMP:300 mb:anl:
152:21054473:d=1998043000:RH:300 mb:anl:
155.1:21574842:d=1998043000:UGRD:300 mb:anl:
155.2:21574842:d=1998043000:VGRD:300 mb:anl:
159:22247050:d=1998043000:HGT:350 mb:anl:
160:22418182:d=1998043000:TMP:350 mb:anl:
161:22481595:d=1998043000:RH:350 mb:anl:
164.1:23033506:d=1998043000:UGRD:350 mb:anl:
164.2:23033506:d=1998043000:VGRD:350 mb:anl:
168:23734906:d=1998043000:HGT:400 mb:anl:
169:23904871:d=1998043000:TMP:400 mb:anl:
170:23971605:d=1998043000:RH:400 mb:anl:
173.1:24558972:d=1998043000:UGRD:400 mb:anl:
173.2:24558972:d=1998043000:VGRD:400 mb:anl:
177:25271288:d=1998043000:HGT:450 mb:anl:
178:25440134:d=1998043000:TMP:450 mb:anl:
179:25506991:d=1998043000:RH:450 mb:anl:
182.1:26111730:d=1998043000:UGRD:450 mb:anl:
182.2:26111730:d=1998043000:VGRD:450 mb:anl:
186:26809948:d=1998043000:HGT:500 mb:anl:
187:27010885:d=1998043000:TMP:500 mb:anl:
188:27082597:d=1998043000:RH:500 mb:anl:
191.1:27712072:d=1998043000:UGRD:500 mb:anl:
191.2:27712072:d=1998043000:VGRD:500 mb:anl:
195:28617385:d=1998043000:HGT:550 mb:anl:
196:28817526:d=1998043000:TMP:550 mb:anl:
197:28890212:d=1998043000:RH:550 mb:anl:
200.1:29533552:d=1998043000:UGRD:550 mb:anl:
200.2:29533552:d=1998043000:VGRD:550 mb:anl:
204:30526031:d=1998043000:HGT:600 mb:anl:
205:30726175:d=1998043000:TMP:600 mb:anl:
206:30801982:d=1998043000:RH:600 mb:anl:
209.1:31463307:d=1998043000:UGRD:600 mb:anl:
209.2:31463307:d=1998043000:VGRD:600 mb:anl:
213:32461974:d=1998043000:HGT:650 mb:anl:
214:32662898:d=1998043000:TMP:650 mb:anl:
215:32744067:d=1998043000:RH:650 mb:anl:
218.1:33328689:d=1998043000:UGRD:650 mb:anl:
218.2:33328689:d=1998043000:VGRD:650 mb:anl:
222:34344270:d=1998043000:HGT:700 mb:anl:
223:34557351:d=1998043000:TMP:700 mb:anl:
224:34640273:d=1998043000:RH:700 mb:anl:
227.1:35232999:d=1998043000:UGRD:700 mb:anl:
227.2:35232999:d=1998043000:VGRD:700 mb:anl:
231:36152559:d=1998043000:HGT:750 mb:anl:
232:36366506:d=1998043000:TMP:750 mb:anl:
233:36450945:d=1998043000:RH:750 mb:anl:
236.1:37051778:d=1998043000:UGRD:750 mb:anl:
236.2:37051778:d=1998043000:VGRD:750 mb:anl:
240:37967007:d=1998043000:HGT:775 mb:anl:
241:38181624:d=1998043000:TMP:775 mb:anl:
242:38266428:d=1998043000:RH:775 mb:anl:
245.1:38870073:d=1998043000:UGRD:775 mb:anl:
245.2:38870073:d=1998043000:VGRD:775 mb:anl:
249:39780458:d=1998043000:HGT:800 mb:anl:
250:39995703:d=1998043000:TMP:800 mb:anl:
251:40081819:d=1998043000:RH:800 mb:anl:
254.1:40688001:d=1998043000:UGRD:800 mb:anl:
254.2:40688001:d=1998043000:VGRD:800 mb:anl:
258:41593838:d=1998043000:HGT:825 mb:anl:
259:41810169:d=1998043000:TMP:825 mb:anl:
260:41898509:d=1998043000:RH:825 mb:anl:
263.1:42506714:d=1998043000:UGRD:825 mb:anl:
263.2:42506714:d=1998043000:VGRD:825 mb:anl:
267:43412623:d=1998043000:HGT:850 mb:anl:
268:43630293:d=1998043000:TMP:850 mb:anl:
269:43721024:d=1998043000:RH:850 mb:anl:
272.1:44329893:d=1998043000:UGRD:850 mb:anl:
272.2:44329893:d=1998043000:VGRD:850 mb:anl:
276:45240150:d=1998043000:HGT:875 mb:anl:
277:45459316:d=1998043000:TMP:875 mb:anl:
278:45551345:d=1998043000:RH:875 mb:anl:
281.1:46159739:d=1998043000:UGRD:875 mb:anl:
281.2:46159739:d=1998043000:VGRD:875 mb:anl:
285:47142319:d=1998043000:HGT:900 mb:anl:
286:47363447:d=1998043000:TMP:900 mb:anl:
287:47456167:d=1998043000:RH:900 mb:anl:
290.1:48061923:d=1998043000:UGRD:900 mb:anl:
290.2:48061923:d=1998043000:VGRD:900 mb:anl:
294:49036095:d=1998043000:HGT:925 mb:anl:
295:49259169:d=1998043000:TMP:925 mb:anl:
296:49352224:d=1998043000:RH:925 mb:anl:
299.1:49950604:d=1998043000:UGRD:925 mb:anl:
299.2:49950604:d=1998043000:VGRD:925 mb:anl:
303:50902607:d=1998043000:HGT:950 mb:anl:
304:51128385:d=1998043000:TMP:950 mb:anl:
305:51220769:d=1998043000:RH:950 mb:anl:
308.1:51805313:d=1998043000:UGRD:950 mb:anl:
308.2:51805313:d=1998043000:VGRD:950 mb:anl:
312:52784342:d=1998043000:HGT:975 mb:anl:
313:53013467:d=1998043000:TMP:975 mb:anl:
314:53104088:d=1998043000:RH:975 mb:anl:
317.1:53667104:d=1998043000:UGRD:975 mb:anl:
317.2:53667104:d=1998043000:VGRD:975 mb:anl:
321:54588201:d=1998043000:HGT:1000 mb:anl:
322:54821498:d=1998043000:TMP:1000 mb:anl:
323:54910084:d=1998043000:RH:1000 mb:anl:
326.1:55448976:d=1998043000:UGRD:1000 mb:anl:
326.2:55448976:d=1998043000:VGRD:1000 mb:anl:
330:56305538:d=1998043000:PRES:surface:anl:
331:56524821:d=1998043000:HGT:surface:anl:
337:57230771:d=1998043000:RH:entire atmosphere (considered as a single layer):anl:
343:57973184:d=1998043000:PRES:tropopause:anl:
344:58249558:d=1998043000:HGT:tropopause:anl:
345:58506080:d=1998043000:TMP:tropopause:anl:
346.1:58594121:d=1998043000:UGRD:tropopause:anl:
346.2:58594121:d=1998043000:VGRD:tropopause:anl:
348:58980143:d=1998043000:PRES:max wind:anl:
349:59360984:d=1998043000:HGT:max wind:anl:
350.1:59750250:d=1998043000:UGRD:max wind:anl:
350.2:59750250:d=1998043000:VGRD:max wind:anl:
351:60046838:d=1998043000:TMP:max wind:anl:
352:60220977:d=1998043000:TMP:1829 m above mean sea level:anl:
353.1:60454052:d=1998043000:UGRD:1829 m above mean sea level:anl:
353.2:60454052:d=1998043000:VGRD:1829 m above mean sea level:anl:
354:60966756:d=1998043000:TMP:2743 m above mean sea level:anl:
355.1:61201185:d=1998043000:UGRD:2743 m above mean sea level:anl:
355.2:61201185:d=1998043000:VGRD:2743 m above mean sea level:anl:
356:61725500:d=1998043000:TMP:3658 m above mean sea level:anl:
357.1:61959266:d=1998043000:UGRD:3658 m above mean sea level:anl:
357.2:61959266:d=1998043000:VGRD:3658 m above mean sea level:anl:
358:62488245:d=1998043000:TMP:4572 m above mean sea level:anl:
359.1:62715868:d=1998043000:UGRD:4572 m above mean sea level:anl:
359.2:62715868:d=1998043000:VGRD:4572 m above mean sea level:anl:
360:63242464:d=1998043000:HGT:0C isotherm:anl:
361:63467159:d=1998043000:RH:0C isotherm:anl:
362:63568849:d=1998043000:HGT:highest tropospheric freezing level:anl:
363:63791764:d=1998043000:RH:highest tropospheric freezing level:anl:
364:63881600:d=1998043000:TMP:30-0 mb above ground:anl:
365:63977366:d=1998043000:RH:30-0 mb above ground:anl:
368.1:64340504:d=1998043000:UGRD:30-0 mb above ground:anl:
368.2:64340504:d=1998043000:VGRD:30-0 mb above ground:anl:
374:65291673:d=1998043000:RH:0.33-1 sigma layer:anl:
375:65371737:d=1998043000:RH:0.44-1 sigma layer:anl:
376:65449648:d=1998043000:RH:0.72-0.94 sigma layer:anl:
377:65534449:d=1998043000:RH:0.44-0.72 sigma layer:anl:
378:65622271:d=1998043000:TMP:0.995 sigma level:anl:
380:65808838:d=1998043000:RH:0.995 sigma level:anl:
381.1:65839901:d=1998043000:UGRD:0.995 sigma level:anl:
381.2:65839901:d=1998043000:VGRD:0.995 sigma level:anl:
387.1:67027126:d=1998043000:UGRD:PV=2e-06 (Km^2/kg/s) surface:anl:
387.2:67027126:d=1998043000:VGRD:PV=2e-06 (Km^2/kg/s) surface:anl:
388:67278478:d=1998043000:TMP:PV=2e-06 (Km^2/kg/s) surface:anl:
389:67398509:d=1998043000:HGT:PV=2e-06 (Km^2/kg/s) surface:anl:
390:67616589:d=1998043000:PRES:PV=2e-06 (Km^2/kg/s) surface:anl:
392.1:68026013:d=1998043000:UGRD:PV=-2e-06 (Km^2/kg/s) surface:anl:
392.2:68026013:d=1998043000:VGRD:PV=-2e-06 (Km^2/kg/s) surface:anl:
393:68262447:d=1998043000:TMP:PV=-2e-06 (Km^2/kg/s) surface:anl:
394:68429726:d=1998043000:HGT:PV=-2e-06 (Km^2/kg/s) surface:anl:
395:68639916:d=1998043000:PRES:PV=-2e-06 (Km^2/kg/s) surface:anl:
397:69033591:d=1998043000:PRMSL:mean sea level:anl:
