1:0:d=2009113018:HGT:1000 mb:anl:
2:42172:d=2009113018:HGT:975 mb:anl:
3:83234:d=2009113018:HGT:950 mb:anl:
4:123323:d=2009113018:HGT:925 mb:anl:
5:162558:d=2009113018:HGT:900 mb:anl:
6:201087:d=2009113018:HGT:850 mb:anl:
7:238536:d=2009113018:HGT:800 mb:anl:
8:275471:d=2009113018:HGT:750 mb:anl:
9:312134:d=2009113018:HGT:700 mb:anl:
10:348921:d=2009113018:HGT:650 mb:anl:
11:385590:d=2009113018:HGT:600 mb:anl:
12:422322:d=2009113018:HGT:550 mb:anl:
13:459566:d=2009113018:HGT:500 mb:anl:
14:497541:d=2009113018:HGT:450 mb:anl:
15:536355:d=2009113018:HGT:400 mb:anl:
16:575974:d=2009113018:HGT:350 mb:anl:
17:616127:d=2009113018:HGT:300 mb:anl:
18:656324:d=2009113018:HGT:250 mb:anl:
19:695668:d=2009113018:HGT:200 mb:anl:
20:733538:d=2009113018:HGT:150 mb:anl:
21:770386:d=2009113018:HGT:100 mb:anl:
22:805929:d=2009113018:HGT:70 mb:anl:
23:840442:d=2009113018:HGT:50 mb:anl:
24:874288:d=2009113018:HGT:30 mb:anl:
25:908863:d=2009113018:HGT:20 mb:anl:
26:944898:d=2009113018:HGT:10 mb:anl:
27:982345:d=2009113018:TMP:1000 mb:anl:
28:1008161:d=2009113018:TMP:975 mb:anl:
29:1033847:d=2009113018:TMP:950 mb:anl:
30:1059420:d=2009113018:TMP:925 mb:anl:
31:1084882:d=2009113018:TMP:900 mb:anl:
32:1110390:d=2009113018:TMP:850 mb:anl:
33:1135613:d=2009113018:TMP:800 mb:anl:
34:1160167:d=2009113018:TMP:750 mb:anl:
35:1184450:d=2009113018:TMP:700 mb:anl:
36:1208376:d=2009113018:TMP:650 mb:anl:
37:1232134:d=2009113018:TMP:600 mb:anl:
38:1255065:d=2009113018:TMP:550 mb:anl:
39:1277493:d=2009113018:TMP:500 mb:anl:
40:1300150:d=2009113018:TMP:450 mb:anl:
41:1321867:d=2009113018:TMP:400 mb:anl:
42:1343604:d=2009113018:TMP:350 mb:anl:
43:1364453:d=2009113018:TMP:300 mb:anl:
44:1386290:d=2009113018:TMP:250 mb:anl:
45:1408012:d=2009113018:TMP:200 mb:anl:
46:1429353:d=2009113018:TMP:150 mb:anl:
47:1449823:d=2009113018:TMP:100 mb:anl:
48:1470512:d=2009113018:TMP:70 mb:anl:
49:1491506:d=2009113018:TMP:50 mb:anl:
50:1512230:d=2009113018:TMP:30 mb:anl:
51:1532568:d=2009113018:TMP:20 mb:anl:
52:1553571:d=2009113018:TMP:10 mb:anl:
74:2626305:d=2009113018:RH:1000 mb:anl:
75:2654329:d=2009113018:RH:975 mb:anl:
76:2683423:d=2009113018:RH:950 mb:anl:
77:2714009:d=2009113018:RH:925 mb:anl:
78:2746013:d=2009113018:RH:900 mb:anl:
79:2779052:d=2009113018:RH:850 mb:anl:
80:2813708:d=2009113018:RH:800 mb:anl:
81:2849436:d=2009113018:RH:750 mb:anl:
82:2885998:d=2009113018:RH:700 mb:anl:
83:2922921:d=2009113018:RH:650 mb:anl:
84:2960213:d=2009113018:RH:600 mb:anl:
85:2996985:d=2009113018:RH:550 mb:anl:
86:3033505:d=2009113018:RH:500 mb:anl:
87:3070478:d=2009113018:RH:450 mb:anl:
88:3107059:d=2009113018:RH:400 mb:anl:
89:3144271:d=2009113018:RH:350 mb:anl:
90:3180727:d=2009113018:RH:300 mb:anl:
91:3216972:d=2009113018:RH:250 mb:anl:
92:3250702:d=2009113018:RH:200 mb:anl:
93:3280741:d=2009113018:RH:150 mb:anl:
94:3300823:d=2009113018:RH:100 mb:anl:
149.1:5050388:d=2009113018:UGRD:1000 mb:anl:
149.2:5050388:d=2009113018:VGRD:1000 mb:anl:
150.1:5114141:d=2009113018:UGRD:975 mb:anl:
150.2:5114141:d=2009113018:VGRD:975 mb:anl:
151.1:5179186:d=2009113018:UGRD:950 mb:anl:
151.2:5179186:d=2009113018:VGRD:950 mb:anl:
152.1:5244758:d=2009113018:UGRD:925 mb:anl:
152.2:5244758:d=2009113018:VGRD:925 mb:anl:
153.1:5310547:d=2009113018:UGRD:900 mb:anl:
153.2:5310547:d=2009113018:VGRD:900 mb:anl:
154.1:5376420:d=2009113018:UGRD:850 mb:anl:
154.2:5376420:d=2009113018:VGRD:850 mb:anl:
155.1:5442745:d=2009113018:UGRD:800 mb:anl:
155.2:5442745:d=2009113018:VGRD:800 mb:anl:
156.1:5509671:d=2009113018:UGRD:750 mb:anl:
156.2:5509671:d=2009113018:VGRD:750 mb:anl:
157.1:5576909:d=2009113018:UGRD:700 mb:anl:
157.2:5576909:d=2009113018:VGRD:700 mb:anl:
158.1:5644391:d=2009113018:UGRD:650 mb:anl:
158.2:5644391:d=2009113018:VGRD:650 mb:anl:
159.1:5711795:d=2009113018:UGRD:600 mb:anl:
159.2:5711795:d=2009113018:VGRD:600 mb:anl:
160.1:5778612:d=2009113018:UGRD:550 mb:anl:
160.2:5778612:d=2009113018:VGRD:550 mb:anl:
161.1:5845866:d=2009113018:UGRD:500 mb:anl:
161.2:5845866:d=2009113018:VGRD:500 mb:anl:
162.1:5914405:d=2009113018:UGRD:450 mb:anl:
162.2:5914405:d=2009113018:VGRD:450 mb:anl:
163.1:5983233:d=2009113018:UGRD:400 mb:anl:
163.2:5983233:d=2009113018:VGRD:400 mb:anl:
164.1:6054124:d=2009113018:UGRD:350 mb:anl:
164.2:6054124:d=2009113018:VGRD:350 mb:anl:
165.1:6125119:d=2009113018:UGRD:300 mb:anl:
165.2:6125119:d=2009113018:VGRD:300 mb:anl:
166.1:6197205:d=2009113018:UGRD:250 mb:anl:
166.2:6197205:d=2009113018:VGRD:250 mb:anl:
167.1:6265855:d=2009113018:UGRD:200 mb:anl:
167.2:6265855:d=2009113018:VGRD:200 mb:anl:
168.1:6330766:d=2009113018:UGRD:150 mb:anl:
168.2:6330766:d=2009113018:VGRD:150 mb:anl:
169.1:6390482:d=2009113018:UGRD:100 mb:anl:
169.2:6390482:d=2009113018:VGRD:100 mb:anl:
170.1:6446531:d=2009113018:UGRD:70 mb:anl:
170.2:6446531:d=2009113018:VGRD:70 mb:anl:
171.1:6501499:d=2009113018:UGRD:50 mb:anl:
171.2:6501499:d=2009113018:VGRD:50 mb:anl:
172.1:6554891:d=2009113018:UGRD:30 mb:anl:
172.2:6554891:d=2009113018:VGRD:30 mb:anl:
173.1:6605855:d=2009113018:UGRD:20 mb:anl:
173.2:6605855:d=2009113018:VGRD:20 mb:anl:
174.1:6657481:d=2009113018:UGRD:10 mb:anl:
174.2:6657481:d=2009113018:VGRD:10 mb:anl:
175:6711096:d=2009113018:TMP:30-0 mb above ground:anl:
176:6745015:d=2009113018:RH:30-0 mb above ground:anl:
178.1:6820467:d=2009113018:UGRD:30-0 mb above ground:anl:
178.2:6820467:d=2009113018:VGRD:30-0 mb above ground:anl:
179:6899330:d=2009113018:TMP:1829 m above mean sea level:anl:
180:6930074:d=2009113018:TMP:2743 m above mean sea level:anl:
181:6959785:d=2009113018:TMP:3658 m above mean sea level:anl:
182.1:6988302:d=2009113018:UGRD:1829 m above mean sea level:anl:
182.2:6988302:d=2009113018:VGRD:1829 m above mean sea level:anl:
183.1:7069146:d=2009113018:UGRD:2743 m above mean sea level:anl:
183.2:7069146:d=2009113018:VGRD:2743 m above mean sea level:anl:
184.1:7150231:d=2009113018:UGRD:3658 m above mean sea level:anl:
184.2:7150231:d=2009113018:VGRD:3658 m above mean sea level:anl:
185:7229989:d=2009113018:HGT:PV=2e-06 (Km^2/kg/s) surface:anl:
186:7298077:d=2009113018:HGT:PV=-2e-06 (Km^2/kg/s) surface:anl:
187:7366973:d=2009113018:TMP:PV=2e-06 (Km^2/kg/s) surface:anl:
188:7401902:d=2009113018:TMP:PV=-2e-06 (Km^2/kg/s) surface:anl:
189:7437176:d=2009113018:PRES:PV=2e-06 (Km^2/kg/s) surface:anl:
190:7498350:d=2009113018:PRES:PV=-2e-06 (Km^2/kg/s) surface:anl:
193.1:7639779:d=2009113018:UGRD:PV=2e-06 (Km^2/kg/s) surface:anl:
193.2:7639779:d=2009113018:VGRD:PV=2e-06 (Km^2/kg/s) surface:anl:
194.1:7704659:d=2009113018:UGRD:PV=-2e-06 (Km^2/kg/s) surface:anl:
194.2:7704659:d=2009113018:VGRD:PV=-2e-06 (Km^2/kg/s) surface:anl:
195:7769369:d=2009113018:PRES:surface:anl:
197:7885107:d=2009113018:RH:entire atmosphere (considered as a single layer):anl:
198:7906713:d=2009113018:HGT:tropopause:anl:
199:8002156:d=2009113018:TMP:tropopause:anl:
200:8035042:d=2009113018:PRES:tropopause:anl:
208:8355818:d=2009113018:HGT:max wind:anl:
209:8473428:d=2009113018:TMP:max wind:anl:
210:8526499:d=2009113018:PRES:max wind:anl:
211:8630505:d=2009113018:HGT:surface:anl:
212:8699041:d=2009113018:PRMSL:mean sea level:anl:
213:8738168:d=2009113018:RH:0.44-1 sigma layer:anl:
214:8767456:d=2009113018:RH:0.72-0.94 sigma layer:anl:
215:8799165:d=2009113018:RH:0.44-0.72 sigma layer:anl:
216:8832337:d=2009113018:RH:0.33-1 sigma layer:anl:
218:8893744:d=2009113018:TMP:0.995 sigma level:anl:
220:8986967:d=2009113018:RH:0.995 sigma level:anl:
223:9084432:d=2009113018:HGT:0C isotherm:anl:
224:9163975:d=2009113018:RH:0C isotherm:anl:
225:9199017:d=2009113018:HGT:highest tropospheric freezing level:anl:
226:9278416:d=2009113018:RH:highest tropospheric freezing level:anl:
227.1:9313460:d=2009113018:UGRD:tropopause:anl:
227.2:9313460:d=2009113018:VGRD:tropopause:anl:
228.1:9397821:d=2009113018:UGRD:max wind:anl:
228.2:9397821:d=2009113018:VGRD:max wind:anl:
229.1:9494097:d=2009113018:UGRD:0.995 sigma level:anl:
229.2:9494097:d=2009113018:VGRD:0.995 sigma level:anl:
230:9571824:d=2009113018:TMP:surface:anl:
231:9605150:d=2009113018:SOILW:0-0.1 m below ground:anl:
232:9629367:d=2009113018:SOILW:0.1-0.4 m below ground:anl:
233:9652302:d=2009113018:SOILW:0.4-1 m below ground:anl:
234:9674904:d=2009113018:SOILW:1-2 m below ground:anl:
235:9696890:d=2009113018:TMP:0-0.1 m below ground:anl:
236:9722129:d=2009113018:TMP:0.1-0.4 m below ground:anl:
237:9747032:d=2009113018:TMP:0.4-1 m below ground:anl:
238:9771452:d=2009113018:TMP:1-2 m below ground:anl:
239:9795343:d=2009113018:WEASD:surface:anl:
240:9808166:d=2009113018:LAND:surface:anl:
241:9810860:d=2009113018:ICEC:surface:anl:
242:9819808:d=2009113018:TMP:2 m above ground:anl:
246:9995774:d=2009113018:RH:2 m above ground:anl:
247.1:10022393:d=2009113018:UGRD:10 m above ground:anl:
247.2:10022393:d=2009113018:VGRD:10 m above ground:anl:
