1:0:d=1998040100:UFLX:surface:0-6 hour ave fcst:
2:292183:d=1998040100:VFLX:surface:0-6 hour ave fcst:
3:577187:d=1998040100:SHTFL:surface:0-6 hour ave fcst:
4:820326:d=1998040100:LHTFL:surface:0-6 hour ave fcst:
5:1070730:d=1998040100:TMP:surface:6 hour fcst:
6:1685172:d=1998040100:SOILW:0-0.1 m below ground:6 hour fcst:
7:1959176:d=1998040100:SOILW:0.1-0.4 m below ground:6 hour fcst:
8:2235653:d=1998040100:TMP:0-0.1 m below ground:6 hour fcst:
9:2581756:d=1998040100:TMP:0.1-0.4 m below ground:6 hour fcst:
10:2922726:d=1998040100:WEASD:surface:6 hour fcst:
11:3169080:d=1998040100:DLWRF:surface:0-6 hour ave fcst:
12:3868354:d=1998040100:ULWRF:surface:0-6 hour ave fcst:
13:4048905:d=1998040100:ULWRF:top of atmosphere:0-6 hour ave fcst:
14:4251614:d=1998040100:USWRF:top of atmosphere:0-6 hour ave fcst:
15:4446691:d=1998040100:USWRF:surface:0-6 hour ave fcst:
16:4581473:d=1998040100:DSWRF:surface:0-6 hour ave fcst:
17:5048378:d=1998040100:DUVB:surface:0-6 hour ave fcst:
18:5258650:d=1998040100:CDUVB:surface:0-6 hour ave fcst:
19:5375577:d=1998040100:TCDC:high cloud layer:0-6 hour ave fcst:
20:5556188:d=1998040100:PRES:high cloud top level:0-6 hour ave fcst:
21:6027876:d=1998040100:PRES:high cloud bottom level:0-6 hour ave fcst:
22:6513025:d=1998040100:TMP:high cloud top level:0-6 hour ave fcst:
23:7184656:d=1998040100:TCDC:middle cloud layer:0-6 hour ave fcst:
24:7354711:d=1998040100:PRES:middle cloud top level:0-6 hour ave fcst:
25:7827994:d=1998040100:PRES:middle cloud bottom level:0-6 hour ave fcst:
26:8309585:d=1998040100:TMP:middle cloud top level:0-6 hour ave fcst:
27:8924974:d=1998040100:TCDC:low cloud layer:0-6 hour ave fcst:
28:9152089:d=1998040100:PRES:low cloud top level:0-6 hour ave fcst:
29:9757335:d=1998040100:PRES:low cloud bottom level:0-6 hour ave fcst:
30:10330037:d=1998040100:TMP:low cloud top level:0-6 hour ave fcst:
31:11079089:d=1998040100:PRATE:surface:0-6 hour ave fcst:
32:11309756:d=1998040100:CPRAT:surface:0-6 hour ave fcst:
33:11446681:d=1998040100:GFLUX:surface:0-6 hour ave fcst:
34:11648161:d=1998040100:LAND:surface:6 hour fcst:
35:11658671:d=1998040100:ICEC:surface:6 hour fcst:
36.1:11728286:d=1998040100:UGRD:10 m above ground:6 hour fcst:
36.2:11728286:d=1998040100:VGRD:10 m above ground:6 hour fcst:
37:12494072:d=1998040100:TMP:2 m above ground:6 hour fcst:
38:13059459:d=1998040100:SPFH:2 m above ground:6 hour fcst:
39:13578085:d=1998040100:PRES:surface:6 hour fcst:
40:13871590:d=1998040100:TMAX:2 m above ground:0-6 hour fcst:
41:14074909:d=1998040100:TMIN:2 m above ground:0-6 hour fcst:
42:14286973:d=1998040100:QMAX:2 m above ground:0-6 hour missing fcst:
43:14595490:d=1998040100:QMIN:2 m above ground:0-6 hour missing fcst:
44:14897601:d=1998040100:WATR:surface:0-6 hour acc fcst:
45:15074625:d=1998040100:PEVPR:surface:0-6 hour ave fcst:
46:15300962:d=1998040100:CWORK:entire atmosphere (considered as a single layer):0-6 hour ave fcst:
47:15439516:d=1998040100:U-GWD:surface:0-6 hour ave fcst:
48:15613443:d=1998040100:V-GWD:surface:0-6 hour ave fcst:
49:15790335:d=1998040100:HPBL:surface:6 hour fcst:
50:16240625:d=1998040100:PWAT:entire atmosphere (considered as a single layer):6 hour fcst:
51:16428404:d=1998040100:ALBDO:surface:0-6 hour ave fcst:
52:16641595:d=1998040100:TCDC:entire atmosphere (considered as a single layer):0-6 hour ave fcst:
53:16887740:d=1998040100:TCDC:convective cloud layer:6 hour fcst:
54:17000987:d=1998040100:PRES:convective cloud top level:6 hour fcst:
55:17165238:d=1998040100:PRES:convective cloud bottom level:6 hour fcst:
56:17312448:d=1998040100:TCDC:boundary layer cloud layer:0-6 hour ave fcst:
57:17490016:d=1998040100:ICETK:surface:6 hour fcst:
58:17619005:d=1998040100:SOILW:0.4-1 m below ground:6 hour fcst:
59:17899116:d=1998040100:SOILW:1-2 m below ground:6 hour fcst:
60:18174234:d=1998040100:TMP:0.4-1 m below ground:6 hour fcst:
61:18514164:d=1998040100:TMP:1-2 m below ground:6 hour fcst:
62:18852076:d=1998040100:SOILL:0-0.1 m below ground:6 hour fcst:
63:19122961:d=1998040100:SOILL:0.1-0.4 m below ground:6 hour fcst:
64:19397035:d=1998040100:SOILL:0.4-1 m below ground:6 hour fcst:
65:19672569:d=1998040100:SOILL:1-2 m below ground:6 hour fcst:
66:19944400:d=1998040100:SNOD:surface:6 hour fcst:
67:20190707:d=1998040100:CNWAT:surface:6 hour fcst:
68:20483372:d=1998040100:SFCR:surface:6 hour fcst:
69:20709906:d=1998040100:VEG:surface:6 hour fcst:
70:20963787:d=1998040100:VGTYP:surface:6 hour fcst:
71:21113299:d=1998040100:SOTYP:surface:6 hour fcst:
72:21266063:d=1998040100:SLTYP:surface:6 hour fcst:
73:21387821:d=1998040100:FRICV:surface:6 hour fcst:
74:21763320:d=1998040100:HGT:surface:6 hour fcst:
75:22248207:d=1998040100:CRAIN:surface:6 hour fcst:
76:22335645:d=1998040100:SFEXC:surface:6 hour fcst:
77:22687537:d=1998040100:VEGT:surface:6 hour fcst:
78:23028077:d=1998040100:PEVPR:surface:6 hour fcst:
79:23252518:d=1998040100:DLWRF:surface:6 hour fcst:
80:23983013:d=1998040100:ULWRF:surface:6 hour fcst:
81:24166067:d=1998040100:USWRF:surface:6 hour fcst:
82:24288332:d=1998040100:DSWRF:surface:6 hour fcst:
83:24654250:d=1998040100:SHTFL:surface:6 hour fcst:
84:24909703:d=1998040100:LHTFL:surface:6 hour fcst:
85:25172357:d=1998040100:GFLUX:surface:6 hour fcst:
86:25379366:d=1998040100:SSRUN:surface:0-6 hour acc fcst:
87:25527250:d=1998040100:TMP:1 hybrid level:6 hour fcst:
88:26054140:d=1998040100:SPFH:1 hybrid level:6 hour fcst:
89.1:26520792:d=1998040100:UGRD:1 hybrid level:6 hour fcst:
89.2:26520792:d=1998040100:VGRD:1 hybrid level:6 hour fcst:
90:27197703:d=1998040100:HGT:1 hybrid level:6 hour fcst:
91:27470183:d=1998040100:EVBS:surface:0-6 hour ave fcst:
92:27606265:d=1998040100:AKHS:surface:0-6 hour ave fcst:
93:27734374:d=1998040100:AKMS:surface:0-6 hour ave fcst:
94:27852153:d=1998040100:SBSNO:surface:0-6 hour ave fcst:
95:27989218:d=1998040100:SNOWC:surface:0-6 hour ave fcst:
96:28166970:d=1998040100:SOILM:0-2 m below ground:6 hour fcst:
97:28483127:d=1998040100:DSWRF:top of atmosphere:0-6 hour ave fcst:
98:28579041:d=1998040100:CSULF:top of atmosphere:0-6 hour ave fcst:
99:28716338:d=1998040100:CSUSF:top of atmosphere:0-6 hour ave fcst:
100:28829953:d=1998040100:CSDLF:surface:0-6 hour ave fcst:
101:28978755:d=1998040100:CSUSF:surface:0-6 hour ave fcst:
102:29085497:d=1998040100:CSDSF:surface:0-6 hour ave fcst:
103:29181418:d=1998040100:CSULF:surface:0-6 hour ave fcst:
104:29361559:d=1998040100:SNOHF:surface:0-6 hour ave fcst:
