El experimento abarca desde 2018-11-20 00:00:00 hasta 2018-11-20 06:00:00
Se hicieron 1 pasos de asimilacion y resta hacer 71
Corriendo el primer paso de asimilacion
Ejecutando paso: 1
Vamos a ejecutar el real, el da_upbdate_bc y el wrf

real	0m17.099s
user	0m1.017s
sys	0m1.901s
Vamos a ejecutar el LETKF

real	0m3.189s
user	0m0.324s
sys	0m0.470s
Corriendo el primer paso de asimilacion
Ejecutando paso: 2
Vamos a ejecutar el real, el da_upbdate_bc y el wrf

real	2m55.076s
user	0m0.996s
sys	0m1.739s
Vamos a ejecutar el LETKF

real	0m1.134s
user	0m0.344s
sys	0m0.393s
Corriendo el primer paso de asimilacion
Ejecutando paso: 3
Vamos a ejecutar el real, el da_upbdate_bc y el wrf

real	1m1.314s
user	0m0.993s
sys	0m1.644s
Vamos a ejecutar el LETKF

real	0m1.160s
user	0m0.334s
sys	0m0.385s
Corriendo el primer paso de asimilacion
Ejecutando paso: 4
Vamos a ejecutar el real, el da_upbdate_bc y el wrf

real	1m1.192s
user	0m1.001s
sys	0m1.748s
Vamos a ejecutar el LETKF

real	0m1.176s
user	0m0.273s
sys	0m0.459s
Corriendo el primer paso de asimilacion
Ejecutando paso: 5
Vamos a ejecutar el real, el da_upbdate_bc y el wrf

real	1m11.815s
user	0m1.017s
sys	0m1.636s
Vamos a ejecutar el LETKF

real	0m1.070s
user	0m0.328s
sys	0m0.391s
Corriendo el primer paso de asimilacion
Ejecutando paso: 6
Vamos a ejecutar el real, el da_upbdate_bc y el wrf

real	1m1.309s
user	0m1.003s
sys	0m1.649s
Vamos a ejecutar el LETKF

real	0m1.153s
user	0m0.329s
sys	0m0.393s
Corriendo el primer paso de asimilacion
Ejecutando paso: 7
Vamos a ejecutar el real, el da_upbdate_bc y el wrf

real	1m1.379s
user	0m0.914s
sys	0m1.746s
Vamos a ejecutar el LETKF

real	0m1.176s
user	0m0.315s
sys	0m0.415s
Corriendo el primer paso de asimilacion
Ejecutando paso: 8
Vamos a ejecutar el real, el da_upbdate_bc y el wrf

real	1m1.253s
user	0m1.029s
sys	0m1.601s
Vamos a ejecutar el LETKF

real	0m1.194s
user	0m0.315s
sys	0m0.430s
Corriendo el primer paso de asimilacion
Ejecutando paso: 9
Vamos a ejecutar el real, el da_upbdate_bc y el wrf

real	1m12.888s
user	0m0.940s
sys	0m1.684s
Vamos a ejecutar el LETKF

real	0m1.160s
user	0m0.316s
sys	0m0.408s
Corriendo el primer paso de asimilacion
Ejecutando paso: 10
Vamos a ejecutar el real, el da_upbdate_bc y el wrf

real	1m1.699s
user	0m0.907s
sys	0m1.726s
Vamos a ejecutar el LETKF

real	0m1.130s
user	0m0.278s
sys	0m0.447s
Corriendo el primer paso de asimilacion
Ejecutando paso: 11
Vamos a ejecutar el real, el da_upbdate_bc y el wrf

real	1m1.558s
user	0m0.975s
sys	0m1.671s
Vamos a ejecutar el LETKF

real	0m1.199s
user	0m0.338s
sys	0m0.393s
Corriendo el primer paso de asimilacion
Ejecutando paso: 12
Vamos a ejecutar el real, el da_upbdate_bc y el wrf

real	1m1.549s
user	0m1.066s
sys	0m1.567s
Vamos a ejecutar el LETKF

real	0m1.117s
user	0m0.356s
sys	0m0.352s
Corriendo el primer paso de asimilacion
Ejecutando paso: 13
Vamos a ejecutar el real, el da_upbdate_bc y el wrf

real	1m1.119s
user	0m0.970s
sys	0m1.667s
Vamos a ejecutar el LETKF

real	0m1.142s
user	0m0.305s
sys	0m0.417s
Corriendo el primer paso de asimilacion
Ejecutando paso: 14
Vamos a ejecutar el real, el da_upbdate_bc y el wrf

real	1m2.052s
user	0m0.969s
sys	0m1.668s
Vamos a ejecutar el LETKF

real	0m1.133s
user	0m0.313s
sys	0m0.407s
Corriendo el primer paso de asimilacion
Ejecutando paso: 15
Vamos a ejecutar el real, el da_upbdate_bc y el wrf

real	1m1.630s
user	0m0.903s
sys	0m1.712s
Vamos a ejecutar el LETKF

real	0m1.135s
user	0m0.361s
sys	0m0.375s
Corriendo el primer paso de asimilacion
Ejecutando paso: 16
Vamos a ejecutar el real, el da_upbdate_bc y el wrf

real	1m2.037s
user	0m0.925s
sys	0m1.752s
Vamos a ejecutar el LETKF

real	0m1.385s
user	0m0.298s
sys	0m0.437s
Corriendo el primer paso de asimilacion
Ejecutando paso: 17
Vamos a ejecutar el real, el da_upbdate_bc y el wrf

real	1m11.230s
user	0m1.059s
sys	0m1.700s
Vamos a ejecutar el LETKF

real	0m1.078s
user	0m0.334s
sys	0m0.404s
Corriendo el primer paso de asimilacion
Ejecutando paso: 18
Vamos a ejecutar el real, el da_upbdate_bc y el wrf

real	1m1.254s
user	0m1.036s
sys	0m1.732s
Vamos a ejecutar el LETKF

real	0m1.091s
user	0m0.290s
sys	0m0.422s
Corriendo el primer paso de asimilacion
Ejecutando paso: 19
Vamos a ejecutar el real, el da_upbdate_bc y el wrf

real	1m1.856s
user	0m0.943s
sys	0m1.733s
Vamos a ejecutar el LETKF

real	0m1.093s
user	0m0.324s
sys	0m0.387s
Corriendo el primer paso de asimilacion
Ejecutando paso: 20
Vamos a ejecutar el real, el da_upbdate_bc y el wrf

real	1m1.339s
user	0m0.991s
sys	0m1.818s
Vamos a ejecutar el LETKF

real	0m1.079s
user	0m0.319s
sys	0m0.392s
Corriendo el primer paso de asimilacion
Ejecutando paso: 21
Vamos a ejecutar el real, el da_upbdate_bc y el wrf

real	1m1.883s
user	0m1.022s
sys	0m1.757s
Vamos a ejecutar el LETKF

real	0m1.149s
user	0m0.363s
sys	0m0.378s
Corriendo el primer paso de asimilacion
Ejecutando paso: 22
Vamos a ejecutar el real, el da_upbdate_bc y el wrf

real	1m0.961s
user	0m1.015s
sys	0m1.700s
Vamos a ejecutar el LETKF

real	0m1.151s
user	0m0.296s
sys	0m0.438s
Corriendo el primer paso de asimilacion
Ejecutando paso: 23
Vamos a ejecutar el real, el da_upbdate_bc y el wrf

real	1m1.781s
user	0m0.876s
sys	0m1.785s
Vamos a ejecutar el LETKF

real	0m1.155s
user	0m0.333s
sys	0m0.408s
Corriendo el primer paso de asimilacion
Ejecutando paso: 24
Vamos a ejecutar el real, el da_upbdate_bc y el wrf

real	1m1.447s
user	0m1.010s
sys	0m1.615s
Vamos a ejecutar el LETKF

real	0m1.126s
user	0m0.306s
sys	0m0.415s
Corriendo el primer paso de asimilacion
Ejecutando paso: 25
Vamos a ejecutar el real, el da_upbdate_bc y el wrf

real	1m1.174s
user	0m0.970s
sys	0m1.680s
Vamos a ejecutar el LETKF

real	0m1.658s
user	0m0.350s
sys	0m0.386s
Corriendo el primer paso de asimilacion
Ejecutando paso: 26
Vamos a ejecutar el real, el da_upbdate_bc y el wrf

real	1m2.429s
user	0m0.884s
sys	0m1.751s
Vamos a ejecutar el LETKF

real	0m1.226s
user	0m0.326s
sys	0m0.397s
Corriendo el primer paso de asimilacion
Ejecutando paso: 27
Vamos a ejecutar el real, el da_upbdate_bc y el wrf

real	1m7.032s
user	0m0.962s
sys	0m1.635s
Vamos a ejecutar el LETKF

real	0m1.199s
user	0m0.307s
sys	0m0.428s
Corriendo el primer paso de asimilacion
Ejecutando paso: 28
Vamos a ejecutar el real, el da_upbdate_bc y el wrf

real	1m5.386s
user	0m0.942s
sys	0m1.737s
Vamos a ejecutar el LETKF

real	0m4.333s
user	0m0.328s
sys	0m0.399s
Corriendo el primer paso de asimilacion
Ejecutando paso: 29
Vamos a ejecutar el real, el da_upbdate_bc y el wrf

real	1m1.517s
user	0m0.972s
sys	0m1.656s
Vamos a ejecutar el LETKF

real	0m1.130s
user	0m0.321s
sys	0m0.414s
Corriendo el primer paso de asimilacion
Ejecutando paso: 30
Vamos a ejecutar el real, el da_upbdate_bc y el wrf

real	1m1.309s
user	0m0.901s
sys	0m1.747s
Vamos a ejecutar el LETKF

real	0m1.312s
user	0m0.361s
sys	0m0.374s
Corriendo el primer paso de asimilacion
Ejecutando paso: 31
Vamos a ejecutar el real, el da_upbdate_bc y el wrf

real	1m1.569s
user	0m1.021s
sys	0m1.634s
Vamos a ejecutar el LETKF

real	0m1.336s
user	0m0.344s
sys	0m0.380s
Corriendo el primer paso de asimilacion
Ejecutando paso: 32
Vamos a ejecutar el real, el da_upbdate_bc y el wrf

real	1m1.249s
user	0m0.889s
sys	0m1.755s
Vamos a ejecutar el LETKF

real	0m1.396s
user	0m0.365s
sys	0m0.357s
Corriendo el primer paso de asimilacion
Ejecutando paso: 33
Vamos a ejecutar el real, el da_upbdate_bc y el wrf

real	1m1.846s
user	0m0.958s
sys	0m1.663s
Vamos a ejecutar el LETKF

real	0m1.233s
user	0m0.359s
sys	0m0.378s
Corriendo el primer paso de asimilacion
Ejecutando paso: 34
Vamos a ejecutar el real, el da_upbdate_bc y el wrf

real	1m1.838s
user	0m0.966s
sys	0m1.669s
Vamos a ejecutar el LETKF

real	0m1.179s
user	0m0.359s
sys	0m0.373s
Corriendo el primer paso de asimilacion
Ejecutando paso: 35
Vamos a ejecutar el real, el da_upbdate_bc y el wrf

real	1m1.148s
user	0m0.815s
sys	0m1.831s
Vamos a ejecutar el LETKF

real	0m1.141s
user	0m0.323s
sys	0m0.406s
Corriendo el primer paso de asimilacion
Ejecutando paso: 36
Vamos a ejecutar el real, el da_upbdate_bc y el wrf

real	1m1.686s
user	0m0.888s
sys	0m1.748s
Vamos a ejecutar el LETKF

real	0m1.775s
user	0m0.300s
sys	0m0.428s
Corriendo el primer paso de asimilacion
Ejecutando paso: 37
Vamos a ejecutar el real, el da_upbdate_bc y el wrf

real	1m1.280s
user	0m0.919s
sys	0m1.742s
Vamos a ejecutar el LETKF

real	0m1.178s
user	0m0.327s
sys	0m0.403s
Corriendo el primer paso de asimilacion
Ejecutando paso: 38
Vamos a ejecutar el real, el da_upbdate_bc y el wrf

real	1m1.514s
user	0m1.006s
sys	0m1.665s
Vamos a ejecutar el LETKF

real	0m1.225s
user	0m0.311s
sys	0m0.418s
Corriendo el primer paso de asimilacion
Ejecutando paso: 39
Vamos a ejecutar el real, el da_upbdate_bc y el wrf

real	1m1.219s
user	0m0.984s
sys	0m1.633s
Vamos a ejecutar el LETKF

real	0m1.205s
user	0m0.285s
sys	0m0.458s
Corriendo el primer paso de asimilacion
Ejecutando paso: 40
Vamos a ejecutar el real, el da_upbdate_bc y el wrf

real	1m3.205s
user	0m1.024s
sys	0m1.638s
Vamos a ejecutar el LETKF

real	0m2.489s
user	0m0.323s
sys	0m0.414s
Corriendo el primer paso de asimilacion
Ejecutando paso: 41
Vamos a ejecutar el real, el da_upbdate_bc y el wrf

real	1m1.777s
user	0m0.860s
sys	0m1.793s
Vamos a ejecutar el LETKF

real	0m1.145s
user	0m0.330s
sys	0m0.392s
Corriendo el primer paso de asimilacion
Ejecutando paso: 42
Vamos a ejecutar el real, el da_upbdate_bc y el wrf

real	1m2.278s
user	0m0.973s
sys	0m1.708s
Vamos a ejecutar el LETKF

real	0m2.184s
user	0m0.321s
sys	0m0.441s
Corriendo el primer paso de asimilacion
Ejecutando paso: 43
Vamos a ejecutar el real, el da_upbdate_bc y el wrf

real	1m1.271s
user	0m0.972s
sys	0m1.719s
Vamos a ejecutar el LETKF

real	0m1.112s
user	0m0.287s
sys	0m0.441s
Corriendo el primer paso de asimilacion
Ejecutando paso: 44
Vamos a ejecutar el real, el da_upbdate_bc y el wrf

real	1m14.344s
user	0m0.948s
sys	0m1.716s
Vamos a ejecutar el LETKF

real	0m1.170s
user	0m0.312s
sys	0m0.413s
Corriendo el primer paso de asimilacion
Ejecutando paso: 45
Vamos a ejecutar el real, el da_upbdate_bc y el wrf

real	1m1.221s
user	0m0.962s
sys	0m1.636s
Vamos a ejecutar el LETKF

real	0m1.164s
user	0m0.319s
sys	0m0.405s
Corriendo el primer paso de asimilacion
Ejecutando paso: 46
Vamos a ejecutar el real, el da_upbdate_bc y el wrf

real	1m1.626s
user	0m0.902s
sys	0m1.715s
Vamos a ejecutar el LETKF

real	0m1.242s
user	0m0.319s
sys	0m0.408s
Corriendo el primer paso de asimilacion
Ejecutando paso: 47
Vamos a ejecutar el real, el da_upbdate_bc y el wrf

real	1m1.673s
user	0m1.028s
sys	0m1.639s
Vamos a ejecutar el LETKF

real	0m1.171s
user	0m0.354s
sys	0m0.360s
Corriendo el primer paso de asimilacion
Ejecutando paso: 48
Vamos a ejecutar el real, el da_upbdate_bc y el wrf

real	1m1.745s
user	0m1.089s
sys	0m1.538s
Vamos a ejecutar el LETKF

real	0m1.172s
user	0m0.311s
sys	0m0.441s
Corriendo el primer paso de asimilacion
Ejecutando paso: 49
Vamos a ejecutar el real, el da_upbdate_bc y el wrf

real	1m1.869s
user	0m0.913s
sys	0m1.670s
Vamos a ejecutar el LETKF

real	0m1.153s
user	0m0.343s
sys	0m0.370s
Corriendo el primer paso de asimilacion
Ejecutando paso: 50
Vamos a ejecutar el real, el da_upbdate_bc y el wrf

real	1m2.116s
user	0m0.955s
sys	0m1.676s
Vamos a ejecutar el LETKF

real	0m1.140s
user	0m0.309s
sys	0m0.416s
Corriendo el primer paso de asimilacion
Ejecutando paso: 51
Vamos a ejecutar el real, el da_upbdate_bc y el wrf

real	1m2.128s
user	0m0.942s
sys	0m1.707s
Vamos a ejecutar el LETKF

real	0m1.129s
user	0m0.271s
sys	0m0.448s
Corriendo el primer paso de asimilacion
Ejecutando paso: 52
Vamos a ejecutar el real, el da_upbdate_bc y el wrf

real	1m1.465s
user	0m0.921s
sys	0m1.699s
Vamos a ejecutar el LETKF

real	0m1.192s
user	0m0.320s
sys	0m0.410s
Corriendo el primer paso de asimilacion
Ejecutando paso: 53
Vamos a ejecutar el real, el da_upbdate_bc y el wrf

real	1m12.538s
user	0m0.873s
sys	0m1.752s
Vamos a ejecutar el LETKF

real	0m1.324s
user	0m0.286s
sys	0m0.439s
Corriendo el primer paso de asimilacion
Ejecutando paso: 54
Vamos a ejecutar el real, el da_upbdate_bc y el wrf

real	1m1.979s
user	0m0.939s
sys	0m1.727s
Vamos a ejecutar el LETKF

real	0m1.251s
user	0m0.368s
sys	0m0.403s
Corriendo el primer paso de asimilacion
Ejecutando paso: 55
Vamos a ejecutar el real, el da_upbdate_bc y el wrf

real	1m1.912s
user	0m0.995s
sys	0m1.823s
Vamos a ejecutar el LETKF

real	0m1.146s
user	0m0.330s
sys	0m0.387s
Corriendo el primer paso de asimilacion
Ejecutando paso: 56
Vamos a ejecutar el real, el da_upbdate_bc y el wrf

real	1m1.577s
user	0m0.993s
sys	0m1.810s
Vamos a ejecutar el LETKF

real	0m1.094s
user	0m0.328s
sys	0m0.383s
Corriendo el primer paso de asimilacion
Ejecutando paso: 57
Vamos a ejecutar el real, el da_upbdate_bc y el wrf

real	1m0.970s
user	0m1.055s
sys	0m1.769s
Vamos a ejecutar el LETKF

real	0m1.180s
user	0m0.304s
sys	0m0.429s
Corriendo el primer paso de asimilacion
Ejecutando paso: 58
Vamos a ejecutar el real, el da_upbdate_bc y el wrf

real	1m1.873s
user	0m1.006s
sys	0m1.839s
Vamos a ejecutar el LETKF

real	0m1.151s
user	0m0.300s
sys	0m0.418s
Corriendo el primer paso de asimilacion
Ejecutando paso: 59
Vamos a ejecutar el real, el da_upbdate_bc y el wrf

real	1m11.547s
user	0m0.972s
sys	0m1.839s
Vamos a ejecutar el LETKF

real	0m1.148s
user	0m0.318s
sys	0m0.403s
Corriendo el primer paso de asimilacion
Ejecutando paso: 60
Vamos a ejecutar el real, el da_upbdate_bc y el wrf

real	1m2.135s
user	0m0.996s
sys	0m1.721s
Vamos a ejecutar el LETKF

real	0m1.150s
user	0m0.327s
sys	0m0.394s
Corriendo el primer paso de asimilacion
Ejecutando paso: 61
Vamos a ejecutar el real, el da_upbdate_bc y el wrf

real	1m1.663s
user	0m0.960s
sys	0m1.716s
Vamos a ejecutar el LETKF

real	0m1.103s
user	0m0.297s
sys	0m0.396s
Corriendo el primer paso de asimilacion
Ejecutando paso: 62
Vamos a ejecutar el real, el da_upbdate_bc y el wrf

real	1m2.316s
user	0m0.945s
sys	0m1.796s
Vamos a ejecutar el LETKF

real	0m1.127s
user	0m0.289s
sys	0m0.430s
Corriendo el primer paso de asimilacion
Ejecutando paso: 63
Vamos a ejecutar el real, el da_upbdate_bc y el wrf

real	1m1.483s
user	0m1.016s
sys	0m1.741s
Vamos a ejecutar el LETKF

real	0m1.120s
user	0m0.329s
sys	0m0.393s
Corriendo el primer paso de asimilacion
Ejecutando paso: 64
Vamos a ejecutar el real, el da_upbdate_bc y el wrf

real	1m2.710s
user	0m1.022s
sys	0m1.685s
Vamos a ejecutar el LETKF

real	0m2.291s
user	0m0.334s
sys	0m0.408s
Corriendo el primer paso de asimilacion
Ejecutando paso: 65
Vamos a ejecutar el real, el da_upbdate_bc y el wrf

real	1m9.026s
user	0m1.033s
sys	0m1.822s
Vamos a ejecutar el LETKF

real	0m1.193s
user	0m0.287s
sys	0m0.457s
Corriendo el primer paso de asimilacion
Ejecutando paso: 66
Vamos a ejecutar el real, el da_upbdate_bc y el wrf

real	1m2.302s
user	0m1.013s
sys	0m1.870s
Vamos a ejecutar el LETKF

real	0m1.337s
user	0m0.332s
sys	0m0.380s
Corriendo el primer paso de asimilacion
Ejecutando paso: 67
Vamos a ejecutar el real, el da_upbdate_bc y el wrf

real	1m1.527s
user	0m1.048s
sys	0m1.762s
Vamos a ejecutar el LETKF

real	0m1.256s
user	0m0.299s
sys	0m0.429s
Corriendo el primer paso de asimilacion
Ejecutando paso: 68
Vamos a ejecutar el real, el da_upbdate_bc y el wrf

real	1m1.514s
user	0m1.090s
sys	0m1.715s
Vamos a ejecutar el LETKF

real	0m1.149s
user	0m0.324s
sys	0m0.404s
Corriendo el primer paso de asimilacion
Ejecutando paso: 69
Vamos a ejecutar el real, el da_upbdate_bc y el wrf

real	1m1.661s
user	0m0.941s
sys	0m1.818s
Vamos a ejecutar el LETKF

real	0m1.158s
user	0m0.352s
sys	0m0.388s
Corriendo el primer paso de asimilacion
Ejecutando paso: 70
Vamos a ejecutar el real, el da_upbdate_bc y el wrf

real	1m1.669s
user	0m0.882s
sys	0m1.911s
Vamos a ejecutar el LETKF

real	0m1.104s
user	0m0.329s
sys	0m0.381s
Corriendo el primer paso de asimilacion
Ejecutando paso: 71
Vamos a ejecutar el real, el da_upbdate_bc y el wrf

real	1m1.692s
user	0m0.934s
sys	0m1.799s
Vamos a ejecutar el LETKF

real	0m1.149s
user	0m0.313s
sys	0m0.419s
Saliendo. . .  . hasta la proxima!
Termiamos de correr a:Fri 14 Jul 2023 02:05:49 AM -03
El experimento abarca desde 2018-11-20 00:00:00 hasta 2018-11-20 06:00:00
Se hicieron 72 pasos de asimilacion y resta hacer 0
./main_ASIM.sh: line 81: syntax error near unexpected token `;'
./main_ASIM.sh: line 81: `   if [ $PASO -eq 3 ] ; then ; exit ; fi #DEBUG DEBUG TODO'
El experimento abarca desde 2018-11-20 00:00:00 hasta 2018-11-20 06:00:00
Se hicieron 2 pasos de asimilacion y resta hacer 70
Corriendo el primer paso de asimilacion
Ejecutando paso: 2
Vamos a ejecutar el real, el da_upbdate_bc y el wrf

real	0m11.735s
user	0m0.961s
sys	0m1.785s
Vamos a ejecutar el LETKF

real	6m43.114s
user	0m0.529s
sys	0m0.523s
