>>>
>>> STARTING SCALE BREEDING CYCLE FROM  TO 
>>>
Initialize bred vector 
Unperturbed boundary conditions will be used in the initialization of the perturbation
518785.hakushu-ib

real	0m0.000s
user	0m0.000s
sys	0m0.000s
Las iteraciones de breeding in place son 1
We will perform 1 iteratons in this cycle
Running cycle starting at 20130713051030 
Evolve bred vector for iter = 1 
Unperturbed boundary conditions will be used in the evolution of the perturbation
518788.hakushu-ib

real	5m38.826s
user	0m0.000s
sys	0m0.004s
Rescale bred vector for iter = 1 
518794.hakushu-ib

real	0m33.395s
user	0m0.000s
sys	0m0.008s
Las iteraciones de breeding in place son 1
We will perform 1 iteratons in this cycle
Running cycle starting at 20130713051100 
Evolve bred vector for iter = 1 
Unperturbed boundary conditions will be used in the evolution of the perturbation
518796.hakushu-ib

real	6m0.403s
user	0m0.000s
sys	0m0.012s
Rescale bred vector for iter = 1 
518805.hakushu-ib

real	0m40.784s
user	0m0.000s
sys	0m0.008s
Las iteraciones de breeding in place son 1
We will perform 1 iteratons in this cycle
Running cycle starting at 20130713051130 
Evolve bred vector for iter = 1 
Unperturbed boundary conditions will be used in the evolution of the perturbation
518811.hakushu-ib

real	5m44.430s
user	0m0.004s
sys	0m0.004s
Rescale bred vector for iter = 1 
518822.hakushu-ib

real	0m36.179s
user	0m0.000s
sys	0m0.004s
Las iteraciones de breeding in place son 1
We will perform 1 iteratons in this cycle
Running cycle starting at 20130713051200 
Evolve bred vector for iter = 1 
Unperturbed boundary conditions will be used in the evolution of the perturbation
518824.hakushu-ib

real	3m47.474s
user	0m0.012s
sys	0m0.000s
Rescale bred vector for iter = 1 
518830.hakushu-ib

real	0m40.966s
user	0m0.004s
sys	0m0.008s
Las iteraciones de breeding in place son 1
We will perform 1 iteratons in this cycle
Running cycle starting at 20130713051230 
Evolve bred vector for iter = 1 
Unperturbed boundary conditions will be used in the evolution of the perturbation
518832.hakushu-ib

real	5m1.237s
user	0m0.004s
sys	0m0.012s
Rescale bred vector for iter = 1 
518836.hakushu-ib

real	0m49.588s
user	0m0.008s
sys	0m0.004s
Las iteraciones de breeding in place son 1
We will perform 1 iteratons in this cycle
Running cycle starting at 20130713051300 
Evolve bred vector for iter = 1 
Unperturbed boundary conditions will be used in the evolution of the perturbation
518839.hakushu-ib

real	4m32.215s
user	0m0.000s
sys	0m0.012s
Rescale bred vector for iter = 1 
518843.hakushu-ib

real	0m35.600s
user	0m0.000s
sys	0m0.008s
Las iteraciones de breeding in place son 1
We will perform 1 iteratons in this cycle
Running cycle starting at 20130713051330 
Evolve bred vector for iter = 1 
Unperturbed boundary conditions will be used in the evolution of the perturbation
518846.hakushu-ib

real	6m2.299s
user	0m0.008s
sys	0m0.004s
Rescale bred vector for iter = 1 
518852.hakushu-ib

real	0m43.499s
user	0m0.004s
sys	0m0.004s
Las iteraciones de breeding in place son 1
We will perform 1 iteratons in this cycle
Running cycle starting at 20130713051400 
Evolve bred vector for iter = 1 
Unperturbed boundary conditions will be used in the evolution of the perturbation
518854.hakushu-ib

real	5m3.669s
user	0m0.004s
sys	0m0.004s
Rescale bred vector for iter = 1 
518860.hakushu-ib

real	0m41.028s
user	0m0.000s
sys	0m0.008s
Las iteraciones de breeding in place son 1
We will perform 1 iteratons in this cycle
Running cycle starting at 20130713051430 
Evolve bred vector for iter = 1 
Unperturbed boundary conditions will be used in the evolution of the perturbation
518862.hakushu-ib

real	5m23.529s
user	0m0.000s
sys	0m0.004s
Rescale bred vector for iter = 1 
518868.hakushu-ib

real	0m38.340s
user	0m0.008s
sys	0m0.000s
Las iteraciones de breeding in place son 1
We will perform 1 iteratons in this cycle
Running cycle starting at 20130713051500 
Evolve bred vector for iter = 1 
Unperturbed boundary conditions will be used in the evolution of the perturbation
518871.hakushu-ib

real	4m47.229s
user	0m0.000s
sys	0m0.012s
Rescale bred vector for iter = 1 
518875.hakushu-ib

real	0m34.927s
user	0m0.004s
sys	0m0.004s
Las iteraciones de breeding in place son 1
We will perform 1 iteratons in this cycle
Running cycle starting at 20130713051530 
Evolve bred vector for iter = 1 
Unperturbed boundary conditions will be used in the evolution of the perturbation
518876.hakushu-ib

real	4m0.498s
user	0m0.008s
sys	0m0.004s
Rescale bred vector for iter = 1 
518883.hakushu-ib

real	0m33.498s
user	0m0.008s
sys	0m0.000s
Las iteraciones de breeding in place son 1
We will perform 1 iteratons in this cycle
Running cycle starting at 20130713051600 
Evolve bred vector for iter = 1 
Unperturbed boundary conditions will be used in the evolution of the perturbation
518884.hakushu-ib

real	4m46.425s
user	0m0.000s
sys	0m0.008s
Rescale bred vector for iter = 1 
518891.hakushu-ib

real	0m31.188s
user	0m0.008s
sys	0m0.004s
Las iteraciones de breeding in place son 1
We will perform 1 iteratons in this cycle
Running cycle starting at 20130713051630 
Evolve bred vector for iter = 1 
Unperturbed boundary conditions will be used in the evolution of the perturbation
518892.hakushu-ib

real	4m32.373s
user	0m0.000s
sys	0m0.012s
Rescale bred vector for iter = 1 
518903.hakushu-ib

real	0m41.321s
user	0m0.000s
sys	0m0.008s
Las iteraciones de breeding in place son 1
We will perform 1 iteratons in this cycle
Running cycle starting at 20130713051700 
Evolve bred vector for iter = 1 
Unperturbed boundary conditions will be used in the evolution of the perturbation
518907.hakushu-ib

real	6m2.234s
user	0m0.004s
sys	0m0.004s
Rescale bred vector for iter = 1 
518916.hakushu-ib

real	0m40.993s
user	0m0.000s
sys	0m0.004s
Las iteraciones de breeding in place son 1
We will perform 1 iteratons in this cycle
Running cycle starting at 20130713051730 
Evolve bred vector for iter = 1 
Unperturbed boundary conditions will be used in the evolution of the perturbation
518920.hakushu-ib

real	6m7.543s
user	0m0.000s
sys	0m0.004s
Rescale bred vector for iter = 1 
518927.hakushu-ib

real	0m39.891s
user	0m0.004s
sys	0m0.004s
Las iteraciones de breeding in place son 1
We will perform 1 iteratons in this cycle
Running cycle starting at 20130713051800 
Evolve bred vector for iter = 1 
Unperturbed boundary conditions will be used in the evolution of the perturbation
518929.hakushu-ib

real	5m21.457s
user	0m0.004s
sys	0m0.008s
Rescale bred vector for iter = 1 
518935.hakushu-ib

real	0m42.856s
user	0m0.004s
sys	0m0.004s
Las iteraciones de breeding in place son 1
We will perform 1 iteratons in this cycle
Running cycle starting at 20130713051830 
Evolve bred vector for iter = 1 
Unperturbed boundary conditions will be used in the evolution of the perturbation
518937.hakushu-ib

real	5m7.779s
user	0m0.000s
sys	0m0.008s
Rescale bred vector for iter = 1 
518941.hakushu-ib

real	0m37.795s
user	0m0.000s
sys	0m0.008s
Las iteraciones de breeding in place son 1
We will perform 1 iteratons in this cycle
Running cycle starting at 20130713051900 
Evolve bred vector for iter = 1 
Unperturbed boundary conditions will be used in the evolution of the perturbation
518945.hakushu-ib

real	6m10.605s
user	0m0.008s
sys	0m0.004s
Rescale bred vector for iter = 1 
518949.hakushu-ib

real	0m33.580s
user	0m0.000s
sys	0m0.004s
Las iteraciones de breeding in place son 1
We will perform 1 iteratons in this cycle
Running cycle starting at 20130713051930 
Evolve bred vector for iter = 1 
Unperturbed boundary conditions will be used in the evolution of the perturbation
518951.hakushu-ib

real	5m9.821s
user	0m0.000s
sys	0m0.004s
Rescale bred vector for iter = 1 
518955.hakushu-ib

real	0m31.896s
user	0m0.004s
sys	0m0.004s
Las iteraciones de breeding in place son 1
We will perform 1 iteratons in this cycle
Running cycle starting at 20130713052000 
Evolve bred vector for iter = 1 
Unperturbed boundary conditions will be used in the evolution of the perturbation
518959.hakushu-ib

real	5m3.897s
user	0m0.000s
sys	0m0.012s
Rescale bred vector for iter = 1 
518963.hakushu-ib

real	0m32.494s
user	0m0.004s
sys	0m0.004s
Las iteraciones de breeding in place son 1
We will perform 1 iteratons in this cycle
Running cycle starting at 20130713052030 
Evolve bred vector for iter = 1 
Unperturbed boundary conditions will be used in the evolution of the perturbation
518965.hakushu-ib

real	4m16.890s
user	0m0.004s
sys	0m0.008s
Rescale bred vector for iter = 1 
518971.hakushu-ib

real	0m32.358s
user	0m0.000s
sys	0m0.008s
Las iteraciones de breeding in place son 1
We will perform 1 iteratons in this cycle
Running cycle starting at 20130713052100 
Evolve bred vector for iter = 1 
Unperturbed boundary conditions will be used in the evolution of the perturbation
518972.hakushu-ib

real	4m28.768s
user	0m0.008s
sys	0m0.004s
Rescale bred vector for iter = 1 
518979.hakushu-ib

real	0m33.775s
user	0m0.000s
sys	0m0.008s
Las iteraciones de breeding in place son 1
We will perform 1 iteratons in this cycle
Running cycle starting at 20130713052130 
Evolve bred vector for iter = 1 
Unperturbed boundary conditions will be used in the evolution of the perturbation
518980.hakushu-ib

real	4m53.986s
user	0m0.012s
sys	0m0.000s
Rescale bred vector for iter = 1 
518993.hakushu-ib

real	0m51.187s
user	0m0.000s
sys	0m0.004s
Las iteraciones de breeding in place son 1
We will perform 1 iteratons in this cycle
Running cycle starting at 20130713052200 
Evolve bred vector for iter = 1 
Unperturbed boundary conditions will be used in the evolution of the perturbation
518994.hakushu-ib

real	5m8.539s
user	0m0.012s
sys	0m0.000s
Rescale bred vector for iter = 1 
519007.hakushu-ib

real	0m31.574s
user	0m0.000s
sys	0m0.004s
Las iteraciones de breeding in place son 1
We will perform 1 iteratons in this cycle
Running cycle starting at 20130713052230 
Evolve bred vector for iter = 1 
Unperturbed boundary conditions will be used in the evolution of the perturbation
519008.hakushu-ib

real	4m56.779s
user	0m0.004s
sys	0m0.000s
Rescale bred vector for iter = 1 
519014.hakushu-ib

real	0m52.635s
user	0m0.000s
sys	0m0.004s
Las iteraciones de breeding in place son 1
We will perform 1 iteratons in this cycle
Running cycle starting at 20130713052300 
Evolve bred vector for iter = 1 
Unperturbed boundary conditions will be used in the evolution of the perturbation
519016.hakushu-ib

real	3m47.659s
user	0m0.000s
sys	0m0.012s
Rescale bred vector for iter = 1 
519020.hakushu-ib

real	0m48.017s
user	0m0.004s
sys	0m0.008s
Las iteraciones de breeding in place son 1
We will perform 1 iteratons in this cycle
Running cycle starting at 20130713052330 
Evolve bred vector for iter = 1 
Unperturbed boundary conditions will be used in the evolution of the perturbation
519023.hakushu-ib

real	3m53.421s
user	0m0.000s
sys	0m0.004s
Rescale bred vector for iter = 1 
519026.hakushu-ib

real	0m46.736s
user	0m0.000s
sys	0m0.008s
Las iteraciones de breeding in place son 1
We will perform 1 iteratons in this cycle
Running cycle starting at 20130713052400 
Evolve bred vector for iter = 1 
Unperturbed boundary conditions will be used in the evolution of the perturbation
519027.hakushu-ib

real	3m50.612s
user	0m0.008s
sys	0m0.004s
Rescale bred vector for iter = 1 
519034.hakushu-ib

real	0m36.318s
user	0m0.000s
sys	0m0.004s
Las iteraciones de breeding in place son 1
We will perform 1 iteratons in this cycle
Running cycle starting at 20130713052430 
Evolve bred vector for iter = 1 
Unperturbed boundary conditions will be used in the evolution of the perturbation
519035.hakushu-ib

real	4m35.687s
user	0m0.004s
sys	0m0.004s
Rescale bred vector for iter = 1 
519042.hakushu-ib

real	0m33.690s
user	0m0.004s
sys	0m0.004s
Las iteraciones de breeding in place son 1
We will perform 1 iteratons in this cycle
Running cycle starting at 20130713052500 
Evolve bred vector for iter = 1 
Unperturbed boundary conditions will be used in the evolution of the perturbation
519043.hakushu-ib

real	5m34.646s
user	0m0.004s
sys	0m0.008s
Rescale bred vector for iter = 1 
519050.hakushu-ib

real	0m31.645s
user	0m0.004s
sys	0m0.004s
Las iteraciones de breeding in place son 1
We will perform 1 iteratons in this cycle
Running cycle starting at 20130713052530 
Evolve bred vector for iter = 1 
Unperturbed boundary conditions will be used in the evolution of the perturbation
519053.hakushu-ib

real	5m6.863s
user	0m0.000s
sys	0m0.012s
Rescale bred vector for iter = 1 
519058.hakushu-ib

real	0m35.000s
user	0m0.004s
sys	0m0.000s
Las iteraciones de breeding in place son 1
We will perform 1 iteratons in this cycle
Running cycle starting at 20130713052600 
Evolve bred vector for iter = 1 
Unperturbed boundary conditions will be used in the evolution of the perturbation
519061.hakushu-ib

real	4m53.542s
user	0m0.000s
sys	0m0.012s
Rescale bred vector for iter = 1 
519064.hakushu-ib

real	0m40.038s
user	0m0.004s
sys	0m0.000s
Las iteraciones de breeding in place son 1
We will perform 1 iteratons in this cycle
Running cycle starting at 20130713052630 
Evolve bred vector for iter = 1 
Unperturbed boundary conditions will be used in the evolution of the perturbation
519067.hakushu-ib

real	5m30.586s
user	0m0.004s
sys	0m0.004s
Rescale bred vector for iter = 1 
519073.hakushu-ib

real	0m38.246s
user	0m0.004s
sys	0m0.004s
Las iteraciones de breeding in place son 1
We will perform 1 iteratons in this cycle
Running cycle starting at 20130713052700 
Evolve bred vector for iter = 1 
Unperturbed boundary conditions will be used in the evolution of the perturbation
519076.hakushu-ib

real	5m8.565s
user	0m0.008s
sys	0m0.004s
Rescale bred vector for iter = 1 
519086.hakushu-ib

real	1m22.506s
user	0m0.000s
sys	0m0.004s
Las iteraciones de breeding in place son 1
We will perform 1 iteratons in this cycle
Running cycle starting at 20130713052730 
Evolve bred vector for iter = 1 
Unperturbed boundary conditions will be used in the evolution of the perturbation
519092.hakushu-ib

real	5m22.121s
user	0m0.000s
sys	0m0.008s
Rescale bred vector for iter = 1 
519098.hakushu-ib

real	0m43.456s
user	0m0.004s
sys	0m0.000s
Las iteraciones de breeding in place son 1
We will perform 1 iteratons in this cycle
Running cycle starting at 20130713052800 
Evolve bred vector for iter = 1 
Unperturbed boundary conditions will be used in the evolution of the perturbation
519101.hakushu-ib

real	5m5.223s
user	0m0.000s
sys	0m0.008s
Rescale bred vector for iter = 1 
519105.hakushu-ib

real	0m41.538s
user	0m0.000s
sys	0m0.000s
Las iteraciones de breeding in place son 1
We will perform 1 iteratons in this cycle
Running cycle starting at 20130713052830 
Evolve bred vector for iter = 1 
Unperturbed boundary conditions will be used in the evolution of the perturbation
519106.hakushu-ib

real	4m46.643s
user	0m0.004s
sys	0m0.004s
Rescale bred vector for iter = 1 
519111.hakushu-ib

real	0m51.760s
user	0m0.000s
sys	0m0.008s
Las iteraciones de breeding in place son 1
We will perform 1 iteratons in this cycle
Running cycle starting at 20130713052900 
Evolve bred vector for iter = 1 
Unperturbed boundary conditions will be used in the evolution of the perturbation
519112.hakushu-ib

real	4m49.777s
user	0m0.004s
sys	0m0.008s
Rescale bred vector for iter = 1 
519117.hakushu-ib

real	0m47.187s
user	0m0.000s
sys	0m0.004s
Las iteraciones de breeding in place son 1
We will perform 1 iteratons in this cycle
Running cycle starting at 20130713052930 
Evolve bred vector for iter = 1 
Unperturbed boundary conditions will be used in the evolution of the perturbation
519118.hakushu-ib

real	5m19.021s
user	0m0.000s
sys	0m0.012s
Rescale bred vector for iter = 1 
519123.hakushu-ib

real	0m32.304s
user	0m0.000s
sys	0m0.012s
Las iteraciones de breeding in place son 1
We will perform 1 iteratons in this cycle
Running cycle starting at 20130713053000 
Evolve bred vector for iter = 1 
Unperturbed boundary conditions will be used in the evolution of the perturbation
519124.hakushu-ib

real	4m37.429s
user	0m0.000s
sys	0m0.012s
Rescale bred vector for iter = 1 
519127.hakushu-ib

real	0m31.835s
user	0m0.000s
sys	0m0.004s
Las iteraciones de breeding in place son 1
We will perform 1 iteratons in this cycle
Running cycle starting at 20130713053030 
Evolve bred vector for iter = 1 
Unperturbed boundary conditions will be used in the evolution of the perturbation
519128.hakushu-ib

real	5m30.761s
user	0m0.008s
sys	0m0.004s
Rescale bred vector for iter = 1 
519131.hakushu-ib

real	0m32.582s
user	0m0.004s
sys	0m0.008s
Las iteraciones de breeding in place son 1
We will perform 1 iteratons in this cycle
Running cycle starting at 20130713053100 
Evolve bred vector for iter = 1 
Unperturbed boundary conditions will be used in the evolution of the perturbation
519132.hakushu-ib

real	4m55.641s
user	0m0.000s
sys	0m0.012s
Rescale bred vector for iter = 1 
519135.hakushu-ib

real	0m31.686s
user	0m0.004s
sys	0m0.000s
Las iteraciones de breeding in place son 1
We will perform 1 iteratons in this cycle
Running cycle starting at 20130713053130 
Evolve bred vector for iter = 1 
Unperturbed boundary conditions will be used in the evolution of the perturbation
519136.hakushu-ib

real	5m16.173s
user	0m0.008s
sys	0m0.004s
Rescale bred vector for iter = 1 
519138.hakushu-ib

real	0m36.690s
user	0m0.000s
sys	0m0.004s
Las iteraciones de breeding in place son 1
We will perform 1 iteratons in this cycle
Running cycle starting at 20130713053200 
Evolve bred vector for iter = 1 
Unperturbed boundary conditions will be used in the evolution of the perturbation
519139.hakushu-ib

real	5m12.868s
user	0m0.004s
sys	0m0.008s
Rescale bred vector for iter = 1 
519143.hakushu-ib

real	0m41.507s
user	0m0.000s
sys	0m0.004s
Las iteraciones de breeding in place son 1
We will perform 1 iteratons in this cycle
Running cycle starting at 20130713053230 
Evolve bred vector for iter = 1 
Unperturbed boundary conditions will be used in the evolution of the perturbation
519147.hakushu-ib

real	6m12.341s
user	0m0.004s
sys	0m0.004s
Rescale bred vector for iter = 1 
519157.hakushu-ib

real	0m37.219s
user	0m0.000s
sys	0m0.004s
Las iteraciones de breeding in place son 1
We will perform 1 iteratons in this cycle
Running cycle starting at 20130713053300 
Evolve bred vector for iter = 1 
Unperturbed boundary conditions will be used in the evolution of the perturbation
519159.hakushu-ib

real	4m39.952s
user	0m0.000s
sys	0m0.008s
Rescale bred vector for iter = 1 
519162.hakushu-ib

real	0m31.975s
user	0m0.000s
sys	0m0.004s
Las iteraciones de breeding in place son 1
We will perform 1 iteratons in this cycle
Running cycle starting at 20130713053330 
Evolve bred vector for iter = 1 
Unperturbed boundary conditions will be used in the evolution of the perturbation
519164.hakushu-ib

real	4m46.614s
user	0m0.000s
sys	0m0.012s
Rescale bred vector for iter = 1 
519166.hakushu-ib

real	0m32.329s
user	0m0.000s
sys	0m0.008s
Las iteraciones de breeding in place son 1
We will perform 1 iteratons in this cycle
Running cycle starting at 20130713053400 
Evolve bred vector for iter = 1 
Unperturbed boundary conditions will be used in the evolution of the perturbation
519168.hakushu-ib

real	5m0.682s
user	0m0.004s
sys	0m0.004s
Rescale bred vector for iter = 1 
519170.hakushu-ib

real	0m36.879s
user	0m0.004s
sys	0m0.000s
Las iteraciones de breeding in place son 1
We will perform 1 iteratons in this cycle
Running cycle starting at 20130713053430 
Evolve bred vector for iter = 1 
Unperturbed boundary conditions will be used in the evolution of the perturbation
519172.hakushu-ib

real	5m6.747s
user	0m0.008s
sys	0m0.000s
Rescale bred vector for iter = 1 
519174.hakushu-ib

real	0m31.405s
user	0m0.000s
sys	0m0.008s
Las iteraciones de breeding in place son 1
We will perform 1 iteratons in this cycle
Running cycle starting at 20130713053500 
Evolve bred vector for iter = 1 
Unperturbed boundary conditions will be used in the evolution of the perturbation
519176.hakushu-ib

real	5m48.806s
user	0m0.000s
sys	0m0.012s
Rescale bred vector for iter = 1 
519178.hakushu-ib

real	0m36.546s
user	0m0.000s
sys	0m0.008s
Las iteraciones de breeding in place son 1
We will perform 1 iteratons in this cycle
Running cycle starting at 20130713053530 
Evolve bred vector for iter = 1 
Unperturbed boundary conditions will be used in the evolution of the perturbation
519180.hakushu-ib

real	5m5.806s
user	0m0.000s
sys	0m0.012s
Rescale bred vector for iter = 1 
519182.hakushu-ib

real	0m32.294s
user	0m0.004s
sys	0m0.004s
Las iteraciones de breeding in place son 1
We will perform 1 iteratons in this cycle
Running cycle starting at 20130713053600 
Evolve bred vector for iter = 1 
Unperturbed boundary conditions will be used in the evolution of the perturbation
519184.hakushu-ib

real	5m18.193s
user	0m0.008s
sys	0m0.004s
Rescale bred vector for iter = 1 
519186.hakushu-ib

real	0m31.541s
user	0m0.008s
sys	0m0.000s
Las iteraciones de breeding in place son 1
We will perform 1 iteratons in this cycle
Running cycle starting at 20130713053630 
Evolve bred vector for iter = 1 
Unperturbed boundary conditions will be used in the evolution of the perturbation
519188.hakushu-ib

real	3m45.657s
user	0m0.008s
sys	0m0.004s
Rescale bred vector for iter = 1 
519190.hakushu-ib

real	0m30.071s
user	0m0.000s
sys	0m0.008s
Las iteraciones de breeding in place son 1
We will perform 1 iteratons in this cycle
Running cycle starting at 20130713053700 
Evolve bred vector for iter = 1 
Unperturbed boundary conditions will be used in the evolution of the perturbation
519191.hakushu-ib

real	3m45.962s
user	0m0.004s
sys	0m0.008s
Rescale bred vector for iter = 1 
519194.hakushu-ib

real	0m31.883s
user	0m0.004s
sys	0m0.008s
Las iteraciones de breeding in place son 1
We will perform 1 iteratons in this cycle
Running cycle starting at 20130713053730 
Evolve bred vector for iter = 1 
Unperturbed boundary conditions will be used in the evolution of the perturbation
519195.hakushu-ib

real	4m36.151s
user	0m0.000s
sys	0m0.012s
Rescale bred vector for iter = 1 
519202.hakushu-ib

real	0m30.417s
user	0m0.004s
sys	0m0.000s
Las iteraciones de breeding in place son 1
We will perform 1 iteratons in this cycle
Running cycle starting at 20130713053800 
Evolve bred vector for iter = 1 
Unperturbed boundary conditions will be used in the evolution of the perturbation
519206.hakushu-ib

real	5m31.608s
user	0m0.008s
sys	0m0.004s
Rescale bred vector for iter = 1 
519213.hakushu-ib

real	0m29.031s
user	0m0.004s
sys	0m0.004s
Las iteraciones de breeding in place son 1
We will perform 1 iteratons in this cycle
Running cycle starting at 20130713053830 
Evolve bred vector for iter = 1 
Unperturbed boundary conditions will be used in the evolution of the perturbation
519214.hakushu-ib

real	5m16.867s
user	0m0.000s
sys	0m0.004s
Rescale bred vector for iter = 1 
519217.hakushu-ib

real	0m30.976s
user	0m0.000s
sys	0m0.008s
Las iteraciones de breeding in place son 1
We will perform 1 iteratons in this cycle
Running cycle starting at 20130713053900 
Evolve bred vector for iter = 1 
Unperturbed boundary conditions will be used in the evolution of the perturbation
519219.hakushu-ib

real	5m5.922s
user	0m0.004s
sys	0m0.008s
Rescale bred vector for iter = 1 
519221.hakushu-ib

real	0m37.460s
user	0m0.000s
sys	0m0.004s
Las iteraciones de breeding in place son 1
We will perform 1 iteratons in this cycle
Running cycle starting at 20130713053930 
Evolve bred vector for iter = 1 
Unperturbed boundary conditions will be used in the evolution of the perturbation
519223.hakushu-ib

real	5m25.998s
user	0m0.008s
sys	0m0.004s
Rescale bred vector for iter = 1 
519225.hakushu-ib

real	0m7.271s
user	0m0.004s
sys	0m0.004s
Las iteraciones de breeding in place son 1
We will perform 1 iteratons in this cycle
Running cycle starting at 20130713054000 
Evolve bred vector for iter = 1 
Unperturbed boundary conditions will be used in the evolution of the perturbation
519227.hakushu-ib

real	4m2.468s
user	0m0.004s
sys	0m0.004s
Rescale bred vector for iter = 1 
519229.hakushu-ib

real	0m4.902s
user	0m0.000s
sys	0m0.008s
mv: target `/home/jruiz/share/exp/breeding_osaka_pawr_1km_global_1000m_UVT//logs/scale_pp_20130713054000_0001pp.log' is not a directory
NORMAL END
