>>>
>>> STARTING SCALE BREEDING CYCLE FROM  TO 
>>>
Initialize bred vector 
Unperturbed boundary conditions will be used in the initialization of the perturbation
516838.hakushu-ib

real	0m0.000s
user	0m0.000s
sys	0m0.000s
Las iteraciones de breeding in place son 5
We will perform 5 iteratons in this cycle
Running cycle starting at 20130713051030 
Evolve bred vector for iter = 1 
Unperturbed boundary conditions will be used in the evolution of the perturbation
516839.hakushu-ib

real	3m44.541s
user	0m0.000s
sys	0m0.008s
Rescale bred vector for iter = 1 
516844.hakushu-ib

real	0m57.022s
user	0m0.004s
sys	0m0.004s
Evolve bred vector for iter = 2 
Unperturbed boundary conditions will be used in the evolution of the perturbation
516845.hakushu-ib

real	4m11.332s
user	0m0.004s
sys	0m0.008s
Rescale bred vector for iter = 2 
516848.hakushu-ib

real	1m5.857s
user	0m0.004s
sys	0m0.000s
Evolve bred vector for iter = 3 
Unperturbed boundary conditions will be used in the evolution of the perturbation
516851.hakushu-ib

real	5m6.786s
user	0m0.004s
sys	0m0.008s
Rescale bred vector for iter = 3 
516854.hakushu-ib

real	1m22.940s
user	0m0.000s
sys	0m0.004s
Evolve bred vector for iter = 4 
Unperturbed boundary conditions will be used in the evolution of the perturbation
516857.hakushu-ib

real	4m46.451s
user	0m0.008s
sys	0m0.004s
Rescale bred vector for iter = 4 
516861.hakushu-ib

real	0m7.999s
user	0m0.000s
sys	0m0.008s
Evolve bred vector for iter = 5 
Unperturbed boundary conditions will be used in the evolution of the perturbation
516863.hakushu-ib

real	5m6.375s
user	0m0.000s
sys	0m0.012s
Rescale bred vector for iter = 5 
516866.hakushu-ib

real	1m39.239s
user	0m0.004s
sys	0m0.004s
Las iteraciones de breeding in place son 5
We will perform 5 iteratons in this cycle
Running cycle starting at 20130713051100 
Evolve bred vector for iter = 1 
Unperturbed boundary conditions will be used in the evolution of the perturbation
516869.hakushu-ib

real	4m45.843s
user	0m0.008s
sys	0m0.000s
Rescale bred vector for iter = 1 
516878.hakushu-ib

real	0m58.510s
user	0m0.004s
sys	0m0.000s
Evolve bred vector for iter = 2 
Unperturbed boundary conditions will be used in the evolution of the perturbation
516882.hakushu-ib

real	4m34.205s
user	0m0.000s
sys	0m0.008s
Rescale bred vector for iter = 2 
516890.hakushu-ib

real	1m24.200s
user	0m0.000s
sys	0m0.004s
Evolve bred vector for iter = 3 
Unperturbed boundary conditions will be used in the evolution of the perturbation
516892.hakushu-ib

real	3m51.822s
user	0m0.000s
sys	0m0.008s
Rescale bred vector for iter = 3 
516897.hakushu-ib

real	0m54.374s
user	0m0.004s
sys	0m0.004s
Evolve bred vector for iter = 4 
Unperturbed boundary conditions will be used in the evolution of the perturbation
516898.hakushu-ib

real	3m52.597s
user	0m0.004s
sys	0m0.000s
Rescale bred vector for iter = 4 
516902.hakushu-ib

real	1m28.238s
user	0m0.004s
sys	0m0.004s
Evolve bred vector for iter = 5 
Unperturbed boundary conditions will be used in the evolution of the perturbation
516904.hakushu-ib

real	4m34.603s
user	0m0.000s
sys	0m0.012s
Rescale bred vector for iter = 5 
516908.hakushu-ib

real	1m10.774s
user	0m0.004s
sys	0m0.004s
Las iteraciones de breeding in place son 5
We will perform 5 iteratons in this cycle
Running cycle starting at 20130713051130 
Evolve bred vector for iter = 1 
Unperturbed boundary conditions will be used in the evolution of the perturbation
516910.hakushu-ib

real	4m13.761s
user	0m0.000s
sys	0m0.012s
Rescale bred vector for iter = 1 
516913.hakushu-ib

real	1m1.190s
user	0m0.004s
sys	0m0.008s
Evolve bred vector for iter = 2 
Unperturbed boundary conditions will be used in the evolution of the perturbation
516915.hakushu-ib

real	4m49.585s
user	0m0.004s
sys	0m0.008s
Rescale bred vector for iter = 2 
516918.hakushu-ib

real	1m1.319s
user	0m0.012s
sys	0m0.000s
Evolve bred vector for iter = 3 
Unperturbed boundary conditions will be used in the evolution of the perturbation
516921.hakushu-ib

real	5m29.586s
user	0m0.004s
sys	0m0.008s
Rescale bred vector for iter = 3 
516925.hakushu-ib

real	1m18.975s
user	0m0.000s
sys	0m0.004s
Evolve bred vector for iter = 4 
Unperturbed boundary conditions will be used in the evolution of the perturbation
516928.hakushu-ib

real	5m17.275s
user	0m0.000s
sys	0m0.008s
Rescale bred vector for iter = 4 
516931.hakushu-ib

real	1m42.670s
user	0m0.004s
sys	0m0.004s
Evolve bred vector for iter = 5 
Unperturbed boundary conditions will be used in the evolution of the perturbation
516934.hakushu-ib

real	4m24.576s
user	0m0.008s
sys	0m0.004s
Rescale bred vector for iter = 5 
516937.hakushu-ib

real	1m13.170s
user	0m0.000s
sys	0m0.004s
Las iteraciones de breeding in place son 5
We will perform 5 iteratons in this cycle
Running cycle starting at 20130713051200 
Evolve bred vector for iter = 1 
Unperturbed boundary conditions will be used in the evolution of the perturbation
516940.hakushu-ib

real	4m59.936s
user	0m0.000s
sys	0m0.008s
Rescale bred vector for iter = 1 
516945.hakushu-ib

real	1m29.524s
user	0m0.004s
sys	0m0.000s
Evolve bred vector for iter = 2 
Unperturbed boundary conditions will be used in the evolution of the perturbation
516954.hakushu-ib

real	5m5.574s
user	0m0.000s
sys	0m0.012s
Rescale bred vector for iter = 2 
516963.hakushu-ib

real	1m51.221s
user	0m0.000s
sys	0m0.004s
Evolve bred vector for iter = 3 
Unperturbed boundary conditions will be used in the evolution of the perturbation
516965.hakushu-ib

real	4m2.716s
user	0m0.000s
sys	0m0.004s
Rescale bred vector for iter = 3 
516970.hakushu-ib

real	1m17.652s
user	0m0.000s
sys	0m0.004s
Evolve bred vector for iter = 4 
Unperturbed boundary conditions will be used in the evolution of the perturbation
516972.hakushu-ib

real	4m13.929s
user	0m0.008s
sys	0m0.004s
Rescale bred vector for iter = 4 
516975.hakushu-ib

real	1m44.471s
user	0m0.004s
sys	0m0.008s
Evolve bred vector for iter = 5 
Unperturbed boundary conditions will be used in the evolution of the perturbation
516978.hakushu-ib

real	4m47.331s
user	0m0.004s
sys	0m0.008s
Rescale bred vector for iter = 5 
516982.hakushu-ib

real	1m40.239s
user	0m0.000s
sys	0m0.004s
Las iteraciones de breeding in place son 5
We will perform 5 iteratons in this cycle
Running cycle starting at 20130713051230 
Evolve bred vector for iter = 1 
Unperturbed boundary conditions will be used in the evolution of the perturbation
516983.hakushu-ib

real	4m29.430s
user	0m0.004s
sys	0m0.008s
Rescale bred vector for iter = 1 
516988.hakushu-ib

real	1m33.072s
user	0m0.008s
sys	0m0.000s
Evolve bred vector for iter = 2 
Unperturbed boundary conditions will be used in the evolution of the perturbation
516989.hakushu-ib

real	4m52.677s
user	0m0.000s
sys	0m0.008s
Rescale bred vector for iter = 2 
516994.hakushu-ib

real	1m23.712s
user	0m0.000s
sys	0m0.004s
Evolve bred vector for iter = 3 
Unperturbed boundary conditions will be used in the evolution of the perturbation
516996.hakushu-ib

real	4m12.530s
user	0m0.000s
sys	0m0.004s
Rescale bred vector for iter = 3 
517000.hakushu-ib

real	0m57.275s
user	0m0.000s
sys	0m0.008s
Evolve bred vector for iter = 4 
Unperturbed boundary conditions will be used in the evolution of the perturbation
517001.hakushu-ib

real	4m13.109s
user	0m0.004s
sys	0m0.004s
Rescale bred vector for iter = 4 
517006.hakushu-ib

real	0m55.073s
user	0m0.000s
sys	0m0.008s
Evolve bred vector for iter = 5 
Unperturbed boundary conditions will be used in the evolution of the perturbation
517007.hakushu-ib

real	4m11.444s
user	0m0.004s
sys	0m0.000s
Rescale bred vector for iter = 5 
517011.hakushu-ib

real	1m34.406s
user	0m0.004s
sys	0m0.000s
Las iteraciones de breeding in place son 5
We will perform 5 iteratons in this cycle
Running cycle starting at 20130713051300 
Evolve bred vector for iter = 1 
Unperturbed boundary conditions will be used in the evolution of the perturbation
517013.hakushu-ib

real	4m36.127s
user	0m0.000s
sys	0m0.008s
Rescale bred vector for iter = 1 
517018.hakushu-ib

real	1m22.987s
user	0m0.000s
sys	0m0.008s
Evolve bred vector for iter = 2 
Unperturbed boundary conditions will be used in the evolution of the perturbation
517025.hakushu-ib

real	5m1.584s
user	0m0.000s
sys	0m0.008s
Rescale bred vector for iter = 2 
517034.hakushu-ib

real	1m0.217s
user	0m0.000s
sys	0m0.004s
Evolve bred vector for iter = 3 
Unperturbed boundary conditions will be used in the evolution of the perturbation
517036.hakushu-ib

real	3m57.159s
user	0m0.004s
sys	0m0.000s
Rescale bred vector for iter = 3 
517040.hakushu-ib

real	1m34.053s
user	0m0.008s
sys	0m0.000s
Evolve bred vector for iter = 4 
Unperturbed boundary conditions will be used in the evolution of the perturbation
517042.hakushu-ib

real	4m36.798s
user	0m0.004s
sys	0m0.008s
Rescale bred vector for iter = 4 
517048.hakushu-ib

real	1m36.465s
user	0m0.000s
sys	0m0.004s
Evolve bred vector for iter = 5 
Unperturbed boundary conditions will be used in the evolution of the perturbation
517049.hakushu-ib

real	4m4.346s
user	0m0.008s
sys	0m0.004s
Rescale bred vector for iter = 5 
517054.hakushu-ib

real	1m27.716s
user	0m0.004s
sys	0m0.004s
Las iteraciones de breeding in place son 5
We will perform 5 iteratons in this cycle
Running cycle starting at 20130713051330 
Evolve bred vector for iter = 1 
Unperturbed boundary conditions will be used in the evolution of the perturbation
517055.hakushu-ib

real	4m29.310s
user	0m0.000s
sys	0m0.004s
Rescale bred vector for iter = 1 
517060.hakushu-ib

real	1m18.857s
user	0m0.004s
sys	0m0.000s
Evolve bred vector for iter = 2 
Unperturbed boundary conditions will be used in the evolution of the perturbation
517062.hakushu-ib

real	3m59.713s
user	0m0.008s
sys	0m0.004s
Rescale bred vector for iter = 2 
517065.hakushu-ib

real	1m39.928s
user	0m0.000s
sys	0m0.012s
Evolve bred vector for iter = 3 
Unperturbed boundary conditions will be used in the evolution of the perturbation
517067.hakushu-ib

real	5m17.434s
user	0m0.004s
sys	0m0.008s
Rescale bred vector for iter = 3 
517072.hakushu-ib

real	1m27.964s
user	0m0.000s
sys	0m0.008s
Evolve bred vector for iter = 4 
Unperturbed boundary conditions will be used in the evolution of the perturbation
517073.hakushu-ib

real	4m34.800s
user	0m0.008s
sys	0m0.004s
Rescale bred vector for iter = 4 
517078.hakushu-ib

real	1m40.689s
user	0m0.000s
sys	0m0.008s
Evolve bred vector for iter = 5 
Unperturbed boundary conditions will be used in the evolution of the perturbation
517080.hakushu-ib

real	4m13.974s
user	0m0.000s
sys	0m0.008s
Rescale bred vector for iter = 5 
517084.hakushu-ib

real	1m23.831s
user	0m0.000s
sys	0m0.008s
Las iteraciones de breeding in place son 5
We will perform 5 iteratons in this cycle
Running cycle starting at 20130713051400 
Evolve bred vector for iter = 1 
Unperturbed boundary conditions will be used in the evolution of the perturbation
517085.hakushu-ib

real	3m56.965s
user	0m0.000s
sys	0m0.008s
Rescale bred vector for iter = 1 
517091.hakushu-ib

real	1m18.960s
user	0m0.000s
sys	0m0.008s
Evolve bred vector for iter = 2 
Unperturbed boundary conditions will be used in the evolution of the perturbation
517095.hakushu-ib

real	4m38.937s
user	0m0.000s
sys	0m0.004s
Rescale bred vector for iter = 2 
517108.hakushu-ib

real	0m57.408s
user	0m0.004s
sys	0m0.004s
Evolve bred vector for iter = 3 
Unperturbed boundary conditions will be used in the evolution of the perturbation
517109.hakushu-ib

real	4m51.054s
user	0m0.000s
sys	0m0.004s
Rescale bred vector for iter = 3 
517115.hakushu-ib

real	1m16.380s
user	0m0.004s
sys	0m0.000s
Evolve bred vector for iter = 4 
Unperturbed boundary conditions will be used in the evolution of the perturbation
517117.hakushu-ib

real	3m50.968s
user	0m0.004s
sys	0m0.008s
Rescale bred vector for iter = 4 
517120.hakushu-ib

real	1m28.207s
user	0m0.000s
sys	0m0.008s
Evolve bred vector for iter = 5 
Unperturbed boundary conditions will be used in the evolution of the perturbation
517122.hakushu-ib

real	4m44.810s
user	0m0.004s
sys	0m0.008s
Rescale bred vector for iter = 5 
517126.hakushu-ib

real	1m6.274s
user	0m0.000s
sys	0m0.004s
Las iteraciones de breeding in place son 5
We will perform 5 iteratons in this cycle
Running cycle starting at 20130713051430 
Evolve bred vector for iter = 1 
Unperturbed boundary conditions will be used in the evolution of the perturbation
517128.hakushu-ib

real	4m21.635s
user	0m0.000s
sys	0m0.012s
Rescale bred vector for iter = 1 
517132.hakushu-ib

real	1m26.015s
user	0m0.004s
sys	0m0.000s
Evolve bred vector for iter = 2 
Unperturbed boundary conditions will be used in the evolution of the perturbation
517134.hakushu-ib

real	4m34.937s
user	0m0.004s
sys	0m0.008s
Rescale bred vector for iter = 2 
517138.hakushu-ib

real	1m34.366s
user	0m0.000s
sys	0m0.008s
Evolve bred vector for iter = 3 
Unperturbed boundary conditions will be used in the evolution of the perturbation
517140.hakushu-ib

real	4m48.886s
user	0m0.000s
sys	0m0.012s
Rescale bred vector for iter = 3 
517144.hakushu-ib

real	1m6.363s
user	0m0.000s
sys	0m0.004s
Evolve bred vector for iter = 4 
Unperturbed boundary conditions will be used in the evolution of the perturbation
517146.hakushu-ib

real	4m49.750s
user	0m0.004s
sys	0m0.008s
Rescale bred vector for iter = 4 
517150.hakushu-ib

real	1m5.937s
user	0m0.000s
sys	0m0.008s
Evolve bred vector for iter = 5 
Unperturbed boundary conditions will be used in the evolution of the perturbation
517152.hakushu-ib

real	4m53.987s
user	0m0.004s
sys	0m0.008s
Rescale bred vector for iter = 5 
517157.hakushu-ib

real	1m29.252s
user	0m0.004s
sys	0m0.004s
Las iteraciones de breeding in place son 5
We will perform 5 iteratons in this cycle
Running cycle starting at 20130713051500 
Evolve bred vector for iter = 1 
Unperturbed boundary conditions will be used in the evolution of the perturbation
517159.hakushu-ib

real	4m17.639s
user	0m0.008s
sys	0m0.004s
Rescale bred vector for iter = 1 
517162.hakushu-ib

real	1m24.799s
user	0m0.008s
sys	0m0.004s
Evolve bred vector for iter = 2 
Unperturbed boundary conditions will be used in the evolution of the perturbation
517167.hakushu-ib

real	5m4.695s
user	0m0.004s
sys	0m0.008s
Rescale bred vector for iter = 2 
517180.hakushu-ib

real	1m35.823s
user	0m0.000s
sys	0m0.008s
Evolve bred vector for iter = 3 
Unperturbed boundary conditions will be used in the evolution of the perturbation
517182.hakushu-ib

real	4m31.361s
user	0m0.004s
sys	0m0.000s
Rescale bred vector for iter = 3 
517188.hakushu-ib

real	1m26.607s
user	0m0.000s
sys	0m0.004s
Evolve bred vector for iter = 4 
Unperturbed boundary conditions will be used in the evolution of the perturbation
517189.hakushu-ib

real	4m10.284s
user	0m0.004s
sys	0m0.004s
Rescale bred vector for iter = 4 
517194.hakushu-ib

real	1m18.459s
user	0m0.004s
sys	0m0.000s
Evolve bred vector for iter = 5 
Unperturbed boundary conditions will be used in the evolution of the perturbation
517195.hakushu-ib

real	4m54.855s
user	0m0.000s
sys	0m0.008s
Rescale bred vector for iter = 5 
517200.hakushu-ib

real	1m25.411s
user	0m0.004s
sys	0m0.004s
Las iteraciones de breeding in place son 5
We will perform 5 iteratons in this cycle
Running cycle starting at 20130713051530 
Evolve bred vector for iter = 1 
Unperturbed boundary conditions will be used in the evolution of the perturbation
517202.hakushu-ib

real	4m9.016s
user	0m0.004s
sys	0m0.004s
Rescale bred vector for iter = 1 
517206.hakushu-ib

real	0m55.121s
user	0m0.000s
sys	0m0.008s
Evolve bred vector for iter = 2 
Unperturbed boundary conditions will be used in the evolution of the perturbation
517207.hakushu-ib

real	4m15.433s
user	0m0.004s
sys	0m0.008s
Rescale bred vector for iter = 2 
517211.hakushu-ib

real	1m40.154s
user	0m0.004s
sys	0m0.004s
Evolve bred vector for iter = 3 
Unperturbed boundary conditions will be used in the evolution of the perturbation
517213.hakushu-ib

real	5m2.271s
user	0m0.004s
sys	0m0.008s
Rescale bred vector for iter = 3 
517216.hakushu-ib

real	1m22.544s
user	0m0.000s
sys	0m0.008s
Evolve bred vector for iter = 4 
Unperturbed boundary conditions will be used in the evolution of the perturbation
517220.hakushu-ib

real	4m29.893s
user	0m0.008s
sys	0m0.004s
Rescale bred vector for iter = 4 
517223.hakushu-ib

real	1m7.446s
user	0m0.000s
sys	0m0.012s
Evolve bred vector for iter = 5 
Unperturbed boundary conditions will be used in the evolution of the perturbation
517225.hakushu-ib

real	3m59.760s
user	0m0.004s
sys	0m0.008s
Rescale bred vector for iter = 5 
517228.hakushu-ib

real	0m58.841s
user	0m0.008s
sys	0m0.004s
Las iteraciones de breeding in place son 5
We will perform 5 iteratons in this cycle
Running cycle starting at 20130713051600 
Evolve bred vector for iter = 1 
Unperturbed boundary conditions will be used in the evolution of the perturbation
517230.hakushu-ib

real	4m36.089s
user	0m0.004s
sys	0m0.008s
Rescale bred vector for iter = 1 
517235.hakushu-ib

real	1m2.496s
user	0m0.000s
sys	0m0.004s
Evolve bred vector for iter = 2 
Unperturbed boundary conditions will be used in the evolution of the perturbation
517237.hakushu-ib

real	4m51.751s
user	0m0.008s
sys	0m0.004s
Rescale bred vector for iter = 2 
517251.hakushu-ib

real	1m44.542s
user	0m0.004s
sys	0m0.004s
Evolve bred vector for iter = 3 
Unperturbed boundary conditions will be used in the evolution of the perturbation
517255.hakushu-ib

real	5m13.454s
user	0m0.000s
sys	0m0.004s
Rescale bred vector for iter = 3 
517261.hakushu-ib

real	0m55.438s
user	0m0.000s
sys	0m0.008s
Evolve bred vector for iter = 4 
Unperturbed boundary conditions will be used in the evolution of the perturbation
517262.hakushu-ib

real	4m0.845s
user	0m0.008s
sys	0m0.004s
Rescale bred vector for iter = 4 
517265.hakushu-ib

real	1m9.235s
user	0m0.008s
sys	0m0.004s
Evolve bred vector for iter = 5 
Unperturbed boundary conditions will be used in the evolution of the perturbation
517268.hakushu-ib

real	3m54.080s
user	0m0.000s
sys	0m0.012s
Rescale bred vector for iter = 5 
517269.hakushu-ib

real	0m56.861s
user	0m0.004s
sys	0m0.008s
Las iteraciones de breeding in place son 5
We will perform 5 iteratons in this cycle
Running cycle starting at 20130713051630 
Evolve bred vector for iter = 1 
Unperturbed boundary conditions will be used in the evolution of the perturbation
517270.hakushu-ib

real	3m37.539s
user	0m0.000s
sys	0m0.012s
Rescale bred vector for iter = 1 
517275.hakushu-ib

real	0m55.023s
user	0m0.004s
sys	0m0.004s
Evolve bred vector for iter = 2 
Unperturbed boundary conditions will be used in the evolution of the perturbation
517276.hakushu-ib

real	3m45.466s
user	0m0.008s
sys	0m0.004s
Rescale bred vector for iter = 2 
517279.hakushu-ib

real	1m10.279s
user	0m0.008s
sys	0m0.000s
Evolve bred vector for iter = 3 
Unperturbed boundary conditions will be used in the evolution of the perturbation
517282.hakushu-ib

real	5m18.128s
user	0m0.004s
sys	0m0.008s
Rescale bred vector for iter = 3 
517287.hakushu-ib

real	1m39.403s
user	0m0.008s
sys	0m0.004s
Evolve bred vector for iter = 4 
Unperturbed boundary conditions will be used in the evolution of the perturbation
517288.hakushu-ib

real	5m37.184s
user	0m0.000s
sys	0m0.012s
Rescale bred vector for iter = 4 
517293.hakushu-ib

real	1m45.810s
user	0m0.000s
sys	0m0.004s
Evolve bred vector for iter = 5 
Unperturbed boundary conditions will be used in the evolution of the perturbation
517294.hakushu-ib

real	4m17.161s
user	0m0.004s
sys	0m0.008s
Rescale bred vector for iter = 5 
517299.hakushu-ib

real	1m20.874s
user	0m0.000s
sys	0m0.008s
Las iteraciones de breeding in place son 5
We will perform 5 iteratons in this cycle
Running cycle starting at 20130713051700 
Evolve bred vector for iter = 1 
Unperturbed boundary conditions will be used in the evolution of the perturbation
517300.hakushu-ib

real	4m22.787s
user	0m0.000s
sys	0m0.012s
Rescale bred vector for iter = 1 
517305.hakushu-ib

real	1m23.757s
user	0m0.004s
sys	0m0.004s
Evolve bred vector for iter = 2 
Unperturbed boundary conditions will be used in the evolution of the perturbation
517307.hakushu-ib

real	4m50.330s
user	0m0.004s
sys	0m0.008s
Rescale bred vector for iter = 2 
517319.hakushu-ib

real	1m43.355s
user	0m0.004s
sys	0m0.004s
Evolve bred vector for iter = 3 
Unperturbed boundary conditions will be used in the evolution of the perturbation
517324.hakushu-ib

real	4m0.090s
user	0m0.000s
sys	0m0.008s
Rescale bred vector for iter = 3 
517329.hakushu-ib

real	0m55.054s
user	0m0.004s
sys	0m0.004s
Evolve bred vector for iter = 4 
Unperturbed boundary conditions will be used in the evolution of the perturbation
517331.hakushu-ib

real	3m40.731s
user	0m0.008s
sys	0m0.004s
Rescale bred vector for iter = 4 
517336.hakushu-ib

real	0m56.807s
user	0m0.004s
sys	0m0.004s
Evolve bred vector for iter = 5 
Unperturbed boundary conditions will be used in the evolution of the perturbation
517337.hakushu-ib

real	3m55.325s
user	0m0.000s
sys	0m0.012s
Rescale bred vector for iter = 5 
517338.hakushu-ib

real	1m3.912s
user	0m0.000s
sys	0m0.008s
Las iteraciones de breeding in place son 5
We will perform 5 iteratons in this cycle
Running cycle starting at 20130713051730 
Evolve bred vector for iter = 1 
Unperturbed boundary conditions will be used in the evolution of the perturbation
517341.hakushu-ib

real	5m22.356s
user	0m0.004s
sys	0m0.008s
Rescale bred vector for iter = 1 
517345.hakushu-ib

real	0m59.743s
user	0m0.000s
sys	0m0.008s
Evolve bred vector for iter = 2 
Unperturbed boundary conditions will be used in the evolution of the perturbation
517349.hakushu-ib

real	4m22.449s
user	0m0.000s
sys	0m0.012s
Rescale bred vector for iter = 2 
517351.hakushu-ib

real	1m10.815s
user	0m0.004s
sys	0m0.004s
Evolve bred vector for iter = 3 
Unperturbed boundary conditions will be used in the evolution of the perturbation
517354.hakushu-ib

real	5m41.210s
user	0m0.008s
sys	0m0.004s
Rescale bred vector for iter = 3 
517358.hakushu-ib

real	1m17.506s
user	0m0.004s
sys	0m0.000s
Evolve bred vector for iter = 4 
Unperturbed boundary conditions will be used in the evolution of the perturbation
517361.hakushu-ib

real	5m7.090s
user	0m0.000s
sys	0m0.012s
Rescale bred vector for iter = 4 
517364.hakushu-ib

real	1m46.533s
user	0m0.004s
sys	0m0.004s
Evolve bred vector for iter = 5 
Unperturbed boundary conditions will be used in the evolution of the perturbation
517367.hakushu-ib

real	4m40.387s
user	0m0.000s
sys	0m0.012s
Rescale bred vector for iter = 5 
517371.hakushu-ib

real	0m56.729s
user	0m0.000s
sys	0m0.004s
Las iteraciones de breeding in place son 5
We will perform 5 iteratons in this cycle
Running cycle starting at 20130713051800 
Evolve bred vector for iter = 1 
Unperturbed boundary conditions will be used in the evolution of the perturbation
517372.hakushu-ib

real	4m40.964s
user	0m0.000s
sys	0m0.012s
Rescale bred vector for iter = 1 
517376.hakushu-ib

real	1m10.449s
user	0m0.008s
sys	0m0.004s
Evolve bred vector for iter = 2 
Unperturbed boundary conditions will be used in the evolution of the perturbation
517378.hakushu-ib

real	4m26.679s
user	0m0.008s
sys	0m0.004s
Rescale bred vector for iter = 2 
517388.hakushu-ib

real	0m55.015s
user	0m0.008s
sys	0m0.000s
Evolve bred vector for iter = 3 
Unperturbed boundary conditions will be used in the evolution of the perturbation
517392.hakushu-ib

real	4m30.842s
user	0m0.004s
sys	0m0.008s
Rescale bred vector for iter = 3 
517400.hakushu-ib

real	0m54.596s
user	0m0.004s
sys	0m0.000s
Evolve bred vector for iter = 4 
Unperturbed boundary conditions will be used in the evolution of the perturbation
517401.hakushu-ib

real	4m15.089s
user	0m0.000s
sys	0m0.004s
Rescale bred vector for iter = 4 
517407.hakushu-ib

real	0m55.963s
user	0m0.000s
sys	0m0.004s
Evolve bred vector for iter = 5 
Unperturbed boundary conditions will be used in the evolution of the perturbation
517408.hakushu-ib

real	4m8.360s
user	0m0.008s
sys	0m0.004s
Rescale bred vector for iter = 5 
517412.hakushu-ib

real	1m44.968s
user	0m0.004s
sys	0m0.000s
Las iteraciones de breeding in place son 5
We will perform 5 iteratons in this cycle
Running cycle starting at 20130713051830 
Evolve bred vector for iter = 1 
Unperturbed boundary conditions will be used in the evolution of the perturbation
517414.hakushu-ib

real	4m48.676s
user	0m0.004s
sys	0m0.008s
Rescale bred vector for iter = 1 
517419.hakushu-ib

real	1m25.461s
user	0m0.004s
sys	0m0.004s
Evolve bred vector for iter = 2 
Unperturbed boundary conditions will be used in the evolution of the perturbation
517420.hakushu-ib

real	5m0.009s
user	0m0.008s
sys	0m0.004s
Rescale bred vector for iter = 2 
517425.hakushu-ib

real	1m16.633s
user	0m0.004s
sys	0m0.008s
Evolve bred vector for iter = 3 
Unperturbed boundary conditions will be used in the evolution of the perturbation
517426.hakushu-ib

real	5m25.266s
user	0m0.004s
sys	0m0.008s
Rescale bred vector for iter = 3 
517431.hakushu-ib

real	1m20.008s
user	0m0.004s
sys	0m0.008s
Evolve bred vector for iter = 4 
Unperturbed boundary conditions will be used in the evolution of the perturbation
517433.hakushu-ib

real	4m9.197s
user	0m0.004s
sys	0m0.008s
Rescale bred vector for iter = 4 
517436.hakushu-ib

real	1m34.046s
user	0m0.004s
sys	0m0.004s
Evolve bred vector for iter = 5 
Unperturbed boundary conditions will be used in the evolution of the perturbation
517438.hakushu-ib

real	5m12.124s
user	0m0.004s
sys	0m0.008s
Rescale bred vector for iter = 5 
517443.hakushu-ib

real	1m30.221s
user	0m0.000s
sys	0m0.012s
Las iteraciones de breeding in place son 5
We will perform 5 iteratons in this cycle
Running cycle starting at 20130713051900 
Evolve bred vector for iter = 1 
Unperturbed boundary conditions will be used in the evolution of the perturbation
517444.hakushu-ib

real	5m24.389s
user	0m0.000s
sys	0m0.012s
Rescale bred vector for iter = 1 
517449.hakushu-ib

real	1m24.010s
user	0m0.008s
sys	0m0.004s
Evolve bred vector for iter = 2 
Unperturbed boundary conditions will be used in the evolution of the perturbation
517450.hakushu-ib

real	5m10.363s
user	0m0.000s
sys	0m0.012s
Rescale bred vector for iter = 2 
517463.hakushu-ib

real	1m22.703s
user	0m0.008s
sys	0m0.000s
Evolve bred vector for iter = 3 
Unperturbed boundary conditions will be used in the evolution of the perturbation
517467.hakushu-ib

real	4m23.798s
user	0m0.004s
sys	0m0.008s
Rescale bred vector for iter = 3 
517473.hakushu-ib

real	0m56.564s
user	0m0.000s
sys	0m0.008s
Evolve bred vector for iter = 4 
Unperturbed boundary conditions will be used in the evolution of the perturbation
517475.hakushu-ib

real	4m9.527s
user	0m0.000s
sys	0m0.012s
Rescale bred vector for iter = 4 
517480.hakushu-ib

real	0m56.119s
user	0m0.000s
sys	0m0.008s
Evolve bred vector for iter = 5 
Unperturbed boundary conditions will be used in the evolution of the perturbation
517481.hakushu-ib

real	3m56.543s
user	0m0.004s
sys	0m0.004s
Rescale bred vector for iter = 5 
517484.hakushu-ib

real	1m16.467s
user	0m0.004s
sys	0m0.004s
Las iteraciones de breeding in place son 5
We will perform 5 iteratons in this cycle
Running cycle starting at 20130713051930 
Evolve bred vector for iter = 1 
Unperturbed boundary conditions will be used in the evolution of the perturbation
517487.hakushu-ib

real	4m45.087s
user	0m0.008s
sys	0m0.004s
Rescale bred vector for iter = 1 
517490.hakushu-ib

real	1m9.496s
user	0m0.004s
sys	0m0.004s
Evolve bred vector for iter = 2 
Unperturbed boundary conditions will be used in the evolution of the perturbation
517493.hakushu-ib

real	4m51.330s
user	0m0.008s
sys	0m0.004s
Rescale bred vector for iter = 2 
517497.hakushu-ib

real	1m20.855s
user	0m0.000s
sys	0m0.008s
Evolve bred vector for iter = 3 
Unperturbed boundary conditions will be used in the evolution of the perturbation
517499.hakushu-ib

real	5m32.568s
user	0m0.004s
sys	0m0.008s
Rescale bred vector for iter = 3 
517502.hakushu-ib

real	1m32.968s
user	0m0.000s
sys	0m0.012s
Evolve bred vector for iter = 4 
Unperturbed boundary conditions will be used in the evolution of the perturbation
517505.hakushu-ib

real	5m10.299s
user	0m0.000s
sys	0m0.012s
Rescale bred vector for iter = 4 
517509.hakushu-ib

real	1m5.608s
user	0m0.004s
sys	0m0.008s
Evolve bred vector for iter = 5 
Unperturbed boundary conditions will be used in the evolution of the perturbation
517511.hakushu-ib

real	5m20.428s
user	0m0.000s
sys	0m0.012s
Rescale bred vector for iter = 5 
517515.hakushu-ib

real	1m8.623s
user	0m0.008s
sys	0m0.000s
Las iteraciones de breeding in place son 5
We will perform 5 iteratons in this cycle
Running cycle starting at 20130713052000 
Evolve bred vector for iter = 1 
Unperturbed boundary conditions will be used in the evolution of the perturbation
517519.hakushu-ib

real	4m12.056s
user	0m0.008s
sys	0m0.004s
Rescale bred vector for iter = 1 
517520.hakushu-ib

real	0m55.491s
user	0m0.008s
sys	0m0.004s
Evolve bred vector for iter = 2 
Unperturbed boundary conditions will be used in the evolution of the perturbation
517521.hakushu-ib

real	4m24.241s
user	0m0.000s
sys	0m0.004s
Rescale bred vector for iter = 2 
517534.hakushu-ib

real	0m56.949s
user	0m0.008s
sys	0m0.000s
Evolve bred vector for iter = 3 
Unperturbed boundary conditions will be used in the evolution of the perturbation
517535.hakushu-ib

real	4m54.897s
user	0m0.004s
sys	0m0.004s
Rescale bred vector for iter = 3 
517544.hakushu-ib

real	0m55.552s
user	0m0.004s
sys	0m0.000s
Evolve bred vector for iter = 4 
Unperturbed boundary conditions will be used in the evolution of the perturbation
517545.hakushu-ib

real	4m7.646s
user	0m0.000s
sys	0m0.012s
Rescale bred vector for iter = 4 
517551.hakushu-ib

real	0m56.303s
user	0m0.004s
sys	0m0.004s
Evolve bred vector for iter = 5 
Unperturbed boundary conditions will be used in the evolution of the perturbation
517552.hakushu-ib

real	3m59.452s
user	0m0.004s
sys	0m0.012s
Rescale bred vector for iter = 5 
517556.hakushu-ib

real	1m39.371s
user	0m0.000s
sys	0m0.008s
Las iteraciones de breeding in place son 5
We will perform 5 iteratons in this cycle
Running cycle starting at 20130713052030 
Evolve bred vector for iter = 1 
Unperturbed boundary conditions will be used in the evolution of the perturbation
517558.hakushu-ib

real	4m30.646s
user	0m0.000s
sys	0m0.012s
Rescale bred vector for iter = 1 
517562.hakushu-ib

real	1m33.168s
user	0m0.004s
sys	0m0.008s
Evolve bred vector for iter = 2 
Unperturbed boundary conditions will be used in the evolution of the perturbation
517564.hakushu-ib

real	5m48.348s
user	0m0.000s
sys	0m0.008s
Rescale bred vector for iter = 2 
517569.hakushu-ib

real	1m40.196s
user	0m0.000s
sys	0m0.004s
Evolve bred vector for iter = 3 
Unperturbed boundary conditions will be used in the evolution of the perturbation
517570.hakushu-ib

real	4m9.884s
user	0m0.004s
sys	0m0.008s
Rescale bred vector for iter = 3 
517575.hakushu-ib

real	1m35.547s
user	0m0.008s
sys	0m0.000s
Evolve bred vector for iter = 4 
Unperturbed boundary conditions will be used in the evolution of the perturbation
517576.hakushu-ib

real	4m35.914s
user	0m0.000s
sys	0m0.012s
Rescale bred vector for iter = 4 
517581.hakushu-ib

real	1m22.850s
user	0m0.004s
sys	0m0.004s
Evolve bred vector for iter = 5 
Unperturbed boundary conditions will be used in the evolution of the perturbation
517583.hakushu-ib

real	4m11.662s
user	0m0.000s
sys	0m0.012s
Rescale bred vector for iter = 5 
517586.hakushu-ib

real	1m31.484s
user	0m0.004s
sys	0m0.008s
Las iteraciones de breeding in place son 5
We will perform 5 iteratons in this cycle
Running cycle starting at 20130713052100 
Evolve bred vector for iter = 1 
Unperturbed boundary conditions will be used in the evolution of the perturbation
517589.hakushu-ib

real	5m29.887s
user	0m0.008s
sys	0m0.004s
Rescale bred vector for iter = 1 
517593.hakushu-ib

real	1m41.250s
user	0m0.000s
sys	0m0.004s
Evolve bred vector for iter = 2 
Unperturbed boundary conditions will be used in the evolution of the perturbation
517596.hakushu-ib

real	4m55.253s
user	0m0.004s
sys	0m0.008s
Rescale bred vector for iter = 2 
517608.hakushu-ib

real	0m56.247s
user	0m0.004s
sys	0m0.000s
Evolve bred vector for iter = 3 
Unperturbed boundary conditions will be used in the evolution of the perturbation
517611.hakushu-ib

real	4m52.870s
user	0m0.004s
sys	0m0.008s
Rescale bred vector for iter = 3 
517617.hakushu-ib

real	1m32.128s
user	0m0.004s
sys	0m0.000s
Evolve bred vector for iter = 4 
Unperturbed boundary conditions will be used in the evolution of the perturbation
517620.hakushu-ib

real	4m18.299s
user	0m0.000s
sys	0m0.008s
Rescale bred vector for iter = 4 
517624.hakushu-ib

real	0m58.268s
user	0m0.000s
sys	0m0.008s
Evolve bred vector for iter = 5 
Unperturbed boundary conditions will be used in the evolution of the perturbation
517626.hakushu-ib

real	4m34.821s
user	0m0.000s
sys	0m0.012s
Rescale bred vector for iter = 5 
517630.hakushu-ib

real	1m19.850s
user	0m0.000s
sys	0m0.004s
Las iteraciones de breeding in place son 5
We will perform 5 iteratons in this cycle
Running cycle starting at 20130713052130 
Evolve bred vector for iter = 1 
Unperturbed boundary conditions will be used in the evolution of the perturbation
517632.hakushu-ib

real	4m55.320s
user	0m0.000s
sys	0m0.012s
Rescale bred vector for iter = 1 
517636.hakushu-ib

real	1m31.017s
user	0m0.004s
sys	0m0.008s
Evolve bred vector for iter = 2 
Unperturbed boundary conditions will be used in the evolution of the perturbation
517638.hakushu-ib

real	5m57.323s
user	0m0.008s
sys	0m0.004s
Rescale bred vector for iter = 2 
517642.hakushu-ib

real	1m14.111s
user	0m0.004s
sys	0m0.004s
Evolve bred vector for iter = 3 
Unperturbed boundary conditions will be used in the evolution of the perturbation
517646.hakushu-ib

real	4m8.283s
user	0m0.008s
sys	0m0.000s
Rescale bred vector for iter = 3 
517648.hakushu-ib

real	0m57.773s
user	0m0.000s
sys	0m0.008s
Evolve bred vector for iter = 4 
Unperturbed boundary conditions will be used in the evolution of the perturbation
517649.hakushu-ib

real	4m0.629s
user	0m0.008s
sys	0m0.004s
Rescale bred vector for iter = 4 
517654.hakushu-ib

real	0m58.379s
user	0m0.008s
sys	0m0.000s
Evolve bred vector for iter = 5 
Unperturbed boundary conditions will be used in the evolution of the perturbation
517655.hakushu-ib

real	4m0.308s
user	0m0.004s
sys	0m0.008s
Rescale bred vector for iter = 5 
517660.hakushu-ib

real	0m57.888s
user	0m0.004s
sys	0m0.008s
Las iteraciones de breeding in place son 5
We will perform 5 iteratons in this cycle
Running cycle starting at 20130713052200 
Evolve bred vector for iter = 1 
Unperturbed boundary conditions will be used in the evolution of the perturbation
517661.hakushu-ib

real	4m3.564s
user	0m0.008s
sys	0m0.004s
Rescale bred vector for iter = 1 
517664.hakushu-ib

real	1m11.914s
user	0m0.004s
sys	0m0.004s
Evolve bred vector for iter = 2 
Unperturbed boundary conditions will be used in the evolution of the perturbation
517667.hakushu-ib

real	5m15.935s
user	0m0.004s
sys	0m0.008s
Rescale bred vector for iter = 2 
517678.hakushu-ib

real	1m29.855s
user	0m0.004s
sys	0m0.008s
Evolve bred vector for iter = 3 
Unperturbed boundary conditions will be used in the evolution of the perturbation
517681.hakushu-ib

real	4m51.741s
user	0m0.004s
sys	0m0.008s
Rescale bred vector for iter = 3 
517689.hakushu-ib

real	1m30.629s
user	0m0.004s
sys	0m0.000s
Evolve bred vector for iter = 4 
Unperturbed boundary conditions will be used in the evolution of the perturbation
517692.hakushu-ib

real	4m23.026s
user	0m0.004s
sys	0m0.008s
Rescale bred vector for iter = 4 
517697.hakushu-ib

real	1m43.605s
user	0m0.000s
sys	0m0.012s
Evolve bred vector for iter = 5 
Unperturbed boundary conditions will be used in the evolution of the perturbation
517698.hakushu-ib

real	4m24.567s
user	0m0.004s
sys	0m0.008s
Rescale bred vector for iter = 5 
517703.hakushu-ib

real	1m4.790s
user	0m0.000s
sys	0m0.008s
Las iteraciones de breeding in place son 5
We will perform 5 iteratons in this cycle
Running cycle starting at 20130713052230 
Evolve bred vector for iter = 1 
Unperturbed boundary conditions will be used in the evolution of the perturbation
517704.hakushu-ib

real	4m55.957s
user	0m0.004s
sys	0m0.008s
Rescale bred vector for iter = 1 
517709.hakushu-ib

real	1m27.309s
user	0m0.004s
sys	0m0.000s
Evolve bred vector for iter = 2 
Unperturbed boundary conditions will be used in the evolution of the perturbation
517711.hakushu-ib

real	4m9.413s
user	0m0.004s
sys	0m0.008s
Rescale bred vector for iter = 2 
517714.hakushu-ib

real	1m23.724s
user	0m0.000s
sys	0m0.008s
Evolve bred vector for iter = 3 
Unperturbed boundary conditions will be used in the evolution of the perturbation
517716.hakushu-ib

real	4m39.053s
user	0m0.008s
sys	0m0.004s
Rescale bred vector for iter = 3 
517721.hakushu-ib

real	1m18.830s
user	0m0.004s
sys	0m0.004s
Evolve bred vector for iter = 4 
Unperturbed boundary conditions will be used in the evolution of the perturbation
517722.hakushu-ib

real	4m43.927s
user	0m0.004s
sys	0m0.008s
Rescale bred vector for iter = 4 
517727.hakushu-ib

real	1m25.542s
user	0m0.000s
sys	0m0.008s
Evolve bred vector for iter = 5 
Unperturbed boundary conditions will be used in the evolution of the perturbation
517728.hakushu-ib

real	4m12.156s
user	0m0.004s
sys	0m0.008s
Rescale bred vector for iter = 5 
517733.hakushu-ib

real	1m22.660s
user	0m0.004s
sys	0m0.004s
Las iteraciones de breeding in place son 5
We will perform 5 iteratons in this cycle
Running cycle starting at 20130713052300 
Evolve bred vector for iter = 1 
Unperturbed boundary conditions will be used in the evolution of the perturbation
517734.hakushu-ib

real	4m45.638s
user	0m0.004s
sys	0m0.008s
Rescale bred vector for iter = 1 
517739.hakushu-ib

real	1m16.227s
user	0m0.008s
sys	0m0.004s
Evolve bred vector for iter = 2 
Unperturbed boundary conditions will be used in the evolution of the perturbation
517741.hakushu-ib

real	4m7.369s
user	0m0.008s
sys	0m0.004s
Rescale bred vector for iter = 2 
517751.hakushu-ib

real	1m45.742s
user	0m0.000s
sys	0m0.012s
Evolve bred vector for iter = 3 
Unperturbed boundary conditions will be used in the evolution of the perturbation
517754.hakushu-ib

real	4m59.032s
user	0m0.008s
sys	0m0.000s
Rescale bred vector for iter = 3 
517763.hakushu-ib

real	1m16.717s
user	0m0.004s
sys	0m0.008s
Evolve bred vector for iter = 4 
Unperturbed boundary conditions will be used in the evolution of the perturbation
517765.hakushu-ib

real	4m30.011s
user	0m0.000s
sys	0m0.012s
Rescale bred vector for iter = 4 
517770.hakushu-ib

real	1m26.474s
user	0m0.000s
sys	0m0.004s
Evolve bred vector for iter = 5 
Unperturbed boundary conditions will be used in the evolution of the perturbation
517771.hakushu-ib

real	4m2.861s
user	0m0.004s
sys	0m0.008s
Rescale bred vector for iter = 5 
517776.hakushu-ib

real	1m24.296s
user	0m0.004s
sys	0m0.008s
Las iteraciones de breeding in place son 5
We will perform 5 iteratons in this cycle
Running cycle starting at 20130713052330 
Evolve bred vector for iter = 1 
Unperturbed boundary conditions will be used in the evolution of the perturbation
517777.hakushu-ib

real	4m17.458s
user	0m0.000s
sys	0m0.004s
Rescale bred vector for iter = 1 
517782.hakushu-ib

real	1m18.053s
user	0m0.004s
sys	0m0.004s
Evolve bred vector for iter = 2 
Unperturbed boundary conditions will be used in the evolution of the perturbation
517784.hakushu-ib

real	4m9.105s
user	0m0.004s
sys	0m0.008s
Rescale bred vector for iter = 2 
517787.hakushu-ib

real	1m27.560s
user	0m0.008s
sys	0m0.004s
Evolve bred vector for iter = 3 
Unperturbed boundary conditions will be used in the evolution of the perturbation
517790.hakushu-ib

real	4m35.491s
user	0m0.004s
sys	0m0.008s
Rescale bred vector for iter = 3 
517794.hakushu-ib

real	1m34.175s
user	0m0.004s
sys	0m0.000s
Evolve bred vector for iter = 4 
Unperturbed boundary conditions will be used in the evolution of the perturbation
517795.hakushu-ib

real	4m46.665s
user	0m0.004s
sys	0m0.008s
Rescale bred vector for iter = 4 
517800.hakushu-ib

real	1m9.690s
user	0m0.004s
sys	0m0.004s
Evolve bred vector for iter = 5 
Unperturbed boundary conditions will be used in the evolution of the perturbation
517801.hakushu-ib

real	4m27.731s
user	0m0.000s
sys	0m0.008s
Rescale bred vector for iter = 5 
517806.hakushu-ib

real	1m39.833s
user	0m0.008s
sys	0m0.000s
Las iteraciones de breeding in place son 5
We will perform 5 iteratons in this cycle
Running cycle starting at 20130713052400 
Evolve bred vector for iter = 1 
Unperturbed boundary conditions will be used in the evolution of the perturbation
517807.hakushu-ib

real	4m41.772s
user	0m0.004s
sys	0m0.008s
Rescale bred vector for iter = 1 
517812.hakushu-ib

real	1m10.918s
user	0m0.008s
sys	0m0.004s
Evolve bred vector for iter = 2 
Unperturbed boundary conditions will be used in the evolution of the perturbation
517814.hakushu-ib

real	4m21.967s
user	0m0.004s
sys	0m0.008s
Rescale bred vector for iter = 2 
517824.hakushu-ib

real	0m56.182s
user	0m0.008s
sys	0m0.000s
Evolve bred vector for iter = 3 
Unperturbed boundary conditions will be used in the evolution of the perturbation
517827.hakushu-ib

real	4m20.866s
user	0m0.004s
sys	0m0.004s
Rescale bred vector for iter = 3 
517836.hakushu-ib

real	0m55.271s
user	0m0.000s
sys	0m0.004s
Evolve bred vector for iter = 4 
Unperturbed boundary conditions will be used in the evolution of the perturbation
517837.hakushu-ib

real	4m4.587s
user	0m0.004s
sys	0m0.000s
Rescale bred vector for iter = 4 
517842.hakushu-ib

real	1m34.878s
user	0m0.000s
sys	0m0.008s
Evolve bred vector for iter = 5 
Unperturbed boundary conditions will be used in the evolution of the perturbation
517844.hakushu-ib

real	4m37.894s
user	0m0.004s
sys	0m0.008s
Rescale bred vector for iter = 5 
517848.hakushu-ib

real	1m34.868s
user	0m0.000s
sys	0m0.008s
Las iteraciones de breeding in place son 5
We will perform 5 iteratons in this cycle
Running cycle starting at 20130713052430 
Evolve bred vector for iter = 1 
Unperturbed boundary conditions will be used in the evolution of the perturbation
517850.hakushu-ib

real	4m51.393s
user	0m0.000s
sys	0m0.012s
Rescale bred vector for iter = 1 
517854.hakushu-ib

real	1m10.095s
user	0m0.000s
sys	0m0.008s
Evolve bred vector for iter = 2 
Unperturbed boundary conditions will be used in the evolution of the perturbation
517856.hakushu-ib

real	4m52.205s
user	0m0.004s
sys	0m0.008s
Rescale bred vector for iter = 2 
517860.hakushu-ib

real	0m56.850s
user	0m0.004s
sys	0m0.008s
Evolve bred vector for iter = 3 
Unperturbed boundary conditions will be used in the evolution of the perturbation
517861.hakushu-ib

real	3m49.488s
user	0m0.004s
sys	0m0.008s
Rescale bred vector for iter = 3 
517865.hakushu-ib

real	0m56.687s
user	0m0.004s
sys	0m0.004s
Evolve bred vector for iter = 4 
Unperturbed boundary conditions will be used in the evolution of the perturbation
517866.hakushu-ib

real	5m20.906s
user	0m0.004s
sys	0m0.008s
Rescale bred vector for iter = 4 
517871.hakushu-ib

real	1m27.528s
user	0m0.000s
sys	0m0.008s
Evolve bred vector for iter = 5 
Unperturbed boundary conditions will be used in the evolution of the perturbation
517873.hakushu-ib

real	3m57.100s
user	0m0.004s
sys	0m0.008s
Rescale bred vector for iter = 5 
517877.hakushu-ib

real	0m56.059s
user	0m0.004s
sys	0m0.004s
Las iteraciones de breeding in place son 5
We will perform 5 iteratons in this cycle
Running cycle starting at 20130713052500 
Evolve bred vector for iter = 1 
Unperturbed boundary conditions will be used in the evolution of the perturbation
517878.hakushu-ib

real	3m52.820s
user	0m0.012s
sys	0m0.000s
Rescale bred vector for iter = 1 
517883.hakushu-ib

real	0m56.358s
user	0m0.008s
sys	0m0.000s
Evolve bred vector for iter = 2 
Unperturbed boundary conditions will be used in the evolution of the perturbation
517884.hakushu-ib

real	4m21.397s
user	0m0.004s
sys	0m0.008s
Rescale bred vector for iter = 2 
517887.hakushu-ib

real	1m12.527s
user	0m0.000s
sys	0m0.004s
Evolve bred vector for iter = 3 
Unperturbed boundary conditions will be used in the evolution of the perturbation
517890.hakushu-ib

real	5m9.432s
user	0m0.004s
sys	0m0.008s
Rescale bred vector for iter = 3 
517902.hakushu-ib

real	0m57.122s
user	0m0.008s
sys	0m0.000s
Evolve bred vector for iter = 4 
Unperturbed boundary conditions will be used in the evolution of the perturbation
517906.hakushu-ib

real	4m36.243s
user	0m0.004s
sys	0m0.008s
Rescale bred vector for iter = 4 
517912.hakushu-ib

real	1m24.802s
user	0m0.004s
sys	0m0.008s
Evolve bred vector for iter = 5 
Unperturbed boundary conditions will be used in the evolution of the perturbation
517914.hakushu-ib

real	5m36.779s
user	0m0.004s
sys	0m0.004s
Rescale bred vector for iter = 5 
517918.hakushu-ib

real	1m38.833s
user	0m0.008s
sys	0m0.004s
Las iteraciones de breeding in place son 5
We will perform 5 iteratons in this cycle
Running cycle starting at 20130713052530 
Evolve bred vector for iter = 1 
Unperturbed boundary conditions will be used in the evolution of the perturbation
517921.hakushu-ib

real	5m10.344s
user	0m0.000s
sys	0m0.008s
Rescale bred vector for iter = 1 
517925.hakushu-ib

real	0m57.250s
user	0m0.004s
sys	0m0.008s
Evolve bred vector for iter = 2 
Unperturbed boundary conditions will be used in the evolution of the perturbation
517927.hakushu-ib

real	4m27.876s
user	0m0.008s
sys	0m0.000s
Rescale bred vector for iter = 2 
517930.hakushu-ib

real	1m22.752s
user	0m0.004s
sys	0m0.000s
Evolve bred vector for iter = 3 
Unperturbed boundary conditions will be used in the evolution of the perturbation
517932.hakushu-ib

real	4m30.762s
user	0m0.004s
sys	0m0.008s
Rescale bred vector for iter = 3 
517936.hakushu-ib

real	0m57.318s
user	0m0.008s
sys	0m0.004s
Evolve bred vector for iter = 4 
Unperturbed boundary conditions will be used in the evolution of the perturbation
517938.hakushu-ib

real	4m34.493s
user	0m0.004s
sys	0m0.004s
Rescale bred vector for iter = 4 
517942.hakushu-ib

real	1m17.310s
user	0m0.004s
sys	0m0.004s
Evolve bred vector for iter = 5 
Unperturbed boundary conditions will be used in the evolution of the perturbation
517944.hakushu-ib

real	4m16.749s
user	0m0.004s
sys	0m0.008s
Rescale bred vector for iter = 5 
517947.hakushu-ib

real	1m27.148s
user	0m0.000s
sys	0m0.004s
Las iteraciones de breeding in place son 5
We will perform 5 iteratons in this cycle
Running cycle starting at 20130713052600 
Evolve bred vector for iter = 1 
Unperturbed boundary conditions will be used in the evolution of the perturbation
517950.hakushu-ib

real	4m26.110s
user	0m0.004s
sys	0m0.008s
Rescale bred vector for iter = 1 
517954.hakushu-ib

real	1m22.721s
user	0m0.000s
sys	0m0.008s
Evolve bred vector for iter = 2 
Unperturbed boundary conditions will be used in the evolution of the perturbation
517955.hakushu-ib

real	4m23.046s
user	0m0.008s
sys	0m0.004s
Rescale bred vector for iter = 2 
517960.hakushu-ib

real	1m24.573s
user	0m0.000s
sys	0m0.004s
Evolve bred vector for iter = 3 
Unperturbed boundary conditions will be used in the evolution of the perturbation
517961.hakushu-ib

real	4m57.604s
user	0m0.000s
sys	0m0.008s
Rescale bred vector for iter = 3 
517977.hakushu-ib

real	1m25.563s
user	0m0.004s
sys	0m0.000s
Evolve bred vector for iter = 4 
Unperturbed boundary conditions will be used in the evolution of the perturbation
517980.hakushu-ib

real	4m0.499s
user	0m0.004s
sys	0m0.004s
Rescale bred vector for iter = 4 
517988.hakushu-ib

real	1m7.047s
user	0m0.000s
sys	0m0.008s
Evolve bred vector for iter = 5 
Unperturbed boundary conditions will be used in the evolution of the perturbation
517989.hakushu-ib

real	4m53.509s
user	0m0.004s
sys	0m0.008s
Rescale bred vector for iter = 5 
517996.hakushu-ib

real	1m4.881s
user	0m0.004s
sys	0m0.004s
Las iteraciones de breeding in place son 5
We will perform 5 iteratons in this cycle
Running cycle starting at 20130713052630 
Evolve bred vector for iter = 1 
Unperturbed boundary conditions will be used in the evolution of the perturbation
517997.hakushu-ib

real	4m35.239s
user	0m0.000s
sys	0m0.012s
Rescale bred vector for iter = 1 
518003.hakushu-ib

real	0m57.331s
user	0m0.000s
sys	0m0.004s
Evolve bred vector for iter = 2 
Unperturbed boundary conditions will be used in the evolution of the perturbation
518005.hakushu-ib

real	4m52.485s
user	0m0.004s
sys	0m0.004s
Rescale bred vector for iter = 2 
518011.hakushu-ib

real	0m56.856s
user	0m0.004s
sys	0m0.004s
Evolve bred vector for iter = 3 
Unperturbed boundary conditions will be used in the evolution of the perturbation
518012.hakushu-ib

real	5m27.889s
user	0m0.004s
sys	0m0.008s
Rescale bred vector for iter = 3 
518018.hakushu-ib

real	1m6.057s
user	0m0.000s
sys	0m0.004s
Evolve bred vector for iter = 4 
Unperturbed boundary conditions will be used in the evolution of the perturbation
518021.hakushu-ib

real	5m22.226s
user	0m0.004s
sys	0m0.008s
Rescale bred vector for iter = 4 
518027.hakushu-ib

real	0m55.396s
user	0m0.004s
sys	0m0.004s
Evolve bred vector for iter = 5 
Unperturbed boundary conditions will be used in the evolution of the perturbation
518028.hakushu-ib

real	5m30.394s
user	0m0.008s
sys	0m0.008s
Rescale bred vector for iter = 5 
518034.hakushu-ib

real	1m7.949s
user	0m0.000s
sys	0m0.004s
Las iteraciones de breeding in place son 5
We will perform 5 iteratons in this cycle
Running cycle starting at 20130713052700 
Evolve bred vector for iter = 1 
Unperturbed boundary conditions will be used in the evolution of the perturbation
518038.hakushu-ib

real	4m15.565s
user	0m0.004s
sys	0m0.008s
Rescale bred vector for iter = 1 
518042.hakushu-ib

real	0m58.503s
user	0m0.004s
sys	0m0.004s
Evolve bred vector for iter = 2 
Unperturbed boundary conditions will be used in the evolution of the perturbation
518043.hakushu-ib

real	4m26.908s
user	0m0.000s
sys	0m0.012s
Rescale bred vector for iter = 2 
518050.hakushu-ib

real	0m56.048s
user	0m0.000s
sys	0m0.008s
Evolve bred vector for iter = 3 
Unperturbed boundary conditions will be used in the evolution of the perturbation
518051.hakushu-ib

real	4m30.663s
user	0m0.004s
sys	0m0.008s
Rescale bred vector for iter = 3 
518066.hakushu-ib

real	1m22.675s
user	0m0.000s
sys	0m0.012s
Evolve bred vector for iter = 4 
Unperturbed boundary conditions will be used in the evolution of the perturbation
518070.hakushu-ib

real	5m31.232s
user	0m0.004s
sys	0m0.000s
Rescale bred vector for iter = 4 
518079.hakushu-ib

real	1m7.682s
user	0m0.008s
sys	0m0.000s
Evolve bred vector for iter = 5 
Unperturbed boundary conditions will be used in the evolution of the perturbation
518080.hakushu-ib

real	4m38.903s
user	0m0.012s
sys	0m0.000s
Rescale bred vector for iter = 5 
518087.hakushu-ib

real	1m7.392s
user	0m0.000s
sys	0m0.008s
Las iteraciones de breeding in place son 5
We will perform 5 iteratons in this cycle
Running cycle starting at 20130713052730 
Evolve bred vector for iter = 1 
Unperturbed boundary conditions will be used in the evolution of the perturbation
518088.hakushu-ib

real	5m24.990s
user	0m0.004s
sys	0m0.008s
Rescale bred vector for iter = 1 
518095.hakushu-ib

real	1m2.483s
user	0m0.000s
sys	0m0.008s
Evolve bred vector for iter = 2 
Unperturbed boundary conditions will be used in the evolution of the perturbation
518096.hakushu-ib

real	4m31.530s
user	0m0.000s
sys	0m0.012s
Rescale bred vector for iter = 2 
518103.hakushu-ib

real	0m59.352s
user	0m0.004s
sys	0m0.000s
Evolve bred vector for iter = 3 
Unperturbed boundary conditions will be used in the evolution of the perturbation
518104.hakushu-ib

real	4m28.189s
user	0m0.000s
sys	0m0.004s
Rescale bred vector for iter = 3 
518110.hakushu-ib

real	1m19.739s
user	0m0.008s
sys	0m0.004s
Evolve bred vector for iter = 4 
Unperturbed boundary conditions will be used in the evolution of the perturbation
518112.hakushu-ib

real	4m31.744s
user	0m0.000s
sys	0m0.012s
Rescale bred vector for iter = 4 
518119.hakushu-ib

real	1m18.752s
user	0m0.004s
sys	0m0.004s
Evolve bred vector for iter = 5 
Unperturbed boundary conditions will be used in the evolution of the perturbation
518122.hakushu-ib

real	4m48.180s
user	0m0.004s
sys	0m0.008s
Rescale bred vector for iter = 5 
518127.hakushu-ib

real	1m4.560s
user	0m0.000s
sys	0m0.008s
Las iteraciones de breeding in place son 5
We will perform 5 iteratons in this cycle
Running cycle starting at 20130713052800 
Evolve bred vector for iter = 1 
Unperturbed boundary conditions will be used in the evolution of the perturbation
518131.hakushu-ib

real	4m44.439s
user	0m0.000s
sys	0m0.012s
Rescale bred vector for iter = 1 
518135.hakushu-ib

real	1m6.863s
user	0m0.000s
sys	0m0.012s
Evolve bred vector for iter = 2 
Unperturbed boundary conditions will be used in the evolution of the perturbation
518138.hakushu-ib

real	3m57.969s
user	0m0.004s
sys	0m0.008s
Rescale bred vector for iter = 2 
518140.hakushu-ib

real	0m56.831s
user	0m0.000s
sys	0m0.004s
Evolve bred vector for iter = 3 
Unperturbed boundary conditions will be used in the evolution of the perturbation
518143.hakushu-ib

real	5m22.985s
user	0m0.008s
sys	0m0.004s
Rescale bred vector for iter = 3 
518154.hakushu-ib

real	1m4.148s
user	0m0.008s
sys	0m0.004s
Evolve bred vector for iter = 4 
Unperturbed boundary conditions will be used in the evolution of the perturbation
518161.hakushu-ib

real	5m39.185s
user	0m0.004s
sys	0m0.004s
Rescale bred vector for iter = 4 
518167.hakushu-ib

real	0m57.635s
user	0m0.004s
sys	0m0.000s
Evolve bred vector for iter = 5 
Unperturbed boundary conditions will be used in the evolution of the perturbation
518170.hakushu-ib

real	5m33.611s
user	0m0.000s
sys	0m0.008s
Rescale bred vector for iter = 5 
518174.hakushu-ib

real	1m6.848s
user	0m0.004s
sys	0m0.004s
Las iteraciones de breeding in place son 5
We will perform 5 iteratons in this cycle
Running cycle starting at 20130713052830 
Evolve bred vector for iter = 1 
Unperturbed boundary conditions will be used in the evolution of the perturbation
518176.hakushu-ib

real	6m17.572s
user	0m0.008s
sys	0m0.004s
Rescale bred vector for iter = 1 
518180.hakushu-ib

real	1m6.072s
user	0m0.000s
sys	0m0.004s
Evolve bred vector for iter = 2 
Unperturbed boundary conditions will be used in the evolution of the perturbation
518184.hakushu-ib

real	4m34.514s
user	0m0.004s
sys	0m0.008s
Rescale bred vector for iter = 2 
518186.hakushu-ib

real	1m0.897s
user	0m0.004s
sys	0m0.004s
Evolve bred vector for iter = 3 
Unperturbed boundary conditions will be used in the evolution of the perturbation
518189.hakushu-ib

real	5m18.330s
user	0m0.000s
sys	0m0.012s
Rescale bred vector for iter = 3 
518193.hakushu-ib

real	1m4.242s
user	0m0.000s
sys	0m0.004s
Evolve bred vector for iter = 4 
Unperturbed boundary conditions will be used in the evolution of the perturbation
518197.hakushu-ib

real	4m52.800s
user	0m0.004s
sys	0m0.008s
Rescale bred vector for iter = 4 
518198.hakushu-ib

real	0m58.819s
user	0m0.000s
sys	0m0.012s
Evolve bred vector for iter = 5 
Unperturbed boundary conditions will be used in the evolution of the perturbation
518201.hakushu-ib

real	5m12.254s
user	0m0.008s
sys	0m0.004s
Rescale bred vector for iter = 5 
518204.hakushu-ib

real	1m6.354s
user	0m0.004s
sys	0m0.008s
Las iteraciones de breeding in place son 5
We will perform 5 iteratons in this cycle
Running cycle starting at 20130713052900 
Evolve bred vector for iter = 1 
Unperturbed boundary conditions will be used in the evolution of the perturbation
518207.hakushu-ib

real	5m54.147s
user	0m0.004s
sys	0m0.004s
Rescale bred vector for iter = 1 
518211.hakushu-ib

real	1m0.053s
user	0m0.000s
sys	0m0.008s
Evolve bred vector for iter = 2 
Unperturbed boundary conditions will be used in the evolution of the perturbation
518214.hakushu-ib

real	4m44.129s
user	0m0.004s
sys	0m0.008s
Rescale bred vector for iter = 2 
518224.hakushu-ib

real	1m8.241s
user	0m0.000s
sys	0m0.008s
Evolve bred vector for iter = 3 
Unperturbed boundary conditions will be used in the evolution of the perturbation
518228.hakushu-ib

real	4m37.457s
user	0m0.000s
sys	0m0.012s
Rescale bred vector for iter = 3 
518234.hakushu-ib

real	0m55.987s
user	0m0.004s
sys	0m0.000s
Evolve bred vector for iter = 4 
Unperturbed boundary conditions will be used in the evolution of the perturbation
518235.hakushu-ib

real	4m13.696s
user	0m0.000s
sys	0m0.008s
Rescale bred vector for iter = 4 
518241.hakushu-ib

real	0m56.531s
user	0m0.008s
sys	0m0.004s
Evolve bred vector for iter = 5 
Unperturbed boundary conditions will be used in the evolution of the perturbation
518242.hakushu-ib

real	4m21.023s
user	0m0.008s
sys	0m0.000s
Rescale bred vector for iter = 5 
518247.hakushu-ib

real	0m57.002s
user	0m0.008s
sys	0m0.000s
Las iteraciones de breeding in place son 5
We will perform 5 iteratons in this cycle
Running cycle starting at 20130713052930 
Evolve bred vector for iter = 1 
Unperturbed boundary conditions will be used in the evolution of the perturbation
518248.hakushu-ib

real	4m8.670s
user	0m0.012s
sys	0m0.000s
Rescale bred vector for iter = 1 
518252.hakushu-ib

real	1m13.281s
user	0m0.008s
sys	0m0.004s
Evolve bred vector for iter = 2 
Unperturbed boundary conditions will be used in the evolution of the perturbation
518254.hakushu-ib

real	5m6.734s
user	0m0.000s
sys	0m0.012s
Rescale bred vector for iter = 2 
518258.hakushu-ib

real	0m57.723s
user	0m0.004s
sys	0m0.004s
Evolve bred vector for iter = 3 
Unperturbed boundary conditions will be used in the evolution of the perturbation
518259.hakushu-ib

real	3m47.968s
user	0m0.000s
sys	0m0.012s
Rescale bred vector for iter = 3 
518263.hakushu-ib

real	0m55.485s
user	0m0.012s
sys	0m0.000s
Evolve bred vector for iter = 4 
Unperturbed boundary conditions will be used in the evolution of the perturbation
518264.hakushu-ib

real	3m48.238s
user	0m0.000s
sys	0m0.012s
Rescale bred vector for iter = 4 
518268.hakushu-ib

real	1m39.905s
user	0m0.004s
sys	0m0.008s
Evolve bred vector for iter = 5 
Unperturbed boundary conditions will be used in the evolution of the perturbation
518270.hakushu-ib

real	4m11.224s
user	0m0.004s
sys	0m0.008s
Rescale bred vector for iter = 5 
518274.hakushu-ib

real	1m38.081s
user	0m0.008s
sys	0m0.004s
Las iteraciones de breeding in place son 5
We will perform 5 iteratons in this cycle
Running cycle starting at 20130713053000 
Evolve bred vector for iter = 1 
Unperturbed boundary conditions will be used in the evolution of the perturbation
518276.hakushu-ib

real	4m46.984s
user	0m0.004s
sys	0m0.004s
Rescale bred vector for iter = 1 
518280.hakushu-ib

real	1m6.517s
user	0m0.004s
sys	0m0.004s
Evolve bred vector for iter = 2 
Unperturbed boundary conditions will be used in the evolution of the perturbation
518282.hakushu-ib

real	4m45.814s
user	0m0.004s
sys	0m0.008s
Rescale bred vector for iter = 2 
518286.hakushu-ib

real	0m56.664s
user	0m0.008s
sys	0m0.004s
Evolve bred vector for iter = 3 
Unperturbed boundary conditions will be used in the evolution of the perturbation
518287.hakushu-ib

real	5m33.752s
user	0m0.000s
sys	0m0.008s
Rescale bred vector for iter = 3 
518299.hakushu-ib

real	2m2.618s
user	0m0.000s
sys	0m0.004s
Evolve bred vector for iter = 4 
Unperturbed boundary conditions will be used in the evolution of the perturbation
518307.hakushu-ib

real	4m22.674s
user	0m0.004s
sys	0m0.000s
Rescale bred vector for iter = 4 
518311.hakushu-ib

real	1m22.879s
user	0m0.000s
sys	0m0.008s
Evolve bred vector for iter = 5 
Unperturbed boundary conditions will be used in the evolution of the perturbation
518314.hakushu-ib

real	4m51.260s
user	0m0.008s
sys	0m0.004s
Rescale bred vector for iter = 5 
518317.hakushu-ib

real	1m5.268s
user	0m0.000s
sys	0m0.004s
Las iteraciones de breeding in place son 5
We will perform 5 iteratons in this cycle
Running cycle starting at 20130713053030 
Evolve bred vector for iter = 1 
Unperturbed boundary conditions will be used in the evolution of the perturbation
518319.hakushu-ib

real	4m23.085s
user	0m0.008s
sys	0m0.008s
Rescale bred vector for iter = 1 
518323.hakushu-ib

real	1m27.864s
user	0m0.004s
sys	0m0.008s
Evolve bred vector for iter = 2 
Unperturbed boundary conditions will be used in the evolution of the perturbation
518325.hakushu-ib

real	5m16.484s
user	0m0.008s
sys	0m0.004s
Rescale bred vector for iter = 2 
518330.hakushu-ib

real	1m41.218s
user	0m0.000s
sys	0m0.008s
Evolve bred vector for iter = 3 
Unperturbed boundary conditions will be used in the evolution of the perturbation
518331.hakushu-ib

real	4m50.644s
user	0m0.008s
sys	0m0.004s
Rescale bred vector for iter = 3 
518337.hakushu-ib

real	1m33.918s
user	0m0.000s
sys	0m0.008s
Evolve bred vector for iter = 4 
Unperturbed boundary conditions will be used in the evolution of the perturbation
518338.hakushu-ib

real	3m40.478s
user	0m0.004s
sys	0m0.008s
Rescale bred vector for iter = 4 
518343.hakushu-ib

real	1m38.532s
user	0m0.008s
sys	0m0.004s
Evolve bred vector for iter = 5 
Unperturbed boundary conditions will be used in the evolution of the perturbation
518344.hakushu-ib

real	5m2.532s
user	0m0.008s
sys	0m0.004s
Rescale bred vector for iter = 5 
518349.hakushu-ib

real	1m18.879s
user	0m0.000s
sys	0m0.012s
Las iteraciones de breeding in place son 5
We will perform 5 iteratons in this cycle
Running cycle starting at 20130713053100 
Evolve bred vector for iter = 1 
Unperturbed boundary conditions will be used in the evolution of the perturbation
518350.hakushu-ib

real	4m30.338s
user	0m0.004s
sys	0m0.008s
Rescale bred vector for iter = 1 
518355.hakushu-ib

real	1m20.916s
user	0m0.004s
sys	0m0.004s
Evolve bred vector for iter = 2 
Unperturbed boundary conditions will be used in the evolution of the perturbation
518356.hakushu-ib

real	4m52.459s
user	0m0.000s
sys	0m0.012s
Rescale bred vector for iter = 2 
518361.hakushu-ib

real	1m30.886s
user	0m0.004s
sys	0m0.008s
Evolve bred vector for iter = 3 
Unperturbed boundary conditions will be used in the evolution of the perturbation
518367.hakushu-ib

real	4m35.980s
user	0m0.012s
sys	0m0.000s
Rescale bred vector for iter = 3 
518378.hakushu-ib

real	1m13.279s
user	0m0.000s
sys	0m0.004s
Evolve bred vector for iter = 4 
Unperturbed boundary conditions will be used in the evolution of the perturbation
518380.hakushu-ib

real	4m40.657s
user	0m0.004s
sys	0m0.000s
Rescale bred vector for iter = 4 
518385.hakushu-ib

real	1m4.547s
user	0m0.008s
sys	0m0.000s
Evolve bred vector for iter = 5 
Unperturbed boundary conditions will be used in the evolution of the perturbation
518387.hakushu-ib

real	4m53.972s
user	0m0.008s
sys	0m0.004s
Rescale bred vector for iter = 5 
518392.hakushu-ib

real	1m24.846s
user	0m0.000s
sys	0m0.008s
Las iteraciones de breeding in place son 5
We will perform 5 iteratons in this cycle
Running cycle starting at 20130713053130 
Evolve bred vector for iter = 1 
Unperturbed boundary conditions will be used in the evolution of the perturbation
518394.hakushu-ib

real	4m58.504s
user	0m0.008s
sys	0m0.004s
Rescale bred vector for iter = 1 
518398.hakushu-ib

real	0m55.686s
user	0m0.004s
sys	0m0.004s
Evolve bred vector for iter = 2 
Unperturbed boundary conditions will be used in the evolution of the perturbation
518399.hakushu-ib

real	4m25.903s
user	0m0.008s
sys	0m0.004s
Rescale bred vector for iter = 2 
518403.hakushu-ib

real	1m29.037s
user	0m0.000s
sys	0m0.008s
Evolve bred vector for iter = 3 
Unperturbed boundary conditions will be used in the evolution of the perturbation
518406.hakushu-ib

real	4m49.048s
user	0m0.004s
sys	0m0.008s
Rescale bred vector for iter = 3 
518410.hakushu-ib

real	1m42.426s
user	0m0.004s
sys	0m0.008s
Evolve bred vector for iter = 4 
Unperturbed boundary conditions will be used in the evolution of the perturbation
518412.hakushu-ib

real	5m40.948s
user	0m0.000s
sys	0m0.012s
Rescale bred vector for iter = 4 
518416.hakushu-ib

real	1m24.351s
user	0m0.000s
sys	0m0.004s
Evolve bred vector for iter = 5 
Unperturbed boundary conditions will be used in the evolution of the perturbation
518420.hakushu-ib

real	4m49.230s
user	0m0.008s
sys	0m0.004s
Rescale bred vector for iter = 5 
518424.hakushu-ib

real	1m41.670s
user	0m0.004s
sys	0m0.008s
Las iteraciones de breeding in place son 5
We will perform 5 iteratons in this cycle
Running cycle starting at 20130713053200 
Evolve bred vector for iter = 1 
Unperturbed boundary conditions will be used in the evolution of the perturbation
518426.hakushu-ib

real	4m23.709s
user	0m0.004s
sys	0m0.008s
Rescale bred vector for iter = 1 
518430.hakushu-ib

real	1m11.270s
user	0m0.004s
sys	0m0.004s
Evolve bred vector for iter = 2 
Unperturbed boundary conditions will be used in the evolution of the perturbation
518432.hakushu-ib

real	3m52.904s
user	0m0.000s
sys	0m0.008s
Rescale bred vector for iter = 2 
518440.hakushu-ib

real	1m37.539s
user	0m0.000s
sys	0m0.008s
Evolve bred vector for iter = 3 
Unperturbed boundary conditions will be used in the evolution of the perturbation
518446.hakushu-ib

real	5m10.041s
user	0m0.000s
sys	0m0.008s
Rescale bred vector for iter = 3 
518453.hakushu-ib

real	1m15.125s
user	0m0.004s
sys	0m0.004s
Evolve bred vector for iter = 4 
Unperturbed boundary conditions will be used in the evolution of the perturbation
518455.hakushu-ib

real	3m50.680s
user	0m0.004s
sys	0m0.008s
Rescale bred vector for iter = 4 
518459.hakushu-ib

real	0m54.115s
user	0m0.000s
sys	0m0.004s
Evolve bred vector for iter = 5 
Unperturbed boundary conditions will be used in the evolution of the perturbation
518460.hakushu-ib

real	3m39.536s
user	0m0.000s
sys	0m0.012s
Rescale bred vector for iter = 5 
518465.hakushu-ib

real	0m55.258s
user	0m0.004s
sys	0m0.004s
Las iteraciones de breeding in place son 5
We will perform 5 iteratons in this cycle
Running cycle starting at 20130713053230 
Evolve bred vector for iter = 1 
Unperturbed boundary conditions will be used in the evolution of the perturbation
518466.hakushu-ib

real	3m48.483s
user	0m0.000s
sys	0m0.012s
Rescale bred vector for iter = 1 
518469.hakushu-ib

real	1m8.329s
user	0m0.000s
sys	0m0.008s
Evolve bred vector for iter = 2 
Unperturbed boundary conditions will be used in the evolution of the perturbation
518471.hakushu-ib

real	4m30.561s
user	0m0.000s
sys	0m0.012s
Rescale bred vector for iter = 2 
518476.hakushu-ib

real	1m30.589s
user	0m0.004s
sys	0m0.004s
Evolve bred vector for iter = 3 
Unperturbed boundary conditions will be used in the evolution of the perturbation
518478.hakushu-ib

real	5m10.035s
user	0m0.000s
sys	0m0.008s
Rescale bred vector for iter = 3 
518482.hakushu-ib

real	0m57.963s
user	0m0.004s
sys	0m0.008s
Evolve bred vector for iter = 4 
Unperturbed boundary conditions will be used in the evolution of the perturbation
518483.hakushu-ib

real	5m25.912s
user	0m0.000s
sys	0m0.012s
Rescale bred vector for iter = 4 
518487.hakushu-ib

real	1m32.007s
user	0m0.004s
sys	0m0.000s
Evolve bred vector for iter = 5 
Unperturbed boundary conditions will be used in the evolution of the perturbation
518491.hakushu-ib

real	4m36.413s
user	0m0.004s
sys	0m0.008s
Rescale bred vector for iter = 5 
518494.hakushu-ib

real	1m27.859s
user	0m0.004s
sys	0m0.000s
Las iteraciones de breeding in place son 5
We will perform 5 iteratons in this cycle
Running cycle starting at 20130713053300 
Evolve bred vector for iter = 1 
Unperturbed boundary conditions will be used in the evolution of the perturbation
518496.hakushu-ib

real	4m43.106s
user	0m0.004s
sys	0m0.008s
Rescale bred vector for iter = 1 
518500.hakushu-ib

real	1m8.149s
user	0m0.000s
sys	0m0.012s
Evolve bred vector for iter = 2 
Unperturbed boundary conditions will be used in the evolution of the perturbation
518502.hakushu-ib

real	4m27.525s
user	0m0.008s
sys	0m0.004s
Rescale bred vector for iter = 2 
518507.hakushu-ib

real	1m46.875s
user	0m0.000s
sys	0m0.008s
Evolve bred vector for iter = 3 
Unperturbed boundary conditions will be used in the evolution of the perturbation
518514.hakushu-ib

real	4m42.408s
user	0m0.004s
sys	0m0.004s
Rescale bred vector for iter = 3 
518525.hakushu-ib

real	1m34.309s
user	0m0.004s
sys	0m0.004s
Evolve bred vector for iter = 4 
Unperturbed boundary conditions will be used in the evolution of the perturbation
518526.hakushu-ib

real	4m18.364s
user	0m0.000s
sys	0m0.004s
Rescale bred vector for iter = 4 
518532.hakushu-ib

real	1m32.367s
user	0m0.008s
sys	0m0.004s
Evolve bred vector for iter = 5 
Unperturbed boundary conditions will be used in the evolution of the perturbation
518533.hakushu-ib

real	4m46.864s
user	0m0.000s
sys	0m0.008s
Rescale bred vector for iter = 5 
518538.hakushu-ib

real	1m13.638s
user	0m0.000s
sys	0m0.008s
Las iteraciones de breeding in place son 5
We will perform 5 iteratons in this cycle
Running cycle starting at 20130713053330 
Evolve bred vector for iter = 1 
Unperturbed boundary conditions will be used in the evolution of the perturbation
518539.hakushu-ib

real	5m2.780s
user	0m0.008s
sys	0m0.000s
Rescale bred vector for iter = 1 
518544.hakushu-ib

real	1m38.404s
user	0m0.000s
sys	0m0.012s
Evolve bred vector for iter = 2 
Unperturbed boundary conditions will be used in the evolution of the perturbation
518545.hakushu-ib

real	4m34.955s
user	0m0.004s
sys	0m0.008s
Rescale bred vector for iter = 2 
518550.hakushu-ib

real	1m27.352s
user	0m0.000s
sys	0m0.008s
Evolve bred vector for iter = 3 
Unperturbed boundary conditions will be used in the evolution of the perturbation
518552.hakushu-ib

real	4m24.597s
user	0m0.004s
sys	0m0.008s
Rescale bred vector for iter = 3 
518556.hakushu-ib

real	0m57.012s
user	0m0.004s
sys	0m0.004s
Evolve bred vector for iter = 4 
Unperturbed boundary conditions will be used in the evolution of the perturbation
518557.hakushu-ib

real	4m18.522s
user	0m0.004s
sys	0m0.008s
Rescale bred vector for iter = 4 
518562.hakushu-ib

real	0m57.185s
user	0m0.004s
sys	0m0.004s
Evolve bred vector for iter = 5 
Unperturbed boundary conditions will be used in the evolution of the perturbation
518563.hakushu-ib

real	4m38.406s
user	0m0.004s
sys	0m0.008s
Rescale bred vector for iter = 5 
518567.hakushu-ib

real	1m28.994s
user	0m0.008s
sys	0m0.004s
Las iteraciones de breeding in place son 5
We will perform 5 iteratons in this cycle
Running cycle starting at 20130713053400 
Evolve bred vector for iter = 1 
Unperturbed boundary conditions will be used in the evolution of the perturbation
518569.hakushu-ib

real	5m16.104s
user	0m0.004s
sys	0m0.004s
Rescale bred vector for iter = 1 
518573.hakushu-ib

real	0m55.636s
user	0m0.000s
sys	0m0.008s
Evolve bred vector for iter = 2 
Unperturbed boundary conditions will be used in the evolution of the perturbation
518574.hakushu-ib

real	3m51.376s
user	0m0.000s
sys	0m0.008s
Rescale bred vector for iter = 2 
518578.hakushu-ib

real	0m55.258s
user	0m0.000s
sys	0m0.004s
Evolve bred vector for iter = 3 
Unperturbed boundary conditions will be used in the evolution of the perturbation
518581.hakushu-ib

real	4m0.412s
user	0m0.000s
sys	0m0.004s
Rescale bred vector for iter = 3 
518593.hakushu-ib

real	2m0.027s
user	0m0.008s
sys	0m0.000s
Evolve bred vector for iter = 4 
Unperturbed boundary conditions will be used in the evolution of the perturbation
518597.hakushu-ib

real	4m49.439s
user	0m0.000s
sys	0m0.004s
Rescale bred vector for iter = 4 
518603.hakushu-ib

real	1m41.019s
user	0m0.000s
sys	0m0.004s
Evolve bred vector for iter = 5 
Unperturbed boundary conditions will be used in the evolution of the perturbation
518604.hakushu-ib

real	4m25.758s
user	0m0.008s
sys	0m0.004s
Rescale bred vector for iter = 5 
518609.hakushu-ib

real	1m27.134s
user	0m0.000s
sys	0m0.008s
Las iteraciones de breeding in place son 5
We will perform 5 iteratons in this cycle
Running cycle starting at 20130713053430 
Evolve bred vector for iter = 1 
Unperturbed boundary conditions will be used in the evolution of the perturbation
518611.hakushu-ib

real	4m50.152s
user	0m0.000s
sys	0m0.008s
Rescale bred vector for iter = 1 
518615.hakushu-ib

real	1m28.503s
user	0m0.008s
sys	0m0.004s
Evolve bred vector for iter = 2 
Unperturbed boundary conditions will be used in the evolution of the perturbation
518617.hakushu-ib

real	4m57.072s
user	0m0.004s
sys	0m0.008s
Rescale bred vector for iter = 2 
518621.hakushu-ib

real	1m23.273s
user	0m0.000s
sys	0m0.004s
Evolve bred vector for iter = 3 
Unperturbed boundary conditions will be used in the evolution of the perturbation
518623.hakushu-ib

real	4m2.374s
user	0m0.004s
sys	0m0.008s
Rescale bred vector for iter = 3 
518627.hakushu-ib

real	0m57.512s
user	0m0.012s
sys	0m0.000s
Evolve bred vector for iter = 4 
Unperturbed boundary conditions will be used in the evolution of the perturbation
518628.hakushu-ib

real	4m19.369s
user	0m0.004s
sys	0m0.008s
Rescale bred vector for iter = 4 
518633.hakushu-ib

real	0m57.521s
user	0m0.000s
sys	0m0.008s
Evolve bred vector for iter = 5 
Unperturbed boundary conditions will be used in the evolution of the perturbation
518634.hakushu-ib

real	4m8.547s
user	0m0.008s
sys	0m0.004s
Rescale bred vector for iter = 5 
518639.hakushu-ib

real	0m57.116s
user	0m0.000s
sys	0m0.004s
Las iteraciones de breeding in place son 5
We will perform 5 iteratons in this cycle
Running cycle starting at 20130713053500 
Evolve bred vector for iter = 1 
Unperturbed boundary conditions will be used in the evolution of the perturbation
518640.hakushu-ib

real	4m11.135s
user	0m0.008s
sys	0m0.004s
Rescale bred vector for iter = 1 
518644.hakushu-ib

real	1m33.640s
user	0m0.000s
sys	0m0.004s
Evolve bred vector for iter = 2 
Unperturbed boundary conditions will be used in the evolution of the perturbation
518646.hakushu-ib

real	4m30.514s
user	0m0.004s
sys	0m0.008s
Rescale bred vector for iter = 2 
518650.hakushu-ib

real	1m38.295s
user	0m0.000s
sys	0m0.008s
Evolve bred vector for iter = 3 
Unperturbed boundary conditions will be used in the evolution of the perturbation
518652.hakushu-ib

real	6m30.563s
user	0m0.008s
sys	0m0.004s
Rescale bred vector for iter = 3 
518669.hakushu-ib

real	2m6.019s
user	0m0.004s
sys	0m0.000s
Evolve bred vector for iter = 4 
Unperturbed boundary conditions will be used in the evolution of the perturbation
518670.hakushu-ib

real	3m59.807s
user	0m0.000s
sys	0m0.004s
Rescale bred vector for iter = 4 
518677.hakushu-ib

real	1m50.850s
user	0m0.000s
sys	0m0.004s
Evolve bred vector for iter = 5 
Unperturbed boundary conditions will be used in the evolution of the perturbation
518678.hakushu-ib

real	4m30.322s
user	0m0.004s
sys	0m0.000s
Rescale bred vector for iter = 5 
518683.hakushu-ib

real	1m10.039s
user	0m0.000s
sys	0m0.012s
Las iteraciones de breeding in place son 5
We will perform 5 iteratons in this cycle
Running cycle starting at 20130713053530 
Evolve bred vector for iter = 1 
Unperturbed boundary conditions will be used in the evolution of the perturbation
518684.hakushu-ib

real	4m51.036s
user	0m0.000s
sys	0m0.012s
Rescale bred vector for iter = 1 
518688.hakushu-ib

real	1m4.373s
user	0m0.004s
sys	0m0.000s
Evolve bred vector for iter = 2 
Unperturbed boundary conditions will be used in the evolution of the perturbation
518690.hakushu-ib

real	4m44.684s
user	0m0.000s
sys	0m0.012s
Rescale bred vector for iter = 2 
518694.hakushu-ib

real	1m5.779s
user	0m0.004s
sys	0m0.012s
Evolve bred vector for iter = 3 
Unperturbed boundary conditions will be used in the evolution of the perturbation
518696.hakushu-ib

real	4m45.750s
user	0m0.004s
sys	0m0.008s
Rescale bred vector for iter = 3 
518700.hakushu-ib

real	1m8.111s
user	0m0.004s
sys	0m0.008s
Evolve bred vector for iter = 4 
Unperturbed boundary conditions will be used in the evolution of the perturbation
518703.hakushu-ib

real	4m13.830s
user	0m0.004s
sys	0m0.008s
Rescale bred vector for iter = 4 
518706.hakushu-ib

real	1m21.141s
user	0m0.008s
sys	0m0.004s
Evolve bred vector for iter = 5 
Unperturbed boundary conditions will be used in the evolution of the perturbation
518709.hakushu-ib

real	4m29.624s
user	0m0.008s
sys	0m0.004s
Rescale bred vector for iter = 5 
518712.hakushu-ib

real	1m10.967s
user	0m0.004s
sys	0m0.004s
Las iteraciones de breeding in place son 5
We will perform 5 iteratons in this cycle
Running cycle starting at 20130713053600 
Evolve bred vector for iter = 1 
Unperturbed boundary conditions will be used in the evolution of the perturbation
518714.hakushu-ib

real	4m22.251s
user	0m0.004s
sys	0m0.012s
Rescale bred vector for iter = 1 
518717.hakushu-ib

real	0m57.467s
user	0m0.000s
sys	0m0.004s
Evolve bred vector for iter = 2 
Unperturbed boundary conditions will be used in the evolution of the perturbation
518719.hakushu-ib

real	4m13.379s
user	0m0.004s
sys	0m0.008s
Rescale bred vector for iter = 2 
518723.hakushu-ib

real	1m18.382s
user	0m0.000s
sys	0m0.008s
Evolve bred vector for iter = 3 
Unperturbed boundary conditions will be used in the evolution of the perturbation
518726.hakushu-ib

real	4m24.456s
user	0m0.004s
sys	0m0.008s
Rescale bred vector for iter = 3 
518738.hakushu-ib

real	1m54.308s
user	0m0.008s
sys	0m0.004s
Evolve bred vector for iter = 4 
Unperturbed boundary conditions will be used in the evolution of the perturbation
518743.hakushu-ib

real	4m38.392s
user	0m0.004s
sys	0m0.004s
Rescale bred vector for iter = 4 
518748.hakushu-ib

real	1m37.053s
user	0m0.000s
sys	0m0.008s
Evolve bred vector for iter = 5 
Unperturbed boundary conditions will be used in the evolution of the perturbation
518749.hakushu-ib

real	4m29.108s
user	0m0.000s
sys	0m0.008s
Rescale bred vector for iter = 5 
518754.hakushu-ib

real	1m37.042s
user	0m0.000s
sys	0m0.004s
Las iteraciones de breeding in place son 5
We will perform 5 iteratons in this cycle
Running cycle starting at 20130713053630 
Evolve bred vector for iter = 1 
Unperturbed boundary conditions will be used in the evolution of the perturbation
518755.hakushu-ib

real	5m7.913s
user	0m0.008s
sys	0m0.004s
Rescale bred vector for iter = 1 
518760.hakushu-ib

real	1m21.340s
user	0m0.000s
sys	0m0.004s
Evolve bred vector for iter = 2 
Unperturbed boundary conditions will be used in the evolution of the perturbation
518762.hakushu-ib

real	4m36.911s
user	0m0.004s
sys	0m0.004s
Rescale bred vector for iter = 2 
518766.hakushu-ib

real	0m56.219s
user	0m0.000s
sys	0m0.008s
Evolve bred vector for iter = 3 
Unperturbed boundary conditions will be used in the evolution of the perturbation
518767.hakushu-ib

real	4m25.961s
user	0m0.004s
sys	0m0.004s
Rescale bred vector for iter = 3 
518772.hakushu-ib

real	0m54.513s
user	0m0.000s
sys	0m0.008s
Evolve bred vector for iter = 4 
Unperturbed boundary conditions will be used in the evolution of the perturbation
518773.hakushu-ib

real	4m11.521s
user	0m0.000s
sys	0m0.008s
Rescale bred vector for iter = 4 
518778.hakushu-ib

real	0m55.849s
user	0m0.004s
sys	0m0.004s
Evolve bred vector for iter = 5 
Unperturbed boundary conditions will be used in the evolution of the perturbation
518779.hakushu-ib

real	4m3.847s
user	0m0.000s
sys	0m0.004s
Rescale bred vector for iter = 5 
518783.hakushu-ib

real	1m30.897s
user	0m0.004s
sys	0m0.000s
Las iteraciones de breeding in place son 5
We will perform 5 iteratons in this cycle
Running cycle starting at 20130713053700 
Evolve bred vector for iter = 1 
Unperturbed boundary conditions will be used in the evolution of the perturbation
518786.hakushu-ib

real	3m50.896s
user	0m0.004s
sys	0m0.004s
Rescale bred vector for iter = 1 
518791.hakushu-ib

real	1m19.938s
user	0m0.000s
sys	0m0.004s
Evolve bred vector for iter = 2 
Unperturbed boundary conditions will be used in the evolution of the perturbation
518793.hakushu-ib

real	5m2.727s
user	0m0.004s
sys	0m0.004s
Rescale bred vector for iter = 2 
518799.hakushu-ib

real	0m56.234s
user	0m0.000s
sys	0m0.004s
Evolve bred vector for iter = 3 
Unperturbed boundary conditions will be used in the evolution of the perturbation
518800.hakushu-ib

real	6m0.085s
user	0m0.000s
sys	0m0.012s
Rescale bred vector for iter = 3 
518814.hakushu-ib

real	1m3.163s
user	0m0.000s
sys	0m0.004s
Evolve bred vector for iter = 4 
Unperturbed boundary conditions will be used in the evolution of the perturbation
518819.hakushu-ib

real	4m59.675s
user	0m0.004s
sys	0m0.004s
Rescale bred vector for iter = 4 
518827.hakushu-ib

real	1m39.275s
user	0m0.004s
sys	0m0.000s
Evolve bred vector for iter = 5 
Unperturbed boundary conditions will be used in the evolution of the perturbation
518831.hakushu-ib

real	5m40.829s
user	0m0.000s
sys	0m0.004s
Rescale bred vector for iter = 5 
518837.hakushu-ib

real	1m7.663s
user	0m0.012s
sys	0m0.000s
Las iteraciones de breeding in place son 5
We will perform 5 iteratons in this cycle
Running cycle starting at 20130713053730 
Evolve bred vector for iter = 1 
Unperturbed boundary conditions will be used in the evolution of the perturbation
518840.hakushu-ib

real	4m26.374s
user	0m0.008s
sys	0m0.004s
Rescale bred vector for iter = 1 
518845.hakushu-ib

real	1m5.991s
user	0m0.008s
sys	0m0.004s
Evolve bred vector for iter = 2 
Unperturbed boundary conditions will be used in the evolution of the perturbation
518847.hakushu-ib

real	5m20.089s
user	0m0.004s
sys	0m0.008s
Rescale bred vector for iter = 2 
518853.hakushu-ib

real	0m57.582s
user	0m0.000s
sys	0m0.008s
Evolve bred vector for iter = 3 
Unperturbed boundary conditions will be used in the evolution of the perturbation
518856.hakushu-ib

real	4m50.972s
user	0m0.008s
sys	0m0.004s
Rescale bred vector for iter = 3 
518861.hakushu-ib

real	0m57.674s
user	0m0.000s
sys	0m0.004s
Evolve bred vector for iter = 4 
Unperturbed boundary conditions will be used in the evolution of the perturbation
518864.hakushu-ib

real	5m4.382s
user	0m0.000s
sys	0m0.008s
Rescale bred vector for iter = 4 
518869.hakushu-ib

real	1m7.707s
user	0m0.004s
sys	0m0.004s
Evolve bred vector for iter = 5 
Unperturbed boundary conditions will be used in the evolution of the perturbation
518872.hakushu-ib

real	5m18.801s
user	0m0.004s
sys	0m0.004s
Rescale bred vector for iter = 5 
518878.hakushu-ib

real	0m56.229s
user	0m0.000s
sys	0m0.012s
Las iteraciones de breeding in place son 5
We will perform 5 iteratons in this cycle
Running cycle starting at 20130713053800 
Evolve bred vector for iter = 1 
Unperturbed boundary conditions will be used in the evolution of the perturbation
518879.hakushu-ib

real	5m40.914s
user	0m0.004s
sys	0m0.008s
Rescale bred vector for iter = 1 
518885.hakushu-ib

real	1m8.845s
user	0m0.008s
sys	0m0.004s
Evolve bred vector for iter = 2 
Unperturbed boundary conditions will be used in the evolution of the perturbation
518889.hakushu-ib

real	4m35.736s
user	0m0.004s
sys	0m0.008s
Rescale bred vector for iter = 2 
518895.hakushu-ib

real	1m25.611s
user	0m0.004s
sys	0m0.004s
Evolve bred vector for iter = 3 
Unperturbed boundary conditions will be used in the evolution of the perturbation
518904.hakushu-ib

real	4m54.159s
user	0m0.004s
sys	0m0.000s
Rescale bred vector for iter = 3 
518913.hakushu-ib

real	1m19.120s
user	0m0.004s
sys	0m0.000s
Evolve bred vector for iter = 4 
Unperturbed boundary conditions will be used in the evolution of the perturbation
518915.hakushu-ib

real	5m23.404s
user	0m0.000s
sys	0m0.004s
Rescale bred vector for iter = 4 
518922.hakushu-ib

real	1m18.848s
user	0m0.004s
sys	0m0.004s
Evolve bred vector for iter = 5 
Unperturbed boundary conditions will be used in the evolution of the perturbation
518925.hakushu-ib

real	4m59.656s
user	0m0.000s
sys	0m0.012s
Rescale bred vector for iter = 5 
518932.hakushu-ib

real	0m54.471s
user	0m0.008s
sys	0m0.000s
Las iteraciones de breeding in place son 5
We will perform 5 iteratons in this cycle
Running cycle starting at 20130713053830 
Evolve bred vector for iter = 1 
Unperturbed boundary conditions will be used in the evolution of the perturbation
518933.hakushu-ib

real	5m38.814s
user	0m0.008s
sys	0m0.004s
Rescale bred vector for iter = 1 
518939.hakushu-ib

real	1m14.424s
user	0m0.000s
sys	0m0.008s
Evolve bred vector for iter = 2 
Unperturbed boundary conditions will be used in the evolution of the perturbation
518944.hakushu-ib

real	5m38.182s
user	0m0.004s
sys	0m0.008s
Rescale bred vector for iter = 2 
518948.hakushu-ib

real	1m19.701s
user	0m0.000s
sys	0m0.004s
Evolve bred vector for iter = 3 
Unperturbed boundary conditions will be used in the evolution of the perturbation
518953.hakushu-ib

real	5m18.588s
user	0m0.004s
sys	0m0.012s
Rescale bred vector for iter = 3 
518958.hakushu-ib

real	1m4.130s
user	0m0.000s
sys	0m0.012s
Evolve bred vector for iter = 4 
Unperturbed boundary conditions will be used in the evolution of the perturbation
518961.hakushu-ib

real	4m18.894s
user	0m0.004s
sys	0m0.008s
Rescale bred vector for iter = 4 
518964.hakushu-ib

real	1m1.547s
user	0m0.000s
sys	0m0.008s
Evolve bred vector for iter = 5 
Unperturbed boundary conditions will be used in the evolution of the perturbation
518968.hakushu-ib

real	5m22.401s
user	0m0.008s
sys	0m0.004s
Rescale bred vector for iter = 5 
518973.hakushu-ib

real	1m20.846s
user	0m0.004s
sys	0m0.004s
Las iteraciones de breeding in place son 5
We will perform 5 iteratons in this cycle
Running cycle starting at 20130713053900 
Evolve bred vector for iter = 1 
Unperturbed boundary conditions will be used in the evolution of the perturbation
518976.hakushu-ib

real	5m5.789s
user	0m0.008s
sys	0m0.004s
Rescale bred vector for iter = 1 
518982.hakushu-ib

real	1m0.807s
user	0m0.004s
sys	0m0.012s
Evolve bred vector for iter = 2 
Unperturbed boundary conditions will be used in the evolution of the perturbation
518986.hakushu-ib

real	4m35.243s
user	0m0.000s
sys	0m0.012s
Rescale bred vector for iter = 2 
518999.hakushu-ib

real	1m20.200s
user	0m0.000s
sys	0m0.008s
Evolve bred vector for iter = 3 
Unperturbed boundary conditions will be used in the evolution of the perturbation
519004.hakushu-ib

real	4m39.255s
user	0m0.004s
sys	0m0.000s
Rescale bred vector for iter = 3 
519010.hakushu-ib

real	1m10.454s
user	0m0.004s
sys	0m0.004s
Evolve bred vector for iter = 4 
Unperturbed boundary conditions will be used in the evolution of the perturbation
519012.hakushu-ib

real	4m44.712s
user	0m0.004s
sys	0m0.008s
Rescale bred vector for iter = 4 
519019.hakushu-ib

real	1m5.040s
user	0m0.004s
sys	0m0.008s
Evolve bred vector for iter = 5 
Unperturbed boundary conditions will be used in the evolution of the perturbation
519021.hakushu-ib

real	5m50.406s
user	0m0.004s
sys	0m0.008s
Rescale bred vector for iter = 5 
519029.hakushu-ib

real	1m16.575s
user	0m0.000s
sys	0m0.008s
Las iteraciones de breeding in place son 5
We will perform 5 iteratons in this cycle
Running cycle starting at 20130713053930 
Evolve bred vector for iter = 1 
Unperturbed boundary conditions will be used in the evolution of the perturbation
519032.hakushu-ib

real	3m59.453s
user	0m0.000s
sys	0m0.012s
Rescale bred vector for iter = 1 
519036.hakushu-ib

real	0m5.202s
user	0m0.008s
sys	0m0.000s
Evolve bred vector for iter = 2 
Unperturbed boundary conditions will be used in the evolution of the perturbation
519037.hakushu-ib

real	4m33.159s
user	0m0.004s
sys	0m0.000s
Rescale bred vector for iter = 2 
519044.hakushu-ib

real	0m6.166s
user	0m0.004s
sys	0m0.004s
Evolve bred vector for iter = 3 
Unperturbed boundary conditions will be used in the evolution of the perturbation
519045.hakushu-ib

real	4m35.024s
user	0m0.004s
sys	0m0.008s
Rescale bred vector for iter = 3 
519051.hakushu-ib

real	0m3.925s
user	0m0.000s
sys	0m0.008s
Evolve bred vector for iter = 4 
Unperturbed boundary conditions will be used in the evolution of the perturbation
519052.hakushu-ib

real	5m33.188s
user	0m0.008s
sys	0m0.004s
Rescale bred vector for iter = 4 
519059.hakushu-ib

real	0m10.030s
user	0m0.000s
sys	0m0.012s
Evolve bred vector for iter = 5 
Unperturbed boundary conditions will be used in the evolution of the perturbation
519060.hakushu-ib

real	5m15.075s
user	0m0.008s
sys	0m0.004s
Rescale bred vector for iter = 5 
519065.hakushu-ib

real	0m9.162s
user	0m0.000s
sys	0m0.008s
Las iteraciones de breeding in place son 5
We will perform 1 iteratons in this cycle
Running cycle starting at 20130713054000 
Evolve bred vector for iter = 1 
Unperturbed boundary conditions will be used in the evolution of the perturbation
519066.hakushu-ib

real	5m25.767s
user	0m0.000s
sys	0m0.012s
Rescale bred vector for iter = 1 
519071.hakushu-ib

real	0m8.561s
user	0m0.000s
sys	0m0.004s
NORMAL END
