>>>
>>> STARTING SCALE BREEDING CYCLE FROM  TO 
>>>
Las iteraciones de breeding in place son 1
We will perform 1 iteratons in this cycle
Running cycle starting at 20130713053130 
Evolve bred vector for iter = 1 
Unperturbed boundary conditions will be used in the evolution of the perturbation
517987.hakushu-ib

real	4m26.785s
user	0m0.004s
sys	0m0.004s
Rescale bred vector for iter = 1 
517992.hakushu-ib

real	0m37.289s
user	0m0.004s
sys	0m0.004s
Las iteraciones de breeding in place son 1
We will perform 1 iteratons in this cycle
Running cycle starting at 20130713053200 
Evolve bred vector for iter = 1 
Unperturbed boundary conditions will be used in the evolution of the perturbation
517993.hakushu-ib

real	5m5.531s
user	0m0.008s
sys	0m0.004s
Rescale bred vector for iter = 1 
517998.hakushu-ib

real	0m34.087s
user	0m0.004s
sys	0m0.000s
Las iteraciones de breeding in place son 1
We will perform 1 iteratons in this cycle
Running cycle starting at 20130713053230 
Evolve bred vector for iter = 1 
Unperturbed boundary conditions will be used in the evolution of the perturbation
518001.hakushu-ib

real	5m13.867s
user	0m0.008s
sys	0m0.004s
Rescale bred vector for iter = 1 
518006.hakushu-ib

real	0m34.071s
user	0m0.004s
sys	0m0.004s
Las iteraciones de breeding in place son 1
We will perform 1 iteratons in this cycle
Running cycle starting at 20130713053300 
Evolve bred vector for iter = 1 
Unperturbed boundary conditions will be used in the evolution of the perturbation
518008.hakushu-ib

real	5m46.784s
user	0m0.000s
sys	0m0.012s
Rescale bred vector for iter = 1 
518014.hakushu-ib

real	0m33.977s
user	0m0.000s
sys	0m0.008s
Las iteraciones de breeding in place son 1
We will perform 1 iteratons in this cycle
Running cycle starting at 20130713053330 
Evolve bred vector for iter = 1 
Unperturbed boundary conditions will be used in the evolution of the perturbation
518016.hakushu-ib

real	5m9.525s
user	0m0.004s
sys	0m0.008s
Rescale bred vector for iter = 1 
518022.hakushu-ib

real	0m34.107s
user	0m0.000s
sys	0m0.008s
Las iteraciones de breeding in place son 1
We will perform 1 iteratons in this cycle
Running cycle starting at 20130713053400 
Evolve bred vector for iter = 1 
Unperturbed boundary conditions will be used in the evolution of the perturbation
518024.hakushu-ib

real	3m42.872s
user	0m0.008s
sys	0m0.004s
Rescale bred vector for iter = 1 
518030.hakushu-ib

real	0m32.624s
user	0m0.000s
sys	0m0.008s
Las iteraciones de breeding in place son 1
We will perform 1 iteratons in this cycle
Running cycle starting at 20130713053430 
Evolve bred vector for iter = 1 
Unperturbed boundary conditions will be used in the evolution of the perturbation
518031.hakushu-ib

real	5m0.831s
user	0m0.004s
sys	0m0.004s
Rescale bred vector for iter = 1 
518036.hakushu-ib

real	0m39.428s
user	0m0.004s
sys	0m0.004s
Las iteraciones de breeding in place son 1
We will perform 1 iteratons in this cycle
Running cycle starting at 20130713053500 
Evolve bred vector for iter = 1 
Unperturbed boundary conditions will be used in the evolution of the perturbation
518039.hakushu-ib

real	5m43.929s
user	0m0.004s
sys	0m0.008s
Rescale bred vector for iter = 1 
518044.hakushu-ib

real	0m33.715s
user	0m0.004s
sys	0m0.000s
Las iteraciones de breeding in place son 1
We will perform 1 iteratons in this cycle
Running cycle starting at 20130713053530 
Evolve bred vector for iter = 1 
Unperturbed boundary conditions will be used in the evolution of the perturbation
518046.hakushu-ib

real	5m42.514s
user	0m0.000s
sys	0m0.008s
Rescale bred vector for iter = 1 
518054.hakushu-ib

real	0m39.531s
user	0m0.000s
sys	0m0.008s
Las iteraciones de breeding in place son 1
We will perform 1 iteratons in this cycle
Running cycle starting at 20130713053600 
Evolve bred vector for iter = 1 
Unperturbed boundary conditions will be used in the evolution of the perturbation
518058.hakushu-ib

real	5m39.543s
user	0m0.004s
sys	0m0.004s
Rescale bred vector for iter = 1 
518072.hakushu-ib

real	0m39.227s
user	0m0.000s
sys	0m0.004s
Las iteraciones de breeding in place son 1
We will perform 1 iteratons in this cycle
Running cycle starting at 20130713053630 
Evolve bred vector for iter = 1 
Unperturbed boundary conditions will be used in the evolution of the perturbation
518074.hakushu-ib

real	5m59.310s
user	0m0.004s
sys	0m0.000s
Rescale bred vector for iter = 1 
518081.hakushu-ib

real	0m34.132s
user	0m0.000s
sys	0m0.008s
Las iteraciones de breeding in place son 1
We will perform 1 iteratons in this cycle
Running cycle starting at 20130713053700 
Evolve bred vector for iter = 1 
Unperturbed boundary conditions will be used in the evolution of the perturbation
518083.hakushu-ib

real	5m32.428s
user	0m0.008s
sys	0m0.004s
Rescale bred vector for iter = 1 
518089.hakushu-ib

real	0m34.577s
user	0m0.000s
sys	0m0.008s
Las iteraciones de breeding in place son 1
We will perform 1 iteratons in this cycle
Running cycle starting at 20130713053730 
Evolve bred vector for iter = 1 
Unperturbed boundary conditions will be used in the evolution of the perturbation
518092.hakushu-ib

real	4m32.019s
user	0m0.000s
sys	0m0.012s
Rescale bred vector for iter = 1 
518097.hakushu-ib

real	0m36.513s
user	0m0.000s
sys	0m0.004s
Las iteraciones de breeding in place son 1
We will perform 1 iteratons in this cycle
Running cycle starting at 20130713053800 
Evolve bred vector for iter = 1 
Unperturbed boundary conditions will be used in the evolution of the perturbation
518098.hakushu-ib

real	4m34.285s
user	0m0.008s
sys	0m0.004s
Rescale bred vector for iter = 1 
518105.hakushu-ib

real	0m34.834s
user	0m0.008s
sys	0m0.000s
Las iteraciones de breeding in place son 1
We will perform 1 iteratons in this cycle
Running cycle starting at 20130713053830 
Evolve bred vector for iter = 1 
Unperturbed boundary conditions will be used in the evolution of the perturbation
518106.hakushu-ib

real	5m4.494s
user	0m0.008s
sys	0m0.004s
Rescale bred vector for iter = 1 
518114.hakushu-ib

real	0m40.392s
user	0m0.000s
sys	0m0.008s
Las iteraciones de breeding in place son 1
We will perform 1 iteratons in this cycle
Running cycle starting at 20130713053900 
Evolve bred vector for iter = 1 
Unperturbed boundary conditions will be used in the evolution of the perturbation
518115.hakushu-ib

real	4m8.502s
user	0m0.000s
sys	0m0.008s
Rescale bred vector for iter = 1 
518121.hakushu-ib

real	0m34.243s
user	0m0.004s
sys	0m0.004s
Las iteraciones de breeding in place son 1
We will perform 1 iteratons in this cycle
Running cycle starting at 20130713053930 
Evolve bred vector for iter = 1 
Unperturbed boundary conditions will be used in the evolution of the perturbation
518123.hakushu-ib

real	5m14.413s
user	0m0.004s
sys	0m0.004s
Rescale bred vector for iter = 1 
518129.hakushu-ib

real	0m5.890s
user	0m0.004s
sys	0m0.004s
Las iteraciones de breeding in place son 1
We will perform 1 iteratons in this cycle
Running cycle starting at 20130713054000 
Evolve bred vector for iter = 1 
Unperturbed boundary conditions will be used in the evolution of the perturbation
518130.hakushu-ib

real	4m48.661s
user	0m0.012s
sys	0m0.000s
Rescale bred vector for iter = 1 
518132.hakushu-ib

real	0m7.550s
user	0m0.000s
sys	0m0.004s
mv: cannot move `/home/jruiz/share/scale_breeding/run/../tmp/breeding_osaka_pawr_1km_local_1000m_UVT/out/20130713053130' to `/home/jruiz/share/exp/breeding_osaka_pawr_1km_local_1000m_UVT/20130713053130': File exists
mv: cannot move `/home/jruiz/share/scale_breeding/run/../tmp/breeding_osaka_pawr_1km_local_1000m_UVT/out/latlon' to `/home/jruiz/share/exp/breeding_osaka_pawr_1km_local_1000m_UVT/latlon': File exists
mv: cannot move `/home/jruiz/share/scale_breeding/run/../tmp/breeding_osaka_pawr_1km_local_1000m_UVT/out/logs' to `/home/jruiz/share/exp/breeding_osaka_pawr_1km_local_1000m_UVT/logs': File exists
mv: target `/home/jruiz/share/exp/breeding_osaka_pawr_1km_local_1000m_UVT//logs/scale_pp_20130713053100_0001pp.log' is not a directory
NORMAL END
