>>>
>>> STARTING SCALE BREEDING CYCLE FROM  TO 
>>>
Initialize bred vector 
Unperturbed boundary conditions will be used in the initialization of the perturbation
502488.hakushu-ib

real	0m0.000s
user	0m0.000s
sys	0m0.000s
Las iteraciones de breeding in place son 1
We will perform 1 iteratons in this cycle
Running cycle starting at 20130713051030 
Evolve bred vector for iter = 1 
Unperturbed boundary conditions will be used in the evolution of the perturbation
502490.hakushu-ib

real	2m33.499s
user	0m0.004s
sys	0m0.008s
Rescale bred vector for iter = 1 
502492.hakushu-ib

real	0m37.512s
user	0m0.004s
sys	0m0.000s
Las iteraciones de breeding in place son 1
We will perform 1 iteratons in this cycle
Running cycle starting at 20130713051100 
Evolve bred vector for iter = 1 
Unperturbed boundary conditions will be used in the evolution of the perturbation
502494.hakushu-ib

real	2m45.115s
user	0m0.000s
sys	0m0.012s
Rescale bred vector for iter = 1 
502496.hakushu-ib

real	0m38.075s
user	0m0.004s
sys	0m0.004s
Las iteraciones de breeding in place son 1
We will perform 1 iteratons in this cycle
Running cycle starting at 20130713051130 
Evolve bred vector for iter = 1 
Unperturbed boundary conditions will be used in the evolution of the perturbation
502498.hakushu-ib

real	2m54.362s
user	0m0.004s
sys	0m0.008s
Rescale bred vector for iter = 1 
502500.hakushu-ib

real	0m37.827s
user	0m0.000s
sys	0m0.004s
Las iteraciones de breeding in place son 1
We will perform 1 iteratons in this cycle
Running cycle starting at 20130713051200 
Evolve bred vector for iter = 1 
Unperturbed boundary conditions will be used in the evolution of the perturbation
502501.hakushu-ib

real	3m8.977s
user	0m0.000s
sys	0m0.012s
Rescale bred vector for iter = 1 
502503.hakushu-ib

real	0m35.025s
user	0m0.000s
sys	0m0.008s
Las iteraciones de breeding in place son 1
We will perform 1 iteratons in this cycle
Running cycle starting at 20130713051230 
Evolve bred vector for iter = 1 
Unperturbed boundary conditions will be used in the evolution of the perturbation
502504.hakushu-ib

real	4m8.022s
user	0m0.004s
sys	0m0.012s
Rescale bred vector for iter = 1 
502507.hakushu-ib

real	0m35.396s
user	0m0.000s
sys	0m0.004s
Las iteraciones de breeding in place son 1
We will perform 1 iteratons in this cycle
Running cycle starting at 20130713051300 
Evolve bred vector for iter = 1 
Unperturbed boundary conditions will be used in the evolution of the perturbation
502508.hakushu-ib

real	5m9.427s
user	0m0.004s
sys	0m0.008s
Rescale bred vector for iter = 1 
502511.hakushu-ib

real	0m37.667s
user	0m0.004s
sys	0m0.004s
Las iteraciones de breeding in place son 1
We will perform 1 iteratons in this cycle
Running cycle starting at 20130713051330 
Evolve bred vector for iter = 1 
Unperturbed boundary conditions will be used in the evolution of the perturbation
502512.hakushu-ib

real	4m6.951s
user	0m0.000s
sys	0m0.004s
Rescale bred vector for iter = 1 
502515.hakushu-ib

real	0m36.525s
user	0m0.004s
sys	0m0.004s
Las iteraciones de breeding in place son 1
We will perform 1 iteratons in this cycle
Running cycle starting at 20130713051400 
Evolve bred vector for iter = 1 
Unperturbed boundary conditions will be used in the evolution of the perturbation
502516.hakushu-ib

real	4m20.845s
user	0m0.000s
sys	0m0.008s
Rescale bred vector for iter = 1 
502519.hakushu-ib

real	0m37.287s
user	0m0.004s
sys	0m0.008s
Las iteraciones de breeding in place son 1
We will perform 1 iteratons in this cycle
Running cycle starting at 20130713051430 
Evolve bred vector for iter = 1 
Unperturbed boundary conditions will be used in the evolution of the perturbation
502520.hakushu-ib

real	4m23.561s
user	0m0.004s
sys	0m0.008s
Rescale bred vector for iter = 1 
502522.hakushu-ib

real	0m36.354s
user	0m0.000s
sys	0m0.008s
Las iteraciones de breeding in place son 1
We will perform 1 iteratons in this cycle
Running cycle starting at 20130713051500 
Evolve bred vector for iter = 1 
Unperturbed boundary conditions will be used in the evolution of the perturbation
502523.hakushu-ib

real	4m7.076s
user	0m0.000s
sys	0m0.012s
Rescale bred vector for iter = 1 
502532.hakushu-ib

real	0m50.633s
user	0m0.000s
sys	0m0.008s
Las iteraciones de breeding in place son 1
We will perform 1 iteratons in this cycle
Running cycle starting at 20130713051530 
Evolve bred vector for iter = 1 
Unperturbed boundary conditions will be used in the evolution of the perturbation
502535.hakushu-ib

real	5m37.749s
user	0m0.004s
sys	0m0.004s
Rescale bred vector for iter = 1 
502543.hakushu-ib

real	0m39.136s
user	0m0.004s
sys	0m0.004s
Las iteraciones de breeding in place son 1
We will perform 1 iteratons in this cycle
Running cycle starting at 20130713051600 
Evolve bred vector for iter = 1 
Unperturbed boundary conditions will be used in the evolution of the perturbation
502544.hakushu-ib

real	2m29.557s
user	0m0.004s
sys	0m0.000s
Rescale bred vector for iter = 1 
502546.hakushu-ib

real	0m36.724s
user	0m0.000s
sys	0m0.004s
Las iteraciones de breeding in place son 1
We will perform 1 iteratons in this cycle
Running cycle starting at 20130713051630 
Evolve bred vector for iter = 1 
Unperturbed boundary conditions will be used in the evolution of the perturbation
502549.hakushu-ib

real	2m32.926s
user	0m0.000s
sys	0m0.012s
Rescale bred vector for iter = 1 
502551.hakushu-ib

real	0m37.255s
user	0m0.000s
sys	0m0.004s
Las iteraciones de breeding in place son 1
We will perform 1 iteratons in this cycle
Running cycle starting at 20130713051700 
Evolve bred vector for iter = 1 
Unperturbed boundary conditions will be used in the evolution of the perturbation
502552.hakushu-ib

real	4m51.760s
user	0m0.008s
sys	0m0.000s
Rescale bred vector for iter = 1 
502559.hakushu-ib

real	0m37.827s
user	0m0.008s
sys	0m0.000s
Las iteraciones de breeding in place son 1
We will perform 1 iteratons in this cycle
Running cycle starting at 20130713051730 
Evolve bred vector for iter = 1 
Unperturbed boundary conditions will be used in the evolution of the perturbation
502560.hakushu-ib

real	4m32.131s
user	0m0.008s
sys	0m0.004s
Rescale bred vector for iter = 1 
502563.hakushu-ib

real	0m37.424s
user	0m0.000s
sys	0m0.008s
Las iteraciones de breeding in place son 1
We will perform 1 iteratons in this cycle
Running cycle starting at 20130713051800 
Evolve bred vector for iter = 1 
Unperturbed boundary conditions will be used in the evolution of the perturbation
502564.hakushu-ib

real	4m14.067s
user	0m0.008s
sys	0m0.004s
Rescale bred vector for iter = 1 
502567.hakushu-ib

real	0m36.958s
user	0m0.000s
sys	0m0.008s
Las iteraciones de breeding in place son 1
We will perform 1 iteratons in this cycle
Running cycle starting at 20130713051830 
Evolve bred vector for iter = 1 
Unperturbed boundary conditions will be used in the evolution of the perturbation
502568.hakushu-ib

real	3m50.073s
user	0m0.008s
sys	0m0.004s
Rescale bred vector for iter = 1 
502571.hakushu-ib

real	0m37.489s
user	0m0.000s
sys	0m0.008s
Las iteraciones de breeding in place son 1
We will perform 1 iteratons in this cycle
Running cycle starting at 20130713051900 
Evolve bred vector for iter = 1 
Unperturbed boundary conditions will be used in the evolution of the perturbation
502572.hakushu-ib

real	4m10.573s
user	0m0.008s
sys	0m0.004s
Rescale bred vector for iter = 1 
502575.hakushu-ib

real	0m36.824s
user	0m0.000s
sys	0m0.008s
Las iteraciones de breeding in place son 1
We will perform 1 iteratons in this cycle
Running cycle starting at 20130713051930 
Evolve bred vector for iter = 1 
Unperturbed boundary conditions will be used in the evolution of the perturbation
502576.hakushu-ib

real	4m40.063s
user	0m0.004s
sys	0m0.008s
Rescale bred vector for iter = 1 
502579.hakushu-ib

real	0m36.974s
user	0m0.004s
sys	0m0.000s
Las iteraciones de breeding in place son 1
We will perform 1 iteratons in this cycle
Running cycle starting at 20130713052000 
Evolve bred vector for iter = 1 
Unperturbed boundary conditions will be used in the evolution of the perturbation
502580.hakushu-ib

real	3m53.062s
user	0m0.004s
sys	0m0.008s
Rescale bred vector for iter = 1 
502583.hakushu-ib

real	0m35.613s
user	0m0.000s
sys	0m0.008s
Las iteraciones de breeding in place son 1
We will perform 1 iteratons in this cycle
Running cycle starting at 20130713052030 
Evolve bred vector for iter = 1 
Unperturbed boundary conditions will be used in the evolution of the perturbation
502584.hakushu-ib

real	4m15.194s
user	0m0.000s
sys	0m0.004s
Rescale bred vector for iter = 1 
502587.hakushu-ib

real	0m36.134s
user	0m0.000s
sys	0m0.004s
Las iteraciones de breeding in place son 1
We will perform 1 iteratons in this cycle
Running cycle starting at 20130713052100 
Evolve bred vector for iter = 1 
Unperturbed boundary conditions will be used in the evolution of the perturbation
502588.hakushu-ib

real	4m4.449s
user	0m0.000s
sys	0m0.012s
Rescale bred vector for iter = 1 
502593.hakushu-ib

real	1m26.128s
user	0m0.000s
sys	0m0.008s
Las iteraciones de breeding in place son 1
We will perform 1 iteratons in this cycle
Running cycle starting at 20130713052130 
Evolve bred vector for iter = 1 
Unperturbed boundary conditions will be used in the evolution of the perturbation
qsub: 502597.hakushu-ib Job to be deleted at request of jruiz@hakushu-ib
502597.hakushu-ib
