>>>
>>> INITIALIZING WORK DIRECTORY AND OUTPUT DIRECTORY
>>>
This is a new experiment -> Building output directory from scracth
/home/jruiz/data//EXPERIMENTS/ANALYSIS_CORDOBA_2K_control60m_radarra09//log1.log
>>>
>>> INITIALIZING WORK DIRECTORY AND OUTPUT DIRECTORY
>>>
This is a new experiment -> Building output directory from scracth
>>>
>>> INITIALIZING WORK DIRECTORY AND OUTPUT DIRECTORY
>>>
This is a new experiment -> Building output directory from scracth
>>>
>>> INITIALIZING WORK DIRECTORY AND OUTPUT DIRECTORY
>>>
[Error] /home/jruiz/data//EXPERIMENTS/FORECAST_CORDOBA_2K_cordoba_naturerun/ exists: Please remove it manually to avoid data loss
>>>
>>> INITIALIZING WORK DIRECTORY AND OUTPUT DIRECTORY
>>>
This is a new experiment -> Building output directory from scracth
